BUFGs      : 1
/testbench_mnist_fcnn_fi/unit_under_test_inst/Argmax_1/I_clk_IBUF_BUFG_inst (BUFG)


CARRY4s      : 9
/testbench_mnist_fcnn_fi/unit_under_test_inst/Argmax_1/\Arg_el_4_1/max_I1_carry\ (carry4)
/testbench_mnist_fcnn_fi/unit_under_test_inst/Argmax_1/\Arg_el_3_1/max_I1_carry\ (carry4)
/testbench_mnist_fcnn_fi/unit_under_test_inst/Argmax_1/\Arg_el_2_2/max_I1_carry\ (carry4)
/testbench_mnist_fcnn_fi/unit_under_test_inst/Argmax_1/\Arg_el_2_1/max_I1_carry\ (carry4)
/testbench_mnist_fcnn_fi/unit_under_test_inst/Argmax_1/\Arg_el_1_5/max_I1_carry\ (carry4)
/testbench_mnist_fcnn_fi/unit_under_test_inst/Argmax_1/\Arg_el_1_4/max_I1_carry\ (carry4)
/testbench_mnist_fcnn_fi/unit_under_test_inst/Argmax_1/\Arg_el_1_3/max_I1_carry\ (carry4)
/testbench_mnist_fcnn_fi/unit_under_test_inst/Argmax_1/\Arg_el_1_2/max_I1_carry\ (carry4)
/testbench_mnist_fcnn_fi/unit_under_test_inst/Argmax_1/\Arg_el_1_1/max_I1_carry\ (carry4)


FDCEs      : 88
/testbench_mnist_fcnn_fi/unit_under_test_inst/Argmax_1/\Arg_el_1_4/Reg_P/O_value_reg[4]\ (FDCE)
/testbench_mnist_fcnn_fi/unit_under_test_inst/Argmax_1/\Arg_el_1_3/Reg_P/O_value_reg[2]\ (FDCE)
/testbench_mnist_fcnn_fi/unit_under_test_inst/Argmax_1/\Arg_el_2_2/Reg_I/O_value_reg[2]\ (FDCE)
/testbench_mnist_fcnn_fi/unit_under_test_inst/Argmax_1/\Arg_el_2_1/O_done_reg\ (FDCE)
/testbench_mnist_fcnn_fi/unit_under_test_inst/Argmax_1/\Arg_el_1_2/Reg_P/O_value_reg[7]\ (FDCE)
/testbench_mnist_fcnn_fi/unit_under_test_inst/Argmax_1/\Arg_el_1_2/Reg_P/O_value_reg[0]\ (FDCE)
/testbench_mnist_fcnn_fi/unit_under_test_inst/Argmax_1/\Arg_el_2_1/Reg_I/O_value_reg[0]\ (FDCE)
/testbench_mnist_fcnn_fi/unit_under_test_inst/Argmax_1/\Arg_el_1_4/Reg_I/O_value_reg[0]\ (FDCE)
/testbench_mnist_fcnn_fi/unit_under_test_inst/Argmax_1/\Arg_el_1_1/Reg_P/O_value_reg[5]\ (FDCE)
/testbench_mnist_fcnn_fi/unit_under_test_inst/Argmax_1/\Arg_el_4_1/Reg_I/O_value_reg[2]\ (FDCE)
/testbench_mnist_fcnn_fi/unit_under_test_inst/Argmax_1/\Arg_el_3_1/Reg_P/O_value_reg[7]\ (FDCE)
/testbench_mnist_fcnn_fi/unit_under_test_inst/Argmax_1/\Arg_el_3_1/Reg_P/O_value_reg[0]\ (FDCE)
/testbench_mnist_fcnn_fi/unit_under_test_inst/Argmax_1/\Arg_el_2_2/Reg_P/O_value_reg[3]\ (FDCE)
/testbench_mnist_fcnn_fi/unit_under_test_inst/Argmax_1/\Arg_el_3_1/Reg_I/O_value_reg[3]\ (FDCE)
/testbench_mnist_fcnn_fi/unit_under_test_inst/Argmax_1/\Arg_el_1_5/Reg_P/O_value_reg[3]\ (FDCE)
/testbench_mnist_fcnn_fi/unit_under_test_inst/Argmax_1/\Arg_el_2_1/Reg_P/O_value_reg[1]\ (FDCE)
/testbench_mnist_fcnn_fi/unit_under_test_inst/Argmax_1/\Arg_el_1_4/Reg_P/O_value_reg[1]\ (FDCE)
/testbench_mnist_fcnn_fi/unit_under_test_inst/Argmax_1/\Arg_el_1_3/Reg_P/O_value_reg[6]\ (FDCE)
/testbench_mnist_fcnn_fi/unit_under_test_inst/Argmax_1/\Arg_el_1_2/Reg_P/O_value_reg[4]\ (FDCE)
/testbench_mnist_fcnn_fi/unit_under_test_inst/Argmax_1/\Arg_el_3_1/O_done_reg\ (FDCE)
/testbench_mnist_fcnn_fi/unit_under_test_inst/Argmax_1/\Arg_el_1_1/Reg_P/O_value_reg[2]\ (FDCE)
/testbench_mnist_fcnn_fi/unit_under_test_inst/Argmax_1/\Arg_el_3_1/Reg_P/O_value_reg[4]\ (FDCE)
/testbench_mnist_fcnn_fi/unit_under_test_inst/Argmax_1/\Arg_el_1_2/Reg_I/O_value_reg[0]\ (FDCE)
/testbench_mnist_fcnn_fi/unit_under_test_inst/Argmax_1/\Arg_el_2_2/Reg_P/O_value_reg[7]\ (FDCE)
/testbench_mnist_fcnn_fi/unit_under_test_inst/Argmax_1/\Arg_el_2_2/Reg_P/O_value_reg[0]\ (FDCE)
/testbench_mnist_fcnn_fi/unit_under_test_inst/Argmax_1/\Arg_el_3_1/Reg_I/O_value_reg[0]\ (FDCE)
/testbench_mnist_fcnn_fi/unit_under_test_inst/Argmax_1/\Arg_el_1_5/Reg_P/O_value_reg[7]\ (FDCE)
/testbench_mnist_fcnn_fi/unit_under_test_inst/Argmax_1/\Arg_el_1_5/Reg_P/O_value_reg[0]\ (FDCE)
/testbench_mnist_fcnn_fi/unit_under_test_inst/Argmax_1/\Arg_el_2_1/Reg_P/O_value_reg[5]\ (FDCE)
/testbench_mnist_fcnn_fi/unit_under_test_inst/Argmax_1/\Arg_el_1_4/Reg_P/O_value_reg[5]\ (FDCE)
/testbench_mnist_fcnn_fi/unit_under_test_inst/Argmax_1/\Arg_el_1_3/Reg_P/O_value_reg[3]\ (FDCE)
/testbench_mnist_fcnn_fi/unit_under_test_inst/Argmax_1/\Arg_el_1_5/Reg_I/O_value_reg[3]\ (FDCE)
/testbench_mnist_fcnn_fi/unit_under_test_inst/Argmax_1/\Arg_el_1_2/Reg_P/O_value_reg[1]\ (FDCE)
/testbench_mnist_fcnn_fi/unit_under_test_inst/Argmax_1/\Arg_el_2_1/Reg_I/O_value_reg[1]\ (FDCE)
/testbench_mnist_fcnn_fi/unit_under_test_inst/Argmax_1/\Arg_el_1_1/Reg_P/O_value_reg[6]\ (FDCE)
/testbench_mnist_fcnn_fi/unit_under_test_inst/Argmax_1/\Arg_el_4_1/Reg_I/O_value_reg[3]\ (FDCE)
/testbench_mnist_fcnn_fi/unit_under_test_inst/Argmax_1/\Arg_el_4_1/O_done_reg\ (FDCE)
/testbench_mnist_fcnn_fi/unit_under_test_inst/Argmax_1/\Arg_el_3_1/Reg_P/O_value_reg[1]\ (FDCE)
/testbench_mnist_fcnn_fi/unit_under_test_inst/Argmax_1/\Arg_el_2_2/O_done_reg\ (FDCE)
/testbench_mnist_fcnn_fi/unit_under_test_inst/Argmax_1/\Arg_el_2_2/Reg_P/O_value_reg[4]\ (FDCE)
/testbench_mnist_fcnn_fi/unit_under_test_inst/Argmax_1/\Arg_el_1_5/Reg_P/O_value_reg[4]\ (FDCE)
/testbench_mnist_fcnn_fi/unit_under_test_inst/Argmax_1/\Arg_el_2_1/Reg_P/O_value_reg[2]\ (FDCE)
/testbench_mnist_fcnn_fi/unit_under_test_inst/Argmax_1/\Arg_el_1_4/Reg_P/O_value_reg[2]\ (FDCE)
/testbench_mnist_fcnn_fi/unit_under_test_inst/Argmax_1/\Arg_el_1_3/Reg_P/O_value_reg[7]\ (FDCE)
/testbench_mnist_fcnn_fi/unit_under_test_inst/Argmax_1/\Arg_el_1_3/Reg_P/O_value_reg[0]\ (FDCE)
/testbench_mnist_fcnn_fi/unit_under_test_inst/Argmax_1/\Arg_el_2_2/Reg_I/O_value_reg[0]\ (FDCE)
/testbench_mnist_fcnn_fi/unit_under_test_inst/Argmax_1/\Arg_el_1_5/Reg_I/O_value_reg[0]\ (FDCE)
/testbench_mnist_fcnn_fi/unit_under_test_inst/Argmax_1/\Arg_el_1_2/Reg_P/O_value_reg[5]\ (FDCE)
/testbench_mnist_fcnn_fi/unit_under_test_inst/Argmax_1/\Arg_el_1_1/Reg_P/O_value_reg[3]\ (FDCE)
/testbench_mnist_fcnn_fi/unit_under_test_inst/Argmax_1/\Arg_el_4_1/Reg_I/O_value_reg[0]\ (FDCE)
/testbench_mnist_fcnn_fi/unit_under_test_inst/Argmax_1/\Arg_el_3_1/Reg_P/O_value_reg[5]\ (FDCE)
/testbench_mnist_fcnn_fi/unit_under_test_inst/Argmax_1/\Arg_el_2_2/Reg_P/O_value_reg[1]\ (FDCE)
/testbench_mnist_fcnn_fi/unit_under_test_inst/Argmax_1/\Arg_el_3_1/Reg_I/O_value_reg[1]\ (FDCE)
/testbench_mnist_fcnn_fi/unit_under_test_inst/Argmax_1/\Arg_el_1_5/Reg_P/O_value_reg[1]\ (FDCE)
/testbench_mnist_fcnn_fi/unit_under_test_inst/Argmax_1/\Arg_el_2_1/Reg_P/O_value_reg[6]\ (FDCE)
/testbench_mnist_fcnn_fi/unit_under_test_inst/Argmax_1/\Arg_el_1_4/Reg_P/O_value_reg[6]\ (FDCE)
/testbench_mnist_fcnn_fi/unit_under_test_inst/Argmax_1/\Arg_el_1_3/Reg_P/O_value_reg[4]\ (FDCE)
/testbench_mnist_fcnn_fi/unit_under_test_inst/Argmax_1/\Arg_el_1_2/Reg_P/O_value_reg[2]\ (FDCE)
/testbench_mnist_fcnn_fi/unit_under_test_inst/Argmax_1/\Arg_el_1_1/Reg_P/O_value_reg[7]\ (FDCE)
/testbench_mnist_fcnn_fi/unit_under_test_inst/Argmax_1/\Arg_el_1_1/Reg_P/O_value_reg[0]\ (FDCE)
/testbench_mnist_fcnn_fi/unit_under_test_inst/Argmax_1/\Arg_el_1_3/Reg_I/O_value_reg[0]\ (FDCE)
/testbench_mnist_fcnn_fi/unit_under_test_inst/Argmax_1/\Arg_el_3_1/Reg_P/O_value_reg[2]\ (FDCE)
/testbench_mnist_fcnn_fi/unit_under_test_inst/Argmax_1/\Arg_el_2_2/Reg_P/O_value_reg[5]\ (FDCE)
/testbench_mnist_fcnn_fi/unit_under_test_inst/Argmax_1/\Arg_el_1_5/Reg_P/O_value_reg[5]\ (FDCE)
/testbench_mnist_fcnn_fi/unit_under_test_inst/Argmax_1/\Arg_el_2_1/Reg_P/O_value_reg[3]\ (FDCE)
/testbench_mnist_fcnn_fi/unit_under_test_inst/Argmax_1/\Arg_el_1_4/Reg_P/O_value_reg[3]\ (FDCE)
/testbench_mnist_fcnn_fi/unit_under_test_inst/Argmax_1/\Arg_el_1_3/Reg_P/O_value_reg[1]\ (FDCE)
/testbench_mnist_fcnn_fi/unit_under_test_inst/Argmax_1/\Arg_el_2_2/Reg_I/O_value_reg[1]\ (FDCE)
/testbench_mnist_fcnn_fi/unit_under_test_inst/Argmax_1/\Arg_el_1_2/Reg_P/O_value_reg[6]\ (FDCE)
/testbench_mnist_fcnn_fi/unit_under_test_inst/Argmax_1/\Arg_el_1_1/Reg_P/O_value_reg[4]\ (FDCE)
/testbench_mnist_fcnn_fi/unit_under_test_inst/Argmax_1/\Arg_el_4_1/Reg_I/O_value_reg[1]\ (FDCE)
/testbench_mnist_fcnn_fi/unit_under_test_inst/Argmax_1/\Arg_el_3_1/Reg_P/O_value_reg[6]\ (FDCE)
/testbench_mnist_fcnn_fi/unit_under_test_inst/Argmax_1/\Arg_el_1_1/Reg_I/O_value_reg[0]\ (FDCE)
/testbench_mnist_fcnn_fi/unit_under_test_inst/Argmax_1/\Arg_el_2_2/Reg_P/O_value_reg[2]\ (FDCE)
/testbench_mnist_fcnn_fi/unit_under_test_inst/Argmax_1/\Arg_el_3_1/Reg_I/O_value_reg[2]\ (FDCE)
/testbench_mnist_fcnn_fi/unit_under_test_inst/Argmax_1/\Arg_el_1_5/Reg_P/O_value_reg[2]\ (FDCE)
/testbench_mnist_fcnn_fi/unit_under_test_inst/Argmax_1/\Arg_el_2_1/Reg_P/O_value_reg[7]\ (FDCE)
/testbench_mnist_fcnn_fi/unit_under_test_inst/Argmax_1/\Arg_el_2_1/Reg_P/O_value_reg[0]\ (FDCE)
/testbench_mnist_fcnn_fi/unit_under_test_inst/Argmax_1/\Arg_el_1_4/Reg_P/O_value_reg[7]\ (FDCE)
/testbench_mnist_fcnn_fi/unit_under_test_inst/Argmax_1/\Arg_el_1_4/Reg_P/O_value_reg[0]\ (FDCE)
/testbench_mnist_fcnn_fi/unit_under_test_inst/Argmax_1/\Arg_el_1_1/O_done_reg\ (FDCE)
/testbench_mnist_fcnn_fi/unit_under_test_inst/Argmax_1/\Arg_el_1_3/Reg_P/O_value_reg[5]\ (FDCE)
/testbench_mnist_fcnn_fi/unit_under_test_inst/Argmax_1/\Arg_el_1_2/Reg_P/O_value_reg[3]\ (FDCE)
/testbench_mnist_fcnn_fi/unit_under_test_inst/Argmax_1/\Arg_el_1_1/Reg_P/O_value_reg[1]\ (FDCE)
/testbench_mnist_fcnn_fi/unit_under_test_inst/Argmax_1/\Arg_el_3_1/Reg_P/O_value_reg[3]\ (FDCE)
/testbench_mnist_fcnn_fi/unit_under_test_inst/Argmax_1/\Arg_el_2_2/Reg_P/O_value_reg[6]\ (FDCE)
/testbench_mnist_fcnn_fi/unit_under_test_inst/Argmax_1/\Arg_el_1_5/Reg_P/O_value_reg[6]\ (FDCE)
/testbench_mnist_fcnn_fi/unit_under_test_inst/Argmax_1/\Arg_el_2_1/Reg_P/O_value_reg[4]\ (FDCE)


IBUFs      : 83
/testbench_mnist_fcnn_fi/unit_under_test_inst/Argmax_1/\I_P9_IBUF[5]_inst\ (ibuf)
/testbench_mnist_fcnn_fi/unit_under_test_inst/Argmax_1/\I_P4_IBUF[4]_inst\ (ibuf)
/testbench_mnist_fcnn_fi/unit_under_test_inst/Argmax_1/\I_P8_IBUF[6]_inst\ (ibuf)
/testbench_mnist_fcnn_fi/unit_under_test_inst/Argmax_1/\I_P3_IBUF[5]_inst\ (ibuf)
/testbench_mnist_fcnn_fi/unit_under_test_inst/Argmax_1/\I_P9_IBUF[0]_inst\ (ibuf)
/testbench_mnist_fcnn_fi/unit_under_test_inst/Argmax_1/\I_P7_IBUF[7]_inst\ (ibuf)
/testbench_mnist_fcnn_fi/unit_under_test_inst/Argmax_1/\I_P2_IBUF[6]_inst\ (ibuf)
/testbench_mnist_fcnn_fi/unit_under_test_inst/Argmax_1/\I_P8_IBUF[1]_inst\ (ibuf)
/testbench_mnist_fcnn_fi/unit_under_test_inst/Argmax_1/\I_P3_IBUF[0]_inst\ (ibuf)
/testbench_mnist_fcnn_fi/unit_under_test_inst/Argmax_1/\I_P10_IBUF[5]_inst\ (ibuf)
/testbench_mnist_fcnn_fi/unit_under_test_inst/Argmax_1/\I_P1_IBUF[7]_inst\ (ibuf)
/testbench_mnist_fcnn_fi/unit_under_test_inst/Argmax_1/\I_P7_IBUF[2]_inst\ (ibuf)
/testbench_mnist_fcnn_fi/unit_under_test_inst/Argmax_1/\I_P2_IBUF[1]_inst\ (ibuf)
/testbench_mnist_fcnn_fi/unit_under_test_inst/Argmax_1/\I_P6_IBUF[3]_inst\ (ibuf)
/testbench_mnist_fcnn_fi/unit_under_test_inst/Argmax_1/\I_P10_IBUF[0]_inst\ (ibuf)
/testbench_mnist_fcnn_fi/unit_under_test_inst/Argmax_1/\I_P1_IBUF[2]_inst\ (ibuf)
/testbench_mnist_fcnn_fi/unit_under_test_inst/Argmax_1/\I_P5_IBUF[4]_inst\ (ibuf)
/testbench_mnist_fcnn_fi/unit_under_test_inst/Argmax_1/\I_P9_IBUF[6]_inst\ (ibuf)
/testbench_mnist_fcnn_fi/unit_under_test_inst/Argmax_1/\I_P4_IBUF[5]_inst\ (ibuf)
/testbench_mnist_fcnn_fi/unit_under_test_inst/Argmax_1/\I_P8_IBUF[7]_inst\ (ibuf)
/testbench_mnist_fcnn_fi/unit_under_test_inst/Argmax_1/\I_P3_IBUF[6]_inst\ (ibuf)
/testbench_mnist_fcnn_fi/unit_under_test_inst/Argmax_1/\I_P9_IBUF[1]_inst\ (ibuf)
/testbench_mnist_fcnn_fi/unit_under_test_inst/Argmax_1/\I_P4_IBUF[0]_inst\ (ibuf)
/testbench_mnist_fcnn_fi/unit_under_test_inst/Argmax_1/\I_P2_IBUF[7]_inst\ (ibuf)
/testbench_mnist_fcnn_fi/unit_under_test_inst/Argmax_1/\I_P8_IBUF[2]_inst\ (ibuf)
/testbench_mnist_fcnn_fi/unit_under_test_inst/Argmax_1/\I_P3_IBUF[1]_inst\ (ibuf)
/testbench_mnist_fcnn_fi/unit_under_test_inst/Argmax_1/\I_P10_IBUF[6]_inst\ (ibuf)
/testbench_mnist_fcnn_fi/unit_under_test_inst/Argmax_1/\I_P7_IBUF[3]_inst\ (ibuf)
/testbench_mnist_fcnn_fi/unit_under_test_inst/Argmax_1/\I_P2_IBUF[2]_inst\ (ibuf)
/testbench_mnist_fcnn_fi/unit_under_test_inst/Argmax_1/\I_P6_IBUF[4]_inst\ (ibuf)
/testbench_mnist_fcnn_fi/unit_under_test_inst/Argmax_1/\I_P10_IBUF[1]_inst\ (ibuf)
/testbench_mnist_fcnn_fi/unit_under_test_inst/Argmax_1/\I_P1_IBUF[3]_inst\ (ibuf)
/testbench_mnist_fcnn_fi/unit_under_test_inst/Argmax_1/\I_P5_IBUF[5]_inst\ (ibuf)
/testbench_mnist_fcnn_fi/unit_under_test_inst/Argmax_1/\I_P9_IBUF[7]_inst\ (ibuf)
/testbench_mnist_fcnn_fi/unit_under_test_inst/Argmax_1/\I_P4_IBUF[6]_inst\ (ibuf)
/testbench_mnist_fcnn_fi/unit_under_test_inst/Argmax_1/\I_P5_IBUF[0]_inst\ (ibuf)
/testbench_mnist_fcnn_fi/unit_under_test_inst/Argmax_1/\I_P3_IBUF[7]_inst\ (ibuf)
/testbench_mnist_fcnn_fi/unit_under_test_inst/Argmax_1/\I_P9_IBUF[2]_inst\ (ibuf)
/testbench_mnist_fcnn_fi/unit_under_test_inst/Argmax_1/\I_P4_IBUF[1]_inst\ (ibuf)
/testbench_mnist_fcnn_fi/unit_under_test_inst/Argmax_1/\I_P8_IBUF[3]_inst\ (ibuf)
/testbench_mnist_fcnn_fi/unit_under_test_inst/Argmax_1/\I_P3_IBUF[2]_inst\ (ibuf)
/testbench_mnist_fcnn_fi/unit_under_test_inst/Argmax_1/\I_P10_IBUF[7]_inst\ (ibuf)
/testbench_mnist_fcnn_fi/unit_under_test_inst/Argmax_1/I_rst_IBUF_inst (ibuf)
/testbench_mnist_fcnn_fi/unit_under_test_inst/Argmax_1/\I_P7_IBUF[4]_inst\ (ibuf)
/testbench_mnist_fcnn_fi/unit_under_test_inst/Argmax_1/\I_P2_IBUF[3]_inst\ (ibuf)
/testbench_mnist_fcnn_fi/unit_under_test_inst/Argmax_1/\I_P6_IBUF[5]_inst\ (ibuf)
/testbench_mnist_fcnn_fi/unit_under_test_inst/Argmax_1/\I_P10_IBUF[2]_inst\ (ibuf)
/testbench_mnist_fcnn_fi/unit_under_test_inst/Argmax_1/\I_P1_IBUF[4]_inst\ (ibuf)
/testbench_mnist_fcnn_fi/unit_under_test_inst/Argmax_1/\I_P5_IBUF[6]_inst\ (ibuf)
/testbench_mnist_fcnn_fi/unit_under_test_inst/Argmax_1/\I_P6_IBUF[0]_inst\ (ibuf)
/testbench_mnist_fcnn_fi/unit_under_test_inst/Argmax_1/\I_P4_IBUF[7]_inst\ (ibuf)
/testbench_mnist_fcnn_fi/unit_under_test_inst/Argmax_1/\I_P5_IBUF[1]_inst\ (ibuf)
/testbench_mnist_fcnn_fi/unit_under_test_inst/Argmax_1/\I_P9_IBUF[3]_inst\ (ibuf)
/testbench_mnist_fcnn_fi/unit_under_test_inst/Argmax_1/\I_P4_IBUF[2]_inst\ (ibuf)
/testbench_mnist_fcnn_fi/unit_under_test_inst/Argmax_1/\I_P8_IBUF[4]_inst\ (ibuf)
/testbench_mnist_fcnn_fi/unit_under_test_inst/Argmax_1/\I_P3_IBUF[3]_inst\ (ibuf)
/testbench_mnist_fcnn_fi/unit_under_test_inst/Argmax_1/\I_P7_IBUF[5]_inst\ (ibuf)
/testbench_mnist_fcnn_fi/unit_under_test_inst/Argmax_1/\I_P2_IBUF[4]_inst\ (ibuf)
/testbench_mnist_fcnn_fi/unit_under_test_inst/Argmax_1/\I_P6_IBUF[6]_inst\ (ibuf)
/testbench_mnist_fcnn_fi/unit_under_test_inst/Argmax_1/\I_P10_IBUF[3]_inst\ (ibuf)
/testbench_mnist_fcnn_fi/unit_under_test_inst/Argmax_1/\I_P1_IBUF[5]_inst\ (ibuf)
/testbench_mnist_fcnn_fi/unit_under_test_inst/Argmax_1/\I_P7_IBUF[0]_inst\ (ibuf)
/testbench_mnist_fcnn_fi/unit_under_test_inst/Argmax_1/I_clk_IBUF_inst (ibuf)
/testbench_mnist_fcnn_fi/unit_under_test_inst/Argmax_1/\I_P5_IBUF[7]_inst\ (ibuf)
/testbench_mnist_fcnn_fi/unit_under_test_inst/Argmax_1/\I_P6_IBUF[1]_inst\ (ibuf)
/testbench_mnist_fcnn_fi/unit_under_test_inst/Argmax_1/\I_P1_IBUF[0]_inst\ (ibuf)
/testbench_mnist_fcnn_fi/unit_under_test_inst/Argmax_1/\I_P5_IBUF[2]_inst\ (ibuf)
/testbench_mnist_fcnn_fi/unit_under_test_inst/Argmax_1/\I_P9_IBUF[4]_inst\ (ibuf)
/testbench_mnist_fcnn_fi/unit_under_test_inst/Argmax_1/\I_P4_IBUF[3]_inst\ (ibuf)
/testbench_mnist_fcnn_fi/unit_under_test_inst/Argmax_1/\I_P8_IBUF[5]_inst\ (ibuf)
/testbench_mnist_fcnn_fi/unit_under_test_inst/Argmax_1/\I_P3_IBUF[4]_inst\ (ibuf)
/testbench_mnist_fcnn_fi/unit_under_test_inst/Argmax_1/\I_P7_IBUF[6]_inst\ (ibuf)
/testbench_mnist_fcnn_fi/unit_under_test_inst/Argmax_1/\I_P2_IBUF[5]_inst\ (ibuf)
/testbench_mnist_fcnn_fi/unit_under_test_inst/Argmax_1/\I_P8_IBUF[0]_inst\ (ibuf)
/testbench_mnist_fcnn_fi/unit_under_test_inst/Argmax_1/\I_P6_IBUF[7]_inst\ (ibuf)
/testbench_mnist_fcnn_fi/unit_under_test_inst/Argmax_1/\I_P10_IBUF[4]_inst\ (ibuf)
/testbench_mnist_fcnn_fi/unit_under_test_inst/Argmax_1/\I_P1_IBUF[6]_inst\ (ibuf)
/testbench_mnist_fcnn_fi/unit_under_test_inst/Argmax_1/\I_P7_IBUF[1]_inst\ (ibuf)
/testbench_mnist_fcnn_fi/unit_under_test_inst/Argmax_1/\I_P2_IBUF[0]_inst\ (ibuf)
/testbench_mnist_fcnn_fi/unit_under_test_inst/Argmax_1/I_en_IBUF_inst (ibuf)
/testbench_mnist_fcnn_fi/unit_under_test_inst/Argmax_1/\I_P6_IBUF[2]_inst\ (ibuf)
/testbench_mnist_fcnn_fi/unit_under_test_inst/Argmax_1/\I_P1_IBUF[1]_inst\ (ibuf)
/testbench_mnist_fcnn_fi/unit_under_test_inst/Argmax_1/\I_P5_IBUF[3]_inst\ (ibuf)


LUT1s      : 6
/testbench_mnist_fcnn_fi/unit_under_test_inst/Argmax_1/\O_value[0]_i_1__3\ (LUT1)
/testbench_mnist_fcnn_fi/unit_under_test_inst/Argmax_1/\O_value[0]_i_1\ (LUT1)
/testbench_mnist_fcnn_fi/unit_under_test_inst/Argmax_1/\O_value[0]_i_1__0\ (LUT1)
/testbench_mnist_fcnn_fi/unit_under_test_inst/Argmax_1/\O_value[0]_i_2\ (LUT1)
/testbench_mnist_fcnn_fi/unit_under_test_inst/Argmax_1/\O_value[0]_i_1__1\ (LUT1)
/testbench_mnist_fcnn_fi/unit_under_test_inst/Argmax_1/\O_value[0]_i_1__2\ (LUT1)


LUT2s      : 9
/testbench_mnist_fcnn_fi/unit_under_test_inst/Argmax_1/\O_value[2]_i_1\ (LUT2)
/testbench_mnist_fcnn_fi/unit_under_test_inst/Argmax_1/\O_value[1]_i_1__1\ (LUT2)
/testbench_mnist_fcnn_fi/unit_under_test_inst/Argmax_1/\O_value[1]_i_1\ (LUT2)
/testbench_mnist_fcnn_fi/unit_under_test_inst/Argmax_1/\O_value[3]_i_2\ (LUT2)
/testbench_mnist_fcnn_fi/unit_under_test_inst/Argmax_1/\O_value[2]_i_1__0\ (LUT2)
/testbench_mnist_fcnn_fi/unit_under_test_inst/Argmax_1/\Arg_el_3_1/O_value[3]_i_2\ (LUT2)
/testbench_mnist_fcnn_fi/unit_under_test_inst/Argmax_1/\O_value[1]_i_1__0\ (LUT2)
/testbench_mnist_fcnn_fi/unit_under_test_inst/Argmax_1/\O_value[3]_i_1__0\ (LUT2)
/testbench_mnist_fcnn_fi/unit_under_test_inst/Argmax_1/\O_value[3]_i_1\ (LUT2)


LUT3s      : 69
/testbench_mnist_fcnn_fi/unit_under_test_inst/Argmax_1/\Arg_el_1_1/O_value[2]_i_1\ (LUT3)
/testbench_mnist_fcnn_fi/unit_under_test_inst/Argmax_1/\Arg_el_1_4/O_value[1]_i_1\ (LUT3)
/testbench_mnist_fcnn_fi/unit_under_test_inst/Argmax_1/\Arg_el_1_3/O_value[1]_i_1\ (LUT3)
/testbench_mnist_fcnn_fi/unit_under_test_inst/Argmax_1/\Arg_el_1_2/O_value[1]_i_1\ (LUT3)
/testbench_mnist_fcnn_fi/unit_under_test_inst/Argmax_1/\Arg_el_1_5/O_value[0]_i_1\ (LUT3)
/testbench_mnist_fcnn_fi/unit_under_test_inst/Argmax_1/\Arg_el_1_1/O_value[1]_i_1\ (LUT3)
/testbench_mnist_fcnn_fi/unit_under_test_inst/Argmax_1/\Arg_el_1_4/O_value[0]_i_1\ (LUT3)
/testbench_mnist_fcnn_fi/unit_under_test_inst/Argmax_1/\Arg_el_3_1/O_value[7]_i_1\ (LUT3)
/testbench_mnist_fcnn_fi/unit_under_test_inst/Argmax_1/\Arg_el_1_3/O_value[0]_i_1\ (LUT3)
/testbench_mnist_fcnn_fi/unit_under_test_inst/Argmax_1/\Arg_el_1_2/O_value[0]_i_1\ (LUT3)
/testbench_mnist_fcnn_fi/unit_under_test_inst/Argmax_1/\Arg_el_1_1/O_value[0]_i_1\ (LUT3)
/testbench_mnist_fcnn_fi/unit_under_test_inst/Argmax_1/\Arg_el_3_1/O_value[6]_i_1\ (LUT3)
/testbench_mnist_fcnn_fi/unit_under_test_inst/Argmax_1/\Arg_el_3_1/O_value[5]_i_1\ (LUT3)
/testbench_mnist_fcnn_fi/unit_under_test_inst/Argmax_1/\Arg_el_2_2/O_value[7]_i_1\ (LUT3)
/testbench_mnist_fcnn_fi/unit_under_test_inst/Argmax_1/\Arg_el_2_1/O_value[7]_i_1\ (LUT3)
/testbench_mnist_fcnn_fi/unit_under_test_inst/Argmax_1/\O_value[0]_i_1__4\ (LUT3)
/testbench_mnist_fcnn_fi/unit_under_test_inst/Argmax_1/\Arg_el_3_1/O_value[4]_i_1\ (LUT3)
/testbench_mnist_fcnn_fi/unit_under_test_inst/Argmax_1/\Arg_el_2_2/O_value[6]_i_1\ (LUT3)
/testbench_mnist_fcnn_fi/unit_under_test_inst/Argmax_1/\Arg_el_2_1/O_value[6]_i_1\ (LUT3)
/testbench_mnist_fcnn_fi/unit_under_test_inst/Argmax_1/\Arg_el_1_5/O_value[7]_i_1\ (LUT3)
/testbench_mnist_fcnn_fi/unit_under_test_inst/Argmax_1/\Arg_el_4_1/O_value[1]_i_1\ (LUT3)
/testbench_mnist_fcnn_fi/unit_under_test_inst/Argmax_1/\Arg_el_1_4/O_value[7]_i_1\ (LUT3)
/testbench_mnist_fcnn_fi/unit_under_test_inst/Argmax_1/\Arg_el_3_1/O_value[3]_i_1\ (LUT3)
/testbench_mnist_fcnn_fi/unit_under_test_inst/Argmax_1/\Arg_el_2_2/O_value[5]_i_1\ (LUT3)
/testbench_mnist_fcnn_fi/unit_under_test_inst/Argmax_1/\Arg_el_1_3/O_value[7]_i_1\ (LUT3)
/testbench_mnist_fcnn_fi/unit_under_test_inst/Argmax_1/\Arg_el_2_1/O_value[5]_i_1\ (LUT3)
/testbench_mnist_fcnn_fi/unit_under_test_inst/Argmax_1/\Arg_el_1_2/O_value[7]_i_1\ (LUT3)
/testbench_mnist_fcnn_fi/unit_under_test_inst/Argmax_1/\Arg_el_1_5/O_value[6]_i_1\ (LUT3)
/testbench_mnist_fcnn_fi/unit_under_test_inst/Argmax_1/\Arg_el_4_1/O_value[0]_i_1\ (LUT3)
/testbench_mnist_fcnn_fi/unit_under_test_inst/Argmax_1/\Arg_el_1_1/O_value[7]_i_1\ (LUT3)
/testbench_mnist_fcnn_fi/unit_under_test_inst/Argmax_1/\Arg_el_1_4/O_value[6]_i_1\ (LUT3)
/testbench_mnist_fcnn_fi/unit_under_test_inst/Argmax_1/\Arg_el_3_1/O_value[2]_i_1\ (LUT3)
/testbench_mnist_fcnn_fi/unit_under_test_inst/Argmax_1/\Arg_el_2_2/O_value[4]_i_1\ (LUT3)
/testbench_mnist_fcnn_fi/unit_under_test_inst/Argmax_1/\Arg_el_1_3/O_value[6]_i_1\ (LUT3)
/testbench_mnist_fcnn_fi/unit_under_test_inst/Argmax_1/\Arg_el_2_1/O_value[4]_i_1\ (LUT3)
/testbench_mnist_fcnn_fi/unit_under_test_inst/Argmax_1/\Arg_el_1_2/O_value[6]_i_1\ (LUT3)
/testbench_mnist_fcnn_fi/unit_under_test_inst/Argmax_1/\Arg_el_3_1/O_value[0]_i_1__0\ (LUT3)
/testbench_mnist_fcnn_fi/unit_under_test_inst/Argmax_1/\Arg_el_1_5/O_value[5]_i_1\ (LUT3)
/testbench_mnist_fcnn_fi/unit_under_test_inst/Argmax_1/\O_value[0]_i_1__5\ (LUT3)
/testbench_mnist_fcnn_fi/unit_under_test_inst/Argmax_1/\Arg_el_1_1/O_value[6]_i_1\ (LUT3)
/testbench_mnist_fcnn_fi/unit_under_test_inst/Argmax_1/\Arg_el_1_4/O_value[5]_i_1\ (LUT3)
/testbench_mnist_fcnn_fi/unit_under_test_inst/Argmax_1/\Arg_el_3_1/O_value[1]_i_1\ (LUT3)
/testbench_mnist_fcnn_fi/unit_under_test_inst/Argmax_1/\Arg_el_2_2/O_value[3]_i_1\ (LUT3)
/testbench_mnist_fcnn_fi/unit_under_test_inst/Argmax_1/\Arg_el_1_3/O_value[5]_i_1\ (LUT3)
/testbench_mnist_fcnn_fi/unit_under_test_inst/Argmax_1/\Arg_el_2_1/O_value[3]_i_1\ (LUT3)
/testbench_mnist_fcnn_fi/unit_under_test_inst/Argmax_1/\Arg_el_1_2/O_value[5]_i_1\ (LUT3)
/testbench_mnist_fcnn_fi/unit_under_test_inst/Argmax_1/\Arg_el_1_5/O_value[4]_i_1\ (LUT3)
/testbench_mnist_fcnn_fi/unit_under_test_inst/Argmax_1/\Arg_el_1_1/O_value[5]_i_1\ (LUT3)
/testbench_mnist_fcnn_fi/unit_under_test_inst/Argmax_1/\Arg_el_1_4/O_value[4]_i_1\ (LUT3)
/testbench_mnist_fcnn_fi/unit_under_test_inst/Argmax_1/\Arg_el_3_1/O_value[0]_i_1\ (LUT3)
/testbench_mnist_fcnn_fi/unit_under_test_inst/Argmax_1/\Arg_el_2_2/O_value[2]_i_1\ (LUT3)
/testbench_mnist_fcnn_fi/unit_under_test_inst/Argmax_1/\Arg_el_1_3/O_value[4]_i_1\ (LUT3)
/testbench_mnist_fcnn_fi/unit_under_test_inst/Argmax_1/\Arg_el_2_1/O_value[2]_i_1\ (LUT3)
/testbench_mnist_fcnn_fi/unit_under_test_inst/Argmax_1/\Arg_el_1_2/O_value[4]_i_1\ (LUT3)
/testbench_mnist_fcnn_fi/unit_under_test_inst/Argmax_1/\Arg_el_1_5/O_value[3]_i_1\ (LUT3)
/testbench_mnist_fcnn_fi/unit_under_test_inst/Argmax_1/\Arg_el_1_1/O_value[4]_i_1\ (LUT3)
/testbench_mnist_fcnn_fi/unit_under_test_inst/Argmax_1/\Arg_el_1_4/O_value[3]_i_1\ (LUT3)
/testbench_mnist_fcnn_fi/unit_under_test_inst/Argmax_1/\Arg_el_2_2/O_value[1]_i_1\ (LUT3)
/testbench_mnist_fcnn_fi/unit_under_test_inst/Argmax_1/\Arg_el_1_3/O_value[3]_i_1\ (LUT3)
/testbench_mnist_fcnn_fi/unit_under_test_inst/Argmax_1/\Arg_el_2_1/O_value[1]_i_1\ (LUT3)
/testbench_mnist_fcnn_fi/unit_under_test_inst/Argmax_1/\Arg_el_1_2/O_value[3]_i_1\ (LUT3)
/testbench_mnist_fcnn_fi/unit_under_test_inst/Argmax_1/\Arg_el_1_5/O_value[2]_i_1\ (LUT3)
/testbench_mnist_fcnn_fi/unit_under_test_inst/Argmax_1/\Arg_el_1_1/O_value[3]_i_1\ (LUT3)
/testbench_mnist_fcnn_fi/unit_under_test_inst/Argmax_1/\Arg_el_1_4/O_value[2]_i_1\ (LUT3)
/testbench_mnist_fcnn_fi/unit_under_test_inst/Argmax_1/\Arg_el_2_2/O_value[0]_i_1\ (LUT3)
/testbench_mnist_fcnn_fi/unit_under_test_inst/Argmax_1/\Arg_el_1_3/O_value[2]_i_1\ (LUT3)
/testbench_mnist_fcnn_fi/unit_under_test_inst/Argmax_1/\Arg_el_2_1/O_value[0]_i_1\ (LUT3)
/testbench_mnist_fcnn_fi/unit_under_test_inst/Argmax_1/\Arg_el_1_2/O_value[2]_i_1\ (LUT3)
/testbench_mnist_fcnn_fi/unit_under_test_inst/Argmax_1/\Arg_el_1_5/O_value[1]_i_1\ (LUT3)


LUT4s      : 72
/testbench_mnist_fcnn_fi/unit_under_test_inst/Argmax_1/\max_I1_carry_i_4__6\ (lut4)
/testbench_mnist_fcnn_fi/unit_under_test_inst/Argmax_1/\max_I1_carry_i_7__1\ (lut4)
/testbench_mnist_fcnn_fi/unit_under_test_inst/Argmax_1/\max_I1_carry_i_7__5\ (lut4)
/testbench_mnist_fcnn_fi/unit_under_test_inst/Argmax_1/\max_I1_carry_i_2__3\ (lut4)
/testbench_mnist_fcnn_fi/unit_under_test_inst/Argmax_1/\max_I1_carry_i_2__7\ (lut4)
/testbench_mnist_fcnn_fi/unit_under_test_inst/Argmax_1/\max_I1_carry_i_5__2\ (lut4)
/testbench_mnist_fcnn_fi/unit_under_test_inst/Argmax_1/\max_I1_carry_i_5__6\ (lut4)
/testbench_mnist_fcnn_fi/unit_under_test_inst/Argmax_1/\max_I1_carry_i_3__3\ (lut4)
/testbench_mnist_fcnn_fi/unit_under_test_inst/Argmax_1/\max_I1_carry_i_3__7\ (lut4)
/testbench_mnist_fcnn_fi/unit_under_test_inst/Argmax_1/\max_I1_carry_i_6__2\ (lut4)
/testbench_mnist_fcnn_fi/unit_under_test_inst/Argmax_1/max_I1_carry_i_7 (lut4)
/testbench_mnist_fcnn_fi/unit_under_test_inst/Argmax_1/\max_I1_carry_i_1__0\ (lut4)
/testbench_mnist_fcnn_fi/unit_under_test_inst/Argmax_1/\max_I1_carry_i_6__6\ (lut4)
/testbench_mnist_fcnn_fi/unit_under_test_inst/Argmax_1/\max_I1_carry_i_1__4\ (lut4)
/testbench_mnist_fcnn_fi/unit_under_test_inst/Argmax_1/max_I1_carry_i_5 (lut4)
/testbench_mnist_fcnn_fi/unit_under_test_inst/Argmax_1/\max_I1_carry_i_4__3\ (lut4)
/testbench_mnist_fcnn_fi/unit_under_test_inst/Argmax_1/\max_I1_carry_i_4__7\ (lut4)
/testbench_mnist_fcnn_fi/unit_under_test_inst/Argmax_1/\max_I1_carry_i_7__2\ (lut4)
/testbench_mnist_fcnn_fi/unit_under_test_inst/Argmax_1/\max_I1_carry_i_2__0\ (lut4)
/testbench_mnist_fcnn_fi/unit_under_test_inst/Argmax_1/\max_I1_carry_i_7__6\ (lut4)
/testbench_mnist_fcnn_fi/unit_under_test_inst/Argmax_1/max_I1_carry_i_3 (lut4)
/testbench_mnist_fcnn_fi/unit_under_test_inst/Argmax_1/\max_I1_carry_i_2__4\ (lut4)
/testbench_mnist_fcnn_fi/unit_under_test_inst/Argmax_1/\max_I1_carry_i_5__3\ (lut4)
/testbench_mnist_fcnn_fi/unit_under_test_inst/Argmax_1/max_I1_carry_i_1 (lut4)
/testbench_mnist_fcnn_fi/unit_under_test_inst/Argmax_1/\max_I1_carry_i_5__7\ (lut4)
/testbench_mnist_fcnn_fi/unit_under_test_inst/Argmax_1/\max_I1_carry_i_3__0\ (lut4)
/testbench_mnist_fcnn_fi/unit_under_test_inst/Argmax_1/\max_I1_carry_i_3__4\ (lut4)
/testbench_mnist_fcnn_fi/unit_under_test_inst/Argmax_1/\max_I1_carry_i_6__3\ (lut4)
/testbench_mnist_fcnn_fi/unit_under_test_inst/Argmax_1/\max_I1_carry_i_1__1\ (lut4)
/testbench_mnist_fcnn_fi/unit_under_test_inst/Argmax_1/\max_I1_carry_i_6__7\ (lut4)
/testbench_mnist_fcnn_fi/unit_under_test_inst/Argmax_1/\max_I1_carry_i_1__5\ (lut4)
/testbench_mnist_fcnn_fi/unit_under_test_inst/Argmax_1/\max_I1_carry_i_4__0\ (lut4)
/testbench_mnist_fcnn_fi/unit_under_test_inst/Argmax_1/\max_I1_carry_i_4__4\ (lut4)
/testbench_mnist_fcnn_fi/unit_under_test_inst/Argmax_1/\max_I1_carry_i_7__3\ (lut4)
/testbench_mnist_fcnn_fi/unit_under_test_inst/Argmax_1/\max_I1_carry_i_2__1\ (lut4)
/testbench_mnist_fcnn_fi/unit_under_test_inst/Argmax_1/\max_I1_carry_i_7__7\ (lut4)
/testbench_mnist_fcnn_fi/unit_under_test_inst/Argmax_1/\max_I1_carry_i_2__5\ (lut4)
/testbench_mnist_fcnn_fi/unit_under_test_inst/Argmax_1/\max_I1_carry_i_5__0\ (lut4)
/testbench_mnist_fcnn_fi/unit_under_test_inst/Argmax_1/\max_I1_carry_i_5__4\ (lut4)
/testbench_mnist_fcnn_fi/unit_under_test_inst/Argmax_1/\max_I1_carry_i_3__1\ (lut4)
/testbench_mnist_fcnn_fi/unit_under_test_inst/Argmax_1/\max_I1_carry_i_3__5\ (lut4)
/testbench_mnist_fcnn_fi/unit_under_test_inst/Argmax_1/max_I1_carry_i_8 (lut4)
/testbench_mnist_fcnn_fi/unit_under_test_inst/Argmax_1/\max_I1_carry_i_6__0\ (lut4)
/testbench_mnist_fcnn_fi/unit_under_test_inst/Argmax_1/\max_I1_carry_i_6__4\ (lut4)
/testbench_mnist_fcnn_fi/unit_under_test_inst/Argmax_1/\max_I1_carry_i_1__2\ (lut4)
/testbench_mnist_fcnn_fi/unit_under_test_inst/Argmax_1/\max_I1_carry_i_1__6\ (lut4)
/testbench_mnist_fcnn_fi/unit_under_test_inst/Argmax_1/max_I1_carry_i_6 (lut4)
/testbench_mnist_fcnn_fi/unit_under_test_inst/Argmax_1/\max_I1_carry_i_4__1\ (lut4)
/testbench_mnist_fcnn_fi/unit_under_test_inst/Argmax_1/\max_I1_carry_i_4__5\ (lut4)
/testbench_mnist_fcnn_fi/unit_under_test_inst/Argmax_1/max_I1_carry_i_4 (lut4)
/testbench_mnist_fcnn_fi/unit_under_test_inst/Argmax_1/\max_I1_carry_i_7__0\ (lut4)
/testbench_mnist_fcnn_fi/unit_under_test_inst/Argmax_1/\max_I1_carry_i_7__4\ (lut4)
/testbench_mnist_fcnn_fi/unit_under_test_inst/Argmax_1/\max_I1_carry_i_2__2\ (lut4)
/testbench_mnist_fcnn_fi/unit_under_test_inst/Argmax_1/\max_I1_carry_i_2__6\ (lut4)
/testbench_mnist_fcnn_fi/unit_under_test_inst/Argmax_1/max_I1_carry_i_2 (lut4)
/testbench_mnist_fcnn_fi/unit_under_test_inst/Argmax_1/\max_I1_carry_i_5__1\ (lut4)
/testbench_mnist_fcnn_fi/unit_under_test_inst/Argmax_1/\max_I1_carry_i_5__5\ (lut4)
/testbench_mnist_fcnn_fi/unit_under_test_inst/Argmax_1/\max_I1_carry_i_8__0\ (lut4)
/testbench_mnist_fcnn_fi/unit_under_test_inst/Argmax_1/\max_I1_carry_i_3__2\ (lut4)
/testbench_mnist_fcnn_fi/unit_under_test_inst/Argmax_1/\max_I1_carry_i_3__6\ (lut4)
/testbench_mnist_fcnn_fi/unit_under_test_inst/Argmax_1/\max_I1_carry_i_6__1\ (lut4)
/testbench_mnist_fcnn_fi/unit_under_test_inst/Argmax_1/\max_I1_carry_i_6__5\ (lut4)
/testbench_mnist_fcnn_fi/unit_under_test_inst/Argmax_1/\max_I1_carry_i_1__3\ (lut4)
/testbench_mnist_fcnn_fi/unit_under_test_inst/Argmax_1/\max_I1_carry_i_1__7\ (lut4)
/testbench_mnist_fcnn_fi/unit_under_test_inst/Argmax_1/\max_I1_carry_i_4__2\ (lut4)
/testbench_mnist_fcnn_fi/unit_under_test_inst/Argmax_1/\max_I1_carry_i_8__2\ (LUT4)
/testbench_mnist_fcnn_fi/unit_under_test_inst/Argmax_1/\max_I1_carry_i_8__6\ (LUT4)
/testbench_mnist_fcnn_fi/unit_under_test_inst/Argmax_1/\max_I1_carry_i_8__3\ (LUT4)
/testbench_mnist_fcnn_fi/unit_under_test_inst/Argmax_1/\max_I1_carry_i_8__7\ (LUT4)
/testbench_mnist_fcnn_fi/unit_under_test_inst/Argmax_1/\max_I1_carry_i_8__4\ (LUT4)
/testbench_mnist_fcnn_fi/unit_under_test_inst/Argmax_1/\max_I1_carry_i_8__1\ (LUT4)
/testbench_mnist_fcnn_fi/unit_under_test_inst/Argmax_1/\max_I1_carry_i_8__5\ (LUT4)


OBUFs      : 5
/testbench_mnist_fcnn_fi/unit_under_test_inst/Argmax_1/O_done_OBUF_inst (OBUF)
/testbench_mnist_fcnn_fi/unit_under_test_inst/Argmax_1/\O_I_OBUF[0]_inst\ (OBUF)
/testbench_mnist_fcnn_fi/unit_under_test_inst/Argmax_1/\O_I_OBUF[1]_inst\ (OBUF)
/testbench_mnist_fcnn_fi/unit_under_test_inst/Argmax_1/\O_I_OBUF[2]_inst\ (OBUF)
/testbench_mnist_fcnn_fi/unit_under_test_inst/Argmax_1/\O_I_OBUF[3]_inst\ (OBUF)


