BUFGs      : 1
/testbench_mnist_fcnn_fi/unit_under_test_inst/Ram_I/I_clk_IBUF_BUFG_inst (BUFG)


IBUFs      : 236
/testbench_mnist_fcnn_fi/unit_under_test_inst/Ram_I/\I_dataWrite_IBUF[83]_inst\ (ibuf)
/testbench_mnist_fcnn_fi/unit_under_test_inst/Ram_I/\I_dataWrite_IBUF[164]_inst\ (ibuf)
/testbench_mnist_fcnn_fi/unit_under_test_inst/Ram_I/\I_dataWrite_IBUF[31]_inst\ (ibuf)
/testbench_mnist_fcnn_fi/unit_under_test_inst/Ram_I/\I_dataWrite_IBUF[112]_inst\ (ibuf)
/testbench_mnist_fcnn_fi/unit_under_test_inst/Ram_I/\I_dataWrite_IBUF[187]_inst\ (ibuf)
/testbench_mnist_fcnn_fi/unit_under_test_inst/Ram_I/\I_dataWrite_IBUF[54]_inst\ (ibuf)
/testbench_mnist_fcnn_fi/unit_under_test_inst/Ram_I/\I_dataWrite_IBUF[135]_inst\ (ibuf)
/testbench_mnist_fcnn_fi/unit_under_test_inst/Ram_I/\I_dataWrite_IBUF[221]_inst\ (ibuf)
/testbench_mnist_fcnn_fi/unit_under_test_inst/Ram_I/\I_dataWrite_IBUF[77]_inst\ (ibuf)
/testbench_mnist_fcnn_fi/unit_under_test_inst/Ram_I/\I_dataWrite_IBUF[6]_inst\ (ibuf)
/testbench_mnist_fcnn_fi/unit_under_test_inst/Ram_I/\I_dataWrite_IBUF[158]_inst\ (ibuf)
/testbench_mnist_fcnn_fi/unit_under_test_inst/Ram_I/\I_dataWrite_IBUF[25]_inst\ (ibuf)
/testbench_mnist_fcnn_fi/unit_under_test_inst/Ram_I/\I_dataWrite_IBUF[106]_inst\ (ibuf)
/testbench_mnist_fcnn_fi/unit_under_test_inst/Ram_I/\I_dataWrite_IBUF[182]_inst\ (ibuf)
/testbench_mnist_fcnn_fi/unit_under_test_inst/Ram_I/\I_dataWrite_IBUF[48]_inst\ (ibuf)
/testbench_mnist_fcnn_fi/unit_under_test_inst/Ram_I/\I_addr_write_IBUF[4]_inst\ (ibuf)
/testbench_mnist_fcnn_fi/unit_under_test_inst/Ram_I/\I_dataWrite_IBUF[129]_inst\ (ibuf)
/testbench_mnist_fcnn_fi/unit_under_test_inst/Ram_I/\I_dataWrite_IBUF[130]_inst\ (ibuf)
/testbench_mnist_fcnn_fi/unit_under_test_inst/Ram_I/\I_dataWrite_IBUF[215]_inst\ (ibuf)
/testbench_mnist_fcnn_fi/unit_under_test_inst/Ram_I/\I_dataWrite_IBUF[72]_inst\ (ibuf)
/testbench_mnist_fcnn_fi/unit_under_test_inst/Ram_I/\I_dataWrite_IBUF[1]_inst\ (ibuf)
/testbench_mnist_fcnn_fi/unit_under_test_inst/Ram_I/\I_dataWrite_IBUF[153]_inst\ (ibuf)
/testbench_mnist_fcnn_fi/unit_under_test_inst/Ram_I/\I_dataWrite_IBUF[20]_inst\ (ibuf)
/testbench_mnist_fcnn_fi/unit_under_test_inst/Ram_I/\I_dataWrite_IBUF[19]_inst\ (ibuf)
/testbench_mnist_fcnn_fi/unit_under_test_inst/Ram_I/\I_dataWrite_IBUF[101]_inst\ (ibuf)
/testbench_mnist_fcnn_fi/unit_under_test_inst/Ram_I/\I_dataWrite_IBUF[95]_inst\ (ibuf)
/testbench_mnist_fcnn_fi/unit_under_test_inst/Ram_I/\I_dataWrite_IBUF[176]_inst\ (ibuf)
/testbench_mnist_fcnn_fi/unit_under_test_inst/Ram_I/\I_dataWrite_IBUF[43]_inst\ (ibuf)
/testbench_mnist_fcnn_fi/unit_under_test_inst/Ram_I/\I_dataWrite_IBUF[124]_inst\ (ibuf)
/testbench_mnist_fcnn_fi/unit_under_test_inst/Ram_I/\I_dataWrite_IBUF[210]_inst\ (ibuf)
/testbench_mnist_fcnn_fi/unit_under_test_inst/Ram_I/\I_dataWrite_IBUF[209]_inst\ (ibuf)
/testbench_mnist_fcnn_fi/unit_under_test_inst/Ram_I/\I_dataWrite_IBUF[199]_inst\ (ibuf)
/testbench_mnist_fcnn_fi/unit_under_test_inst/Ram_I/\I_dataWrite_IBUF[66]_inst\ (ibuf)
/testbench_mnist_fcnn_fi/unit_under_test_inst/Ram_I/\I_dataWrite_IBUF[147]_inst\ (ibuf)
/testbench_mnist_fcnn_fi/unit_under_test_inst/Ram_I/\I_dataWrite_IBUF[14]_inst\ (ibuf)
/testbench_mnist_fcnn_fi/unit_under_test_inst/Ram_I/\I_dataWrite_IBUF[90]_inst\ (ibuf)
/testbench_mnist_fcnn_fi/unit_under_test_inst/Ram_I/\I_dataWrite_IBUF[89]_inst\ (ibuf)
/testbench_mnist_fcnn_fi/unit_under_test_inst/Ram_I/\I_dataWrite_IBUF[171]_inst\ (ibuf)
/testbench_mnist_fcnn_fi/unit_under_test_inst/Ram_I/\I_dataWrite_IBUF[37]_inst\ (ibuf)
/testbench_mnist_fcnn_fi/unit_under_test_inst/Ram_I/\I_dataWrite_IBUF[118]_inst\ (ibuf)
/testbench_mnist_fcnn_fi/unit_under_test_inst/Ram_I/\I_dataWrite_IBUF[204]_inst\ (ibuf)
/testbench_mnist_fcnn_fi/unit_under_test_inst/Ram_I/\I_dataWrite_IBUF[194]_inst\ (ibuf)
/testbench_mnist_fcnn_fi/unit_under_test_inst/Ram_I/\I_dataWrite_IBUF[61]_inst\ (ibuf)
/testbench_mnist_fcnn_fi/unit_under_test_inst/Ram_I/\I_dataWrite_IBUF[142]_inst\ (ibuf)
/testbench_mnist_fcnn_fi/unit_under_test_inst/Ram_I/\I_dataWrite_IBUF[84]_inst\ (ibuf)
/testbench_mnist_fcnn_fi/unit_under_test_inst/Ram_I/\I_dataWrite_IBUF[165]_inst\ (ibuf)
/testbench_mnist_fcnn_fi/unit_under_test_inst/Ram_I/\I_dataWrite_IBUF[32]_inst\ (ibuf)
/testbench_mnist_fcnn_fi/unit_under_test_inst/Ram_I/\I_dataWrite_IBUF[113]_inst\ (ibuf)
/testbench_mnist_fcnn_fi/unit_under_test_inst/Ram_I/\I_addr_read_IBUF[0]_inst\ (ibuf)
/testbench_mnist_fcnn_fi/unit_under_test_inst/Ram_I/\I_dataWrite_IBUF[188]_inst\ (ibuf)
/testbench_mnist_fcnn_fi/unit_under_test_inst/Ram_I/\I_dataWrite_IBUF[55]_inst\ (ibuf)
/testbench_mnist_fcnn_fi/unit_under_test_inst/Ram_I/\I_dataWrite_IBUF[136]_inst\ (ibuf)
/testbench_mnist_fcnn_fi/unit_under_test_inst/Ram_I/\I_dataWrite_IBUF[222]_inst\ (ibuf)
/testbench_mnist_fcnn_fi/unit_under_test_inst/Ram_I/\I_dataWrite_IBUF[7]_inst\ (ibuf)
/testbench_mnist_fcnn_fi/unit_under_test_inst/Ram_I/\I_dataWrite_IBUF[78]_inst\ (ibuf)
/testbench_mnist_fcnn_fi/unit_under_test_inst/Ram_I/\I_dataWrite_IBUF[159]_inst\ (ibuf)
/testbench_mnist_fcnn_fi/unit_under_test_inst/Ram_I/\I_dataWrite_IBUF[160]_inst\ (ibuf)
/testbench_mnist_fcnn_fi/unit_under_test_inst/Ram_I/\I_dataWrite_IBUF[26]_inst\ (ibuf)
/testbench_mnist_fcnn_fi/unit_under_test_inst/Ram_I/\I_dataWrite_IBUF[107]_inst\ (ibuf)
/testbench_mnist_fcnn_fi/unit_under_test_inst/Ram_I/\I_dataWrite_IBUF[183]_inst\ (ibuf)
/testbench_mnist_fcnn_fi/unit_under_test_inst/Ram_I/\I_dataWrite_IBUF[50]_inst\ (ibuf)
/testbench_mnist_fcnn_fi/unit_under_test_inst/Ram_I/\I_dataWrite_IBUF[49]_inst\ (ibuf)
/testbench_mnist_fcnn_fi/unit_under_test_inst/Ram_I/\I_dataWrite_IBUF[131]_inst\ (ibuf)
/testbench_mnist_fcnn_fi/unit_under_test_inst/Ram_I/\I_dataWrite_IBUF[216]_inst\ (ibuf)
/testbench_mnist_fcnn_fi/unit_under_test_inst/Ram_I/\I_dataWrite_IBUF[73]_inst\ (ibuf)
/testbench_mnist_fcnn_fi/unit_under_test_inst/Ram_I/\I_dataWrite_IBUF[2]_inst\ (ibuf)
/testbench_mnist_fcnn_fi/unit_under_test_inst/Ram_I/\I_dataWrite_IBUF[154]_inst\ (ibuf)
/testbench_mnist_fcnn_fi/unit_under_test_inst/Ram_I/\I_dataWrite_IBUF[21]_inst\ (ibuf)
/testbench_mnist_fcnn_fi/unit_under_test_inst/Ram_I/\I_dataWrite_IBUF[102]_inst\ (ibuf)
/testbench_mnist_fcnn_fi/unit_under_test_inst/Ram_I/\I_dataWrite_IBUF[96]_inst\ (ibuf)
/testbench_mnist_fcnn_fi/unit_under_test_inst/Ram_I/\I_dataWrite_IBUF[177]_inst\ (ibuf)
/testbench_mnist_fcnn_fi/unit_under_test_inst/Ram_I/\I_dataWrite_IBUF[44]_inst\ (ibuf)
/testbench_mnist_fcnn_fi/unit_under_test_inst/Ram_I/\I_addr_write_IBUF[0]_inst\ (ibuf)
/testbench_mnist_fcnn_fi/unit_under_test_inst/Ram_I/\I_dataWrite_IBUF[125]_inst\ (ibuf)
/testbench_mnist_fcnn_fi/unit_under_test_inst/Ram_I/\I_dataWrite_IBUF[211]_inst\ (ibuf)
/testbench_mnist_fcnn_fi/unit_under_test_inst/Ram_I/\I_dataWrite_IBUF[67]_inst\ (ibuf)
/testbench_mnist_fcnn_fi/unit_under_test_inst/Ram_I/\I_dataWrite_IBUF[148]_inst\ (ibuf)
/testbench_mnist_fcnn_fi/unit_under_test_inst/Ram_I/\I_dataWrite_IBUF[15]_inst\ (ibuf)
/testbench_mnist_fcnn_fi/unit_under_test_inst/Ram_I/\I_dataWrite_IBUF[91]_inst\ (ibuf)
/testbench_mnist_fcnn_fi/unit_under_test_inst/Ram_I/\I_dataWrite_IBUF[172]_inst\ (ibuf)
/testbench_mnist_fcnn_fi/unit_under_test_inst/Ram_I/\I_dataWrite_IBUF[38]_inst\ (ibuf)
/testbench_mnist_fcnn_fi/unit_under_test_inst/Ram_I/\I_dataWrite_IBUF[119]_inst\ (ibuf)
/testbench_mnist_fcnn_fi/unit_under_test_inst/Ram_I/\I_dataWrite_IBUF[120]_inst\ (ibuf)
/testbench_mnist_fcnn_fi/unit_under_test_inst/Ram_I/\I_dataWrite_IBUF[205]_inst\ (ibuf)
/testbench_mnist_fcnn_fi/unit_under_test_inst/Ram_I/\I_dataWrite_IBUF[195]_inst\ (ibuf)
/testbench_mnist_fcnn_fi/unit_under_test_inst/Ram_I/\I_dataWrite_IBUF[62]_inst\ (ibuf)
/testbench_mnist_fcnn_fi/unit_under_test_inst/Ram_I/\I_dataWrite_IBUF[143]_inst\ (ibuf)
/testbench_mnist_fcnn_fi/unit_under_test_inst/Ram_I/\I_dataWrite_IBUF[10]_inst\ (ibuf)
/testbench_mnist_fcnn_fi/unit_under_test_inst/Ram_I/\I_dataWrite_IBUF[85]_inst\ (ibuf)
/testbench_mnist_fcnn_fi/unit_under_test_inst/Ram_I/\I_dataWrite_IBUF[166]_inst\ (ibuf)
/testbench_mnist_fcnn_fi/unit_under_test_inst/Ram_I/\I_dataWrite_IBUF[33]_inst\ (ibuf)
/testbench_mnist_fcnn_fi/unit_under_test_inst/Ram_I/\I_dataWrite_IBUF[114]_inst\ (ibuf)
/testbench_mnist_fcnn_fi/unit_under_test_inst/Ram_I/\I_dataWrite_IBUF[200]_inst\ (ibuf)
/testbench_mnist_fcnn_fi/unit_under_test_inst/Ram_I/\I_dataWrite_IBUF[190]_inst\ (ibuf)
/testbench_mnist_fcnn_fi/unit_under_test_inst/Ram_I/\I_addr_read_IBUF[1]_inst\ (ibuf)
/testbench_mnist_fcnn_fi/unit_under_test_inst/Ram_I/\I_dataWrite_IBUF[189]_inst\ (ibuf)
/testbench_mnist_fcnn_fi/unit_under_test_inst/Ram_I/\I_dataWrite_IBUF[56]_inst\ (ibuf)
/testbench_mnist_fcnn_fi/unit_under_test_inst/Ram_I/\I_dataWrite_IBUF[137]_inst\ (ibuf)
/testbench_mnist_fcnn_fi/unit_under_test_inst/Ram_I/\I_dataWrite_IBUF[223]_inst\ (ibuf)
/testbench_mnist_fcnn_fi/unit_under_test_inst/Ram_I/\I_dataWrite_IBUF[8]_inst\ (ibuf)
/testbench_mnist_fcnn_fi/unit_under_test_inst/Ram_I/\I_dataWrite_IBUF[80]_inst\ (ibuf)
/testbench_mnist_fcnn_fi/unit_under_test_inst/Ram_I/\I_dataWrite_IBUF[79]_inst\ (ibuf)
/testbench_mnist_fcnn_fi/unit_under_test_inst/Ram_I/\I_dataWrite_IBUF[161]_inst\ (ibuf)
/testbench_mnist_fcnn_fi/unit_under_test_inst/Ram_I/\I_dataWrite_IBUF[27]_inst\ (ibuf)
/testbench_mnist_fcnn_fi/unit_under_test_inst/Ram_I/\I_dataWrite_IBUF[108]_inst\ (ibuf)
/testbench_mnist_fcnn_fi/unit_under_test_inst/Ram_I/\I_dataWrite_IBUF[184]_inst\ (ibuf)
/testbench_mnist_fcnn_fi/unit_under_test_inst/Ram_I/\I_dataWrite_IBUF[51]_inst\ (ibuf)
/testbench_mnist_fcnn_fi/unit_under_test_inst/Ram_I/\I_dataWrite_IBUF[132]_inst\ (ibuf)
/testbench_mnist_fcnn_fi/unit_under_test_inst/Ram_I/\I_dataWrite_IBUF[217]_inst\ (ibuf)
/testbench_mnist_fcnn_fi/unit_under_test_inst/Ram_I/\I_dataWrite_IBUF[74]_inst\ (ibuf)
/testbench_mnist_fcnn_fi/unit_under_test_inst/Ram_I/\I_dataWrite_IBUF[3]_inst\ (ibuf)
/testbench_mnist_fcnn_fi/unit_under_test_inst/Ram_I/\I_dataWrite_IBUF[155]_inst\ (ibuf)
/testbench_mnist_fcnn_fi/unit_under_test_inst/Ram_I/\I_dataWrite_IBUF[22]_inst\ (ibuf)
/testbench_mnist_fcnn_fi/unit_under_test_inst/Ram_I/\I_dataWrite_IBUF[103]_inst\ (ibuf)
/testbench_mnist_fcnn_fi/unit_under_test_inst/Ram_I/\I_dataWrite_IBUF[97]_inst\ (ibuf)
/testbench_mnist_fcnn_fi/unit_under_test_inst/Ram_I/\I_dataWrite_IBUF[178]_inst\ (ibuf)
/testbench_mnist_fcnn_fi/unit_under_test_inst/Ram_I/\I_dataWrite_IBUF[45]_inst\ (ibuf)
/testbench_mnist_fcnn_fi/unit_under_test_inst/Ram_I/\I_addr_write_IBUF[1]_inst\ (ibuf)
/testbench_mnist_fcnn_fi/unit_under_test_inst/Ram_I/\I_dataWrite_IBUF[126]_inst\ (ibuf)
/testbench_mnist_fcnn_fi/unit_under_test_inst/Ram_I/\I_dataWrite_IBUF[212]_inst\ (ibuf)
/testbench_mnist_fcnn_fi/unit_under_test_inst/Ram_I/\I_dataWrite_IBUF[68]_inst\ (ibuf)
/testbench_mnist_fcnn_fi/unit_under_test_inst/Ram_I/\I_dataWrite_IBUF[149]_inst\ (ibuf)
/testbench_mnist_fcnn_fi/unit_under_test_inst/Ram_I/\I_dataWrite_IBUF[150]_inst\ (ibuf)
/testbench_mnist_fcnn_fi/unit_under_test_inst/Ram_I/\I_dataWrite_IBUF[16]_inst\ (ibuf)
/testbench_mnist_fcnn_fi/unit_under_test_inst/Ram_I/\I_dataWrite_IBUF[92]_inst\ (ibuf)
/testbench_mnist_fcnn_fi/unit_under_test_inst/Ram_I/\I_dataWrite_IBUF[173]_inst\ (ibuf)
/testbench_mnist_fcnn_fi/unit_under_test_inst/Ram_I/\I_dataWrite_IBUF[40]_inst\ (ibuf)
/testbench_mnist_fcnn_fi/unit_under_test_inst/Ram_I/\I_dataWrite_IBUF[39]_inst\ (ibuf)
/testbench_mnist_fcnn_fi/unit_under_test_inst/Ram_I/\I_dataWrite_IBUF[121]_inst\ (ibuf)
/testbench_mnist_fcnn_fi/unit_under_test_inst/Ram_I/\I_dataWrite_IBUF[206]_inst\ (ibuf)
/testbench_mnist_fcnn_fi/unit_under_test_inst/Ram_I/\I_dataWrite_IBUF[196]_inst\ (ibuf)
/testbench_mnist_fcnn_fi/unit_under_test_inst/Ram_I/\I_dataWrite_IBUF[63]_inst\ (ibuf)
/testbench_mnist_fcnn_fi/unit_under_test_inst/Ram_I/\I_dataWrite_IBUF[144]_inst\ (ibuf)
/testbench_mnist_fcnn_fi/unit_under_test_inst/Ram_I/\I_dataWrite_IBUF[11]_inst\ (ibuf)
/testbench_mnist_fcnn_fi/unit_under_test_inst/Ram_I/\I_dataWrite_IBUF[86]_inst\ (ibuf)
/testbench_mnist_fcnn_fi/unit_under_test_inst/Ram_I/\I_dataWrite_IBUF[167]_inst\ (ibuf)
/testbench_mnist_fcnn_fi/unit_under_test_inst/Ram_I/\I_dataWrite_IBUF[34]_inst\ (ibuf)
/testbench_mnist_fcnn_fi/unit_under_test_inst/Ram_I/\I_dataWrite_IBUF[115]_inst\ (ibuf)
/testbench_mnist_fcnn_fi/unit_under_test_inst/Ram_I/\I_dataWrite_IBUF[201]_inst\ (ibuf)
/testbench_mnist_fcnn_fi/unit_under_test_inst/Ram_I/\I_dataWrite_IBUF[191]_inst\ (ibuf)
/testbench_mnist_fcnn_fi/unit_under_test_inst/Ram_I/\I_addr_read_IBUF[2]_inst\ (ibuf)
/testbench_mnist_fcnn_fi/unit_under_test_inst/Ram_I/\I_dataWrite_IBUF[57]_inst\ (ibuf)
/testbench_mnist_fcnn_fi/unit_under_test_inst/Ram_I/\I_dataWrite_IBUF[138]_inst\ (ibuf)
/testbench_mnist_fcnn_fi/unit_under_test_inst/Ram_I/\I_dataWrite_IBUF[9]_inst\ (ibuf)
/testbench_mnist_fcnn_fi/unit_under_test_inst/Ram_I/\I_dataWrite_IBUF[81]_inst\ (ibuf)
/testbench_mnist_fcnn_fi/unit_under_test_inst/Ram_I/\I_dataWrite_IBUF[162]_inst\ (ibuf)
/testbench_mnist_fcnn_fi/unit_under_test_inst/Ram_I/\I_dataWrite_IBUF[28]_inst\ (ibuf)
/testbench_mnist_fcnn_fi/unit_under_test_inst/Ram_I/\I_dataWrite_IBUF[109]_inst\ (ibuf)
/testbench_mnist_fcnn_fi/unit_under_test_inst/Ram_I/\I_dataWrite_IBUF[110]_inst\ (ibuf)
/testbench_mnist_fcnn_fi/unit_under_test_inst/Ram_I/\I_dataWrite_IBUF[185]_inst\ (ibuf)
/testbench_mnist_fcnn_fi/unit_under_test_inst/Ram_I/\I_dataWrite_IBUF[52]_inst\ (ibuf)
/testbench_mnist_fcnn_fi/unit_under_test_inst/Ram_I/\I_dataWrite_IBUF[133]_inst\ (ibuf)
/testbench_mnist_fcnn_fi/unit_under_test_inst/Ram_I/\I_dataWrite_IBUF[218]_inst\ (ibuf)
/testbench_mnist_fcnn_fi/unit_under_test_inst/Ram_I/\I_dataWrite_IBUF[75]_inst\ (ibuf)
/testbench_mnist_fcnn_fi/unit_under_test_inst/Ram_I/\I_dataWrite_IBUF[4]_inst\ (ibuf)
/testbench_mnist_fcnn_fi/unit_under_test_inst/Ram_I/\I_dataWrite_IBUF[156]_inst\ (ibuf)
/testbench_mnist_fcnn_fi/unit_under_test_inst/Ram_I/\I_dataWrite_IBUF[23]_inst\ (ibuf)
/testbench_mnist_fcnn_fi/unit_under_test_inst/Ram_I/\I_dataWrite_IBUF[104]_inst\ (ibuf)
/testbench_mnist_fcnn_fi/unit_under_test_inst/Ram_I/\I_dataWrite_IBUF[98]_inst\ (ibuf)
/testbench_mnist_fcnn_fi/unit_under_test_inst/Ram_I/\I_dataWrite_IBUF[179]_inst\ (ibuf)
/testbench_mnist_fcnn_fi/unit_under_test_inst/Ram_I/\I_dataWrite_IBUF[180]_inst\ (ibuf)
/testbench_mnist_fcnn_fi/unit_under_test_inst/Ram_I/\I_dataWrite_IBUF[46]_inst\ (ibuf)
/testbench_mnist_fcnn_fi/unit_under_test_inst/Ram_I/\I_addr_write_IBUF[2]_inst\ (ibuf)
/testbench_mnist_fcnn_fi/unit_under_test_inst/Ram_I/\I_dataWrite_IBUF[127]_inst\ (ibuf)
/testbench_mnist_fcnn_fi/unit_under_test_inst/Ram_I/\I_dataWrite_IBUF[213]_inst\ (ibuf)
/testbench_mnist_fcnn_fi/unit_under_test_inst/Ram_I/\I_dataWrite_IBUF[70]_inst\ (ibuf)
/testbench_mnist_fcnn_fi/unit_under_test_inst/Ram_I/\I_dataWrite_IBUF[69]_inst\ (ibuf)
/testbench_mnist_fcnn_fi/unit_under_test_inst/Ram_I/\I_dataWrite_IBUF[151]_inst\ (ibuf)
/testbench_mnist_fcnn_fi/unit_under_test_inst/Ram_I/\I_dataWrite_IBUF[17]_inst\ (ibuf)
/testbench_mnist_fcnn_fi/unit_under_test_inst/Ram_I/\I_dataWrite_IBUF[93]_inst\ (ibuf)
/testbench_mnist_fcnn_fi/unit_under_test_inst/Ram_I/\I_dataWrite_IBUF[174]_inst\ (ibuf)
/testbench_mnist_fcnn_fi/unit_under_test_inst/Ram_I/\I_dataWrite_IBUF[41]_inst\ (ibuf)
/testbench_mnist_fcnn_fi/unit_under_test_inst/Ram_I/\I_dataWrite_IBUF[122]_inst\ (ibuf)
/testbench_mnist_fcnn_fi/unit_under_test_inst/Ram_I/\I_dataWrite_IBUF[207]_inst\ (ibuf)
/testbench_mnist_fcnn_fi/unit_under_test_inst/Ram_I/\I_dataWrite_IBUF[197]_inst\ (ibuf)
/testbench_mnist_fcnn_fi/unit_under_test_inst/Ram_I/\I_dataWrite_IBUF[64]_inst\ (ibuf)
/testbench_mnist_fcnn_fi/unit_under_test_inst/Ram_I/\I_dataWrite_IBUF[145]_inst\ (ibuf)
/testbench_mnist_fcnn_fi/unit_under_test_inst/Ram_I/\I_dataWrite_IBUF[12]_inst\ (ibuf)
/testbench_mnist_fcnn_fi/unit_under_test_inst/Ram_I/\I_dataWrite_IBUF[87]_inst\ (ibuf)
/testbench_mnist_fcnn_fi/unit_under_test_inst/Ram_I/\I_dataWrite_IBUF[168]_inst\ (ibuf)
/testbench_mnist_fcnn_fi/unit_under_test_inst/Ram_I/\I_dataWrite_IBUF[35]_inst\ (ibuf)
/testbench_mnist_fcnn_fi/unit_under_test_inst/Ram_I/\I_dataWrite_IBUF[116]_inst\ (ibuf)
/testbench_mnist_fcnn_fi/unit_under_test_inst/Ram_I/\I_dataWrite_IBUF[202]_inst\ (ibuf)
/testbench_mnist_fcnn_fi/unit_under_test_inst/Ram_I/\I_dataWrite_IBUF[192]_inst\ (ibuf)
/testbench_mnist_fcnn_fi/unit_under_test_inst/Ram_I/\I_addr_read_IBUF[3]_inst\ (ibuf)
/testbench_mnist_fcnn_fi/unit_under_test_inst/Ram_I/\I_dataWrite_IBUF[58]_inst\ (ibuf)
/testbench_mnist_fcnn_fi/unit_under_test_inst/Ram_I/\I_dataWrite_IBUF[139]_inst\ (ibuf)
/testbench_mnist_fcnn_fi/unit_under_test_inst/Ram_I/\I_dataWrite_IBUF[140]_inst\ (ibuf)
/testbench_mnist_fcnn_fi/unit_under_test_inst/Ram_I/\I_dataWrite_IBUF[82]_inst\ (ibuf)
/testbench_mnist_fcnn_fi/unit_under_test_inst/Ram_I/\I_dataWrite_IBUF[163]_inst\ (ibuf)
/testbench_mnist_fcnn_fi/unit_under_test_inst/Ram_I/\I_dataWrite_IBUF[30]_inst\ (ibuf)
/testbench_mnist_fcnn_fi/unit_under_test_inst/Ram_I/\I_dataWrite_IBUF[29]_inst\ (ibuf)
/testbench_mnist_fcnn_fi/unit_under_test_inst/Ram_I/\I_dataWrite_IBUF[111]_inst\ (ibuf)
/testbench_mnist_fcnn_fi/unit_under_test_inst/Ram_I/\I_dataWrite_IBUF[186]_inst\ (ibuf)
/testbench_mnist_fcnn_fi/unit_under_test_inst/Ram_I/\I_dataWrite_IBUF[53]_inst\ (ibuf)
/testbench_mnist_fcnn_fi/unit_under_test_inst/Ram_I/\I_dataWrite_IBUF[134]_inst\ (ibuf)
/testbench_mnist_fcnn_fi/unit_under_test_inst/Ram_I/\I_dataWrite_IBUF[220]_inst\ (ibuf)
/testbench_mnist_fcnn_fi/unit_under_test_inst/Ram_I/\I_dataWrite_IBUF[219]_inst\ (ibuf)
/testbench_mnist_fcnn_fi/unit_under_test_inst/Ram_I/\I_dataWrite_IBUF[76]_inst\ (ibuf)
/testbench_mnist_fcnn_fi/unit_under_test_inst/Ram_I/\I_dataWrite_IBUF[5]_inst\ (ibuf)
/testbench_mnist_fcnn_fi/unit_under_test_inst/Ram_I/\I_dataWrite_IBUF[157]_inst\ (ibuf)
/testbench_mnist_fcnn_fi/unit_under_test_inst/Ram_I/I_write_IBUF_inst (ibuf)
/testbench_mnist_fcnn_fi/unit_under_test_inst/Ram_I/\I_dataWrite_IBUF[24]_inst\ (ibuf)
/testbench_mnist_fcnn_fi/unit_under_test_inst/Ram_I/\I_dataWrite_IBUF[105]_inst\ (ibuf)
/testbench_mnist_fcnn_fi/unit_under_test_inst/Ram_I/\I_dataWrite_IBUF[99]_inst\ (ibuf)
/testbench_mnist_fcnn_fi/unit_under_test_inst/Ram_I/\I_dataWrite_IBUF[181]_inst\ (ibuf)
/testbench_mnist_fcnn_fi/unit_under_test_inst/Ram_I/\I_dataWrite_IBUF[47]_inst\ (ibuf)
/testbench_mnist_fcnn_fi/unit_under_test_inst/Ram_I/\I_addr_write_IBUF[3]_inst\ (ibuf)
/testbench_mnist_fcnn_fi/unit_under_test_inst/Ram_I/\I_dataWrite_IBUF[128]_inst\ (ibuf)
/testbench_mnist_fcnn_fi/unit_under_test_inst/Ram_I/I_clk_IBUF_inst (ibuf)
/testbench_mnist_fcnn_fi/unit_under_test_inst/Ram_I/\I_dataWrite_IBUF[214]_inst\ (ibuf)
/testbench_mnist_fcnn_fi/unit_under_test_inst/Ram_I/\I_dataWrite_IBUF[71]_inst\ (ibuf)
/testbench_mnist_fcnn_fi/unit_under_test_inst/Ram_I/\I_dataWrite_IBUF[0]_inst\ (ibuf)
/testbench_mnist_fcnn_fi/unit_under_test_inst/Ram_I/\I_dataWrite_IBUF[152]_inst\ (ibuf)
/testbench_mnist_fcnn_fi/unit_under_test_inst/Ram_I/\I_dataWrite_IBUF[100]_inst\ (ibuf)
/testbench_mnist_fcnn_fi/unit_under_test_inst/Ram_I/\I_dataWrite_IBUF[18]_inst\ (ibuf)
/testbench_mnist_fcnn_fi/unit_under_test_inst/Ram_I/\I_dataWrite_IBUF[94]_inst\ (ibuf)
/testbench_mnist_fcnn_fi/unit_under_test_inst/Ram_I/\I_dataWrite_IBUF[175]_inst\ (ibuf)
/testbench_mnist_fcnn_fi/unit_under_test_inst/Ram_I/\I_dataWrite_IBUF[42]_inst\ (ibuf)
/testbench_mnist_fcnn_fi/unit_under_test_inst/Ram_I/\I_dataWrite_IBUF[123]_inst\ (ibuf)
/testbench_mnist_fcnn_fi/unit_under_test_inst/Ram_I/\I_dataWrite_IBUF[208]_inst\ (ibuf)
/testbench_mnist_fcnn_fi/unit_under_test_inst/Ram_I/\I_dataWrite_IBUF[198]_inst\ (ibuf)
/testbench_mnist_fcnn_fi/unit_under_test_inst/Ram_I/\I_dataWrite_IBUF[65]_inst\ (ibuf)
/testbench_mnist_fcnn_fi/unit_under_test_inst/Ram_I/\I_dataWrite_IBUF[146]_inst\ (ibuf)
/testbench_mnist_fcnn_fi/unit_under_test_inst/Ram_I/\I_dataWrite_IBUF[13]_inst\ (ibuf)
/testbench_mnist_fcnn_fi/unit_under_test_inst/Ram_I/\I_dataWrite_IBUF[88]_inst\ (ibuf)
/testbench_mnist_fcnn_fi/unit_under_test_inst/Ram_I/\I_dataWrite_IBUF[169]_inst\ (ibuf)
/testbench_mnist_fcnn_fi/unit_under_test_inst/Ram_I/\I_dataWrite_IBUF[170]_inst\ (ibuf)
/testbench_mnist_fcnn_fi/unit_under_test_inst/Ram_I/\I_dataWrite_IBUF[36]_inst\ (ibuf)
/testbench_mnist_fcnn_fi/unit_under_test_inst/Ram_I/\I_dataWrite_IBUF[117]_inst\ (ibuf)
/testbench_mnist_fcnn_fi/unit_under_test_inst/Ram_I/\I_dataWrite_IBUF[203]_inst\ (ibuf)
/testbench_mnist_fcnn_fi/unit_under_test_inst/Ram_I/\I_dataWrite_IBUF[193]_inst\ (ibuf)
/testbench_mnist_fcnn_fi/unit_under_test_inst/Ram_I/\I_addr_read_IBUF[4]_inst\ (ibuf)
/testbench_mnist_fcnn_fi/unit_under_test_inst/Ram_I/\I_dataWrite_IBUF[60]_inst\ (ibuf)
/testbench_mnist_fcnn_fi/unit_under_test_inst/Ram_I/\I_dataWrite_IBUF[59]_inst\ (ibuf)
/testbench_mnist_fcnn_fi/unit_under_test_inst/Ram_I/\I_dataWrite_IBUF[141]_inst\ (ibuf)


OBUFs      : 224
/testbench_mnist_fcnn_fi/unit_under_test_inst/Ram_I/\O_dataRead_OBUF[61]_inst\ (OBUF)
/testbench_mnist_fcnn_fi/unit_under_test_inst/Ram_I/\O_dataRead_OBUF[168]_inst\ (OBUF)
/testbench_mnist_fcnn_fi/unit_under_test_inst/Ram_I/\O_dataRead_OBUF[116]_inst\ (OBUF)
/testbench_mnist_fcnn_fi/unit_under_test_inst/Ram_I/\O_dataRead_OBUF[84]_inst\ (OBUF)
/testbench_mnist_fcnn_fi/unit_under_test_inst/Ram_I/\O_dataRead_OBUF[202]_inst\ (OBUF)
/testbench_mnist_fcnn_fi/unit_under_test_inst/Ram_I/\O_dataRead_OBUF[192]_inst\ (OBUF)
/testbench_mnist_fcnn_fi/unit_under_test_inst/Ram_I/\O_dataRead_OBUF[32]_inst\ (OBUF)
/testbench_mnist_fcnn_fi/unit_under_test_inst/Ram_I/\O_dataRead_OBUF[140]_inst\ (OBUF)
/testbench_mnist_fcnn_fi/unit_under_test_inst/Ram_I/\O_dataRead_OBUF[139]_inst\ (OBUF)
/testbench_mnist_fcnn_fi/unit_under_test_inst/Ram_I/\O_dataRead_OBUF[55]_inst\ (OBUF)
/testbench_mnist_fcnn_fi/unit_under_test_inst/Ram_I/\O_dataRead_OBUF[163]_inst\ (OBUF)
/testbench_mnist_fcnn_fi/unit_under_test_inst/Ram_I/\O_dataRead_OBUF[111]_inst\ (OBUF)
/testbench_mnist_fcnn_fi/unit_under_test_inst/Ram_I/\O_dataRead_OBUF[78]_inst\ (OBUF)
/testbench_mnist_fcnn_fi/unit_under_test_inst/Ram_I/\O_dataRead_OBUF[186]_inst\ (OBUF)
/testbench_mnist_fcnn_fi/unit_under_test_inst/Ram_I/\O_dataRead_OBUF[26]_inst\ (OBUF)
/testbench_mnist_fcnn_fi/unit_under_test_inst/Ram_I/\O_dataRead_OBUF[134]_inst\ (OBUF)
/testbench_mnist_fcnn_fi/unit_under_test_inst/Ram_I/\O_dataRead_OBUF[220]_inst\ (OBUF)
/testbench_mnist_fcnn_fi/unit_under_test_inst/Ram_I/\O_dataRead_OBUF[219]_inst\ (OBUF)
/testbench_mnist_fcnn_fi/unit_under_test_inst/Ram_I/\O_dataRead_OBUF[50]_inst\ (OBUF)
/testbench_mnist_fcnn_fi/unit_under_test_inst/Ram_I/\O_dataRead_OBUF[49]_inst\ (OBUF)
/testbench_mnist_fcnn_fi/unit_under_test_inst/Ram_I/\O_dataRead_OBUF[157]_inst\ (OBUF)
/testbench_mnist_fcnn_fi/unit_under_test_inst/Ram_I/\O_dataRead_OBUF[105]_inst\ (OBUF)
/testbench_mnist_fcnn_fi/unit_under_test_inst/Ram_I/\O_dataRead_OBUF[8]_inst\ (OBUF)
/testbench_mnist_fcnn_fi/unit_under_test_inst/Ram_I/\O_dataRead_OBUF[73]_inst\ (OBUF)
/testbench_mnist_fcnn_fi/unit_under_test_inst/Ram_I/\O_dataRead_OBUF[181]_inst\ (OBUF)
/testbench_mnist_fcnn_fi/unit_under_test_inst/Ram_I/\O_dataRead_OBUF[21]_inst\ (OBUF)
/testbench_mnist_fcnn_fi/unit_under_test_inst/Ram_I/\O_dataRead_OBUF[128]_inst\ (OBUF)
/testbench_mnist_fcnn_fi/unit_under_test_inst/Ram_I/\O_dataRead_OBUF[96]_inst\ (OBUF)
/testbench_mnist_fcnn_fi/unit_under_test_inst/Ram_I/\O_dataRead_OBUF[214]_inst\ (OBUF)
/testbench_mnist_fcnn_fi/unit_under_test_inst/Ram_I/\O_dataRead_OBUF[44]_inst\ (OBUF)
/testbench_mnist_fcnn_fi/unit_under_test_inst/Ram_I/\O_dataRead_OBUF[152]_inst\ (OBUF)
/testbench_mnist_fcnn_fi/unit_under_test_inst/Ram_I/\O_dataRead_OBUF[100]_inst\ (OBUF)
/testbench_mnist_fcnn_fi/unit_under_test_inst/Ram_I/\O_dataRead_OBUF[3]_inst\ (OBUF)
/testbench_mnist_fcnn_fi/unit_under_test_inst/Ram_I/\O_dataRead_OBUF[67]_inst\ (OBUF)
/testbench_mnist_fcnn_fi/unit_under_test_inst/Ram_I/\O_dataRead_OBUF[175]_inst\ (OBUF)
/testbench_mnist_fcnn_fi/unit_under_test_inst/Ram_I/\O_dataRead_OBUF[15]_inst\ (OBUF)
/testbench_mnist_fcnn_fi/unit_under_test_inst/Ram_I/\O_dataRead_OBUF[123]_inst\ (OBUF)
/testbench_mnist_fcnn_fi/unit_under_test_inst/Ram_I/\O_dataRead_OBUF[91]_inst\ (OBUF)
/testbench_mnist_fcnn_fi/unit_under_test_inst/Ram_I/\O_dataRead_OBUF[208]_inst\ (OBUF)
/testbench_mnist_fcnn_fi/unit_under_test_inst/Ram_I/\O_dataRead_OBUF[198]_inst\ (OBUF)
/testbench_mnist_fcnn_fi/unit_under_test_inst/Ram_I/\O_dataRead_OBUF[38]_inst\ (OBUF)
/testbench_mnist_fcnn_fi/unit_under_test_inst/Ram_I/\O_dataRead_OBUF[146]_inst\ (OBUF)
/testbench_mnist_fcnn_fi/unit_under_test_inst/Ram_I/\O_dataRead_OBUF[62]_inst\ (OBUF)
/testbench_mnist_fcnn_fi/unit_under_test_inst/Ram_I/\O_dataRead_OBUF[170]_inst\ (OBUF)
/testbench_mnist_fcnn_fi/unit_under_test_inst/Ram_I/\O_dataRead_OBUF[169]_inst\ (OBUF)
/testbench_mnist_fcnn_fi/unit_under_test_inst/Ram_I/\O_dataRead_OBUF[117]_inst\ (OBUF)
/testbench_mnist_fcnn_fi/unit_under_test_inst/Ram_I/\O_dataRead_OBUF[10]_inst\ (OBUF)
/testbench_mnist_fcnn_fi/unit_under_test_inst/Ram_I/\O_dataRead_OBUF[85]_inst\ (OBUF)
/testbench_mnist_fcnn_fi/unit_under_test_inst/Ram_I/\O_dataRead_OBUF[203]_inst\ (OBUF)
/testbench_mnist_fcnn_fi/unit_under_test_inst/Ram_I/\O_dataRead_OBUF[193]_inst\ (OBUF)
/testbench_mnist_fcnn_fi/unit_under_test_inst/Ram_I/\O_dataRead_OBUF[33]_inst\ (OBUF)
/testbench_mnist_fcnn_fi/unit_under_test_inst/Ram_I/\O_dataRead_OBUF[141]_inst\ (OBUF)
/testbench_mnist_fcnn_fi/unit_under_test_inst/Ram_I/\O_dataRead_OBUF[56]_inst\ (OBUF)
/testbench_mnist_fcnn_fi/unit_under_test_inst/Ram_I/\O_dataRead_OBUF[164]_inst\ (OBUF)
/testbench_mnist_fcnn_fi/unit_under_test_inst/Ram_I/\O_dataRead_OBUF[112]_inst\ (OBUF)
/testbench_mnist_fcnn_fi/unit_under_test_inst/Ram_I/\O_dataRead_OBUF[80]_inst\ (OBUF)
/testbench_mnist_fcnn_fi/unit_under_test_inst/Ram_I/\O_dataRead_OBUF[79]_inst\ (OBUF)
/testbench_mnist_fcnn_fi/unit_under_test_inst/Ram_I/\O_dataRead_OBUF[187]_inst\ (OBUF)
/testbench_mnist_fcnn_fi/unit_under_test_inst/Ram_I/\O_dataRead_OBUF[27]_inst\ (OBUF)
/testbench_mnist_fcnn_fi/unit_under_test_inst/Ram_I/\O_dataRead_OBUF[135]_inst\ (OBUF)
/testbench_mnist_fcnn_fi/unit_under_test_inst/Ram_I/\O_dataRead_OBUF[221]_inst\ (OBUF)
/testbench_mnist_fcnn_fi/unit_under_test_inst/Ram_I/\O_dataRead_OBUF[51]_inst\ (OBUF)
/testbench_mnist_fcnn_fi/unit_under_test_inst/Ram_I/\O_dataRead_OBUF[158]_inst\ (OBUF)
/testbench_mnist_fcnn_fi/unit_under_test_inst/Ram_I/\O_dataRead_OBUF[106]_inst\ (OBUF)
/testbench_mnist_fcnn_fi/unit_under_test_inst/Ram_I/\O_dataRead_OBUF[9]_inst\ (OBUF)
/testbench_mnist_fcnn_fi/unit_under_test_inst/Ram_I/\O_dataRead_OBUF[74]_inst\ (OBUF)
/testbench_mnist_fcnn_fi/unit_under_test_inst/Ram_I/\O_dataRead_OBUF[182]_inst\ (OBUF)
/testbench_mnist_fcnn_fi/unit_under_test_inst/Ram_I/\O_dataRead_OBUF[22]_inst\ (OBUF)
/testbench_mnist_fcnn_fi/unit_under_test_inst/Ram_I/\O_dataRead_OBUF[130]_inst\ (OBUF)
/testbench_mnist_fcnn_fi/unit_under_test_inst/Ram_I/\O_dataRead_OBUF[129]_inst\ (OBUF)
/testbench_mnist_fcnn_fi/unit_under_test_inst/Ram_I/\O_dataRead_OBUF[97]_inst\ (OBUF)
/testbench_mnist_fcnn_fi/unit_under_test_inst/Ram_I/\O_dataRead_OBUF[215]_inst\ (OBUF)
/testbench_mnist_fcnn_fi/unit_under_test_inst/Ram_I/\O_dataRead_OBUF[45]_inst\ (OBUF)
/testbench_mnist_fcnn_fi/unit_under_test_inst/Ram_I/\O_dataRead_OBUF[153]_inst\ (OBUF)
/testbench_mnist_fcnn_fi/unit_under_test_inst/Ram_I/\O_dataRead_OBUF[101]_inst\ (OBUF)
/testbench_mnist_fcnn_fi/unit_under_test_inst/Ram_I/\O_dataRead_OBUF[4]_inst\ (OBUF)
/testbench_mnist_fcnn_fi/unit_under_test_inst/Ram_I/\O_dataRead_OBUF[68]_inst\ (OBUF)
/testbench_mnist_fcnn_fi/unit_under_test_inst/Ram_I/\O_dataRead_OBUF[176]_inst\ (OBUF)
/testbench_mnist_fcnn_fi/unit_under_test_inst/Ram_I/\O_dataRead_OBUF[16]_inst\ (OBUF)
/testbench_mnist_fcnn_fi/unit_under_test_inst/Ram_I/\O_dataRead_OBUF[124]_inst\ (OBUF)
/testbench_mnist_fcnn_fi/unit_under_test_inst/Ram_I/\O_dataRead_OBUF[92]_inst\ (OBUF)
/testbench_mnist_fcnn_fi/unit_under_test_inst/Ram_I/\O_dataRead_OBUF[210]_inst\ (OBUF)
/testbench_mnist_fcnn_fi/unit_under_test_inst/Ram_I/\O_dataRead_OBUF[209]_inst\ (OBUF)
/testbench_mnist_fcnn_fi/unit_under_test_inst/Ram_I/\O_dataRead_OBUF[199]_inst\ (OBUF)
/testbench_mnist_fcnn_fi/unit_under_test_inst/Ram_I/\O_dataRead_OBUF[40]_inst\ (OBUF)
/testbench_mnist_fcnn_fi/unit_under_test_inst/Ram_I/\O_dataRead_OBUF[39]_inst\ (OBUF)
/testbench_mnist_fcnn_fi/unit_under_test_inst/Ram_I/\O_dataRead_OBUF[147]_inst\ (OBUF)
/testbench_mnist_fcnn_fi/unit_under_test_inst/Ram_I/\O_dataRead_OBUF[63]_inst\ (OBUF)
/testbench_mnist_fcnn_fi/unit_under_test_inst/Ram_I/\O_dataRead_OBUF[171]_inst\ (OBUF)
/testbench_mnist_fcnn_fi/unit_under_test_inst/Ram_I/\O_dataRead_OBUF[11]_inst\ (OBUF)
/testbench_mnist_fcnn_fi/unit_under_test_inst/Ram_I/\O_dataRead_OBUF[118]_inst\ (OBUF)
/testbench_mnist_fcnn_fi/unit_under_test_inst/Ram_I/\O_dataRead_OBUF[86]_inst\ (OBUF)
/testbench_mnist_fcnn_fi/unit_under_test_inst/Ram_I/\O_dataRead_OBUF[204]_inst\ (OBUF)
/testbench_mnist_fcnn_fi/unit_under_test_inst/Ram_I/\O_dataRead_OBUF[194]_inst\ (OBUF)
/testbench_mnist_fcnn_fi/unit_under_test_inst/Ram_I/\O_dataRead_OBUF[34]_inst\ (OBUF)
/testbench_mnist_fcnn_fi/unit_under_test_inst/Ram_I/\O_dataRead_OBUF[142]_inst\ (OBUF)
/testbench_mnist_fcnn_fi/unit_under_test_inst/Ram_I/\O_dataRead_OBUF[57]_inst\ (OBUF)
/testbench_mnist_fcnn_fi/unit_under_test_inst/Ram_I/\O_dataRead_OBUF[165]_inst\ (OBUF)
/testbench_mnist_fcnn_fi/unit_under_test_inst/Ram_I/\O_dataRead_OBUF[113]_inst\ (OBUF)
/testbench_mnist_fcnn_fi/unit_under_test_inst/Ram_I/\O_dataRead_OBUF[81]_inst\ (OBUF)
/testbench_mnist_fcnn_fi/unit_under_test_inst/Ram_I/\O_dataRead_OBUF[188]_inst\ (OBUF)
/testbench_mnist_fcnn_fi/unit_under_test_inst/Ram_I/\O_dataRead_OBUF[28]_inst\ (OBUF)
/testbench_mnist_fcnn_fi/unit_under_test_inst/Ram_I/\O_dataRead_OBUF[136]_inst\ (OBUF)
/testbench_mnist_fcnn_fi/unit_under_test_inst/Ram_I/\O_dataRead_OBUF[222]_inst\ (OBUF)
/testbench_mnist_fcnn_fi/unit_under_test_inst/Ram_I/\O_dataRead_OBUF[52]_inst\ (OBUF)
/testbench_mnist_fcnn_fi/unit_under_test_inst/Ram_I/\O_dataRead_OBUF[160]_inst\ (OBUF)
/testbench_mnist_fcnn_fi/unit_under_test_inst/Ram_I/\O_dataRead_OBUF[159]_inst\ (OBUF)
/testbench_mnist_fcnn_fi/unit_under_test_inst/Ram_I/\O_dataRead_OBUF[107]_inst\ (OBUF)
/testbench_mnist_fcnn_fi/unit_under_test_inst/Ram_I/\O_dataRead_OBUF[75]_inst\ (OBUF)
/testbench_mnist_fcnn_fi/unit_under_test_inst/Ram_I/\O_dataRead_OBUF[183]_inst\ (OBUF)
/testbench_mnist_fcnn_fi/unit_under_test_inst/Ram_I/\O_dataRead_OBUF[23]_inst\ (OBUF)
/testbench_mnist_fcnn_fi/unit_under_test_inst/Ram_I/\O_dataRead_OBUF[131]_inst\ (OBUF)
/testbench_mnist_fcnn_fi/unit_under_test_inst/Ram_I/\O_dataRead_OBUF[98]_inst\ (OBUF)
/testbench_mnist_fcnn_fi/unit_under_test_inst/Ram_I/\O_dataRead_OBUF[216]_inst\ (OBUF)
/testbench_mnist_fcnn_fi/unit_under_test_inst/Ram_I/\O_dataRead_OBUF[46]_inst\ (OBUF)
/testbench_mnist_fcnn_fi/unit_under_test_inst/Ram_I/\O_dataRead_OBUF[154]_inst\ (OBUF)
/testbench_mnist_fcnn_fi/unit_under_test_inst/Ram_I/\O_dataRead_OBUF[102]_inst\ (OBUF)
/testbench_mnist_fcnn_fi/unit_under_test_inst/Ram_I/\O_dataRead_OBUF[5]_inst\ (OBUF)
/testbench_mnist_fcnn_fi/unit_under_test_inst/Ram_I/\O_dataRead_OBUF[70]_inst\ (OBUF)
/testbench_mnist_fcnn_fi/unit_under_test_inst/Ram_I/\O_dataRead_OBUF[69]_inst\ (OBUF)
/testbench_mnist_fcnn_fi/unit_under_test_inst/Ram_I/\O_dataRead_OBUF[177]_inst\ (OBUF)
/testbench_mnist_fcnn_fi/unit_under_test_inst/Ram_I/\O_dataRead_OBUF[17]_inst\ (OBUF)
/testbench_mnist_fcnn_fi/unit_under_test_inst/Ram_I/\O_dataRead_OBUF[125]_inst\ (OBUF)
/testbench_mnist_fcnn_fi/unit_under_test_inst/Ram_I/\O_dataRead_OBUF[93]_inst\ (OBUF)
/testbench_mnist_fcnn_fi/unit_under_test_inst/Ram_I/\O_dataRead_OBUF[211]_inst\ (OBUF)
/testbench_mnist_fcnn_fi/unit_under_test_inst/Ram_I/\O_dataRead_OBUF[41]_inst\ (OBUF)
/testbench_mnist_fcnn_fi/unit_under_test_inst/Ram_I/\O_dataRead_OBUF[148]_inst\ (OBUF)
/testbench_mnist_fcnn_fi/unit_under_test_inst/Ram_I/\O_dataRead_OBUF[0]_inst\ (OBUF)
/testbench_mnist_fcnn_fi/unit_under_test_inst/Ram_I/\O_dataRead_OBUF[64]_inst\ (OBUF)
/testbench_mnist_fcnn_fi/unit_under_test_inst/Ram_I/\O_dataRead_OBUF[172]_inst\ (OBUF)
/testbench_mnist_fcnn_fi/unit_under_test_inst/Ram_I/\O_dataRead_OBUF[12]_inst\ (OBUF)
/testbench_mnist_fcnn_fi/unit_under_test_inst/Ram_I/\O_dataRead_OBUF[120]_inst\ (OBUF)
/testbench_mnist_fcnn_fi/unit_under_test_inst/Ram_I/\O_dataRead_OBUF[119]_inst\ (OBUF)
/testbench_mnist_fcnn_fi/unit_under_test_inst/Ram_I/\O_dataRead_OBUF[87]_inst\ (OBUF)
/testbench_mnist_fcnn_fi/unit_under_test_inst/Ram_I/\O_dataRead_OBUF[205]_inst\ (OBUF)
/testbench_mnist_fcnn_fi/unit_under_test_inst/Ram_I/\O_dataRead_OBUF[195]_inst\ (OBUF)
/testbench_mnist_fcnn_fi/unit_under_test_inst/Ram_I/\O_dataRead_OBUF[35]_inst\ (OBUF)
/testbench_mnist_fcnn_fi/unit_under_test_inst/Ram_I/\O_dataRead_OBUF[143]_inst\ (OBUF)
/testbench_mnist_fcnn_fi/unit_under_test_inst/Ram_I/\O_dataRead_OBUF[58]_inst\ (OBUF)
/testbench_mnist_fcnn_fi/unit_under_test_inst/Ram_I/\O_dataRead_OBUF[166]_inst\ (OBUF)
/testbench_mnist_fcnn_fi/unit_under_test_inst/Ram_I/\O_dataRead_OBUF[114]_inst\ (OBUF)
/testbench_mnist_fcnn_fi/unit_under_test_inst/Ram_I/\O_dataRead_OBUF[82]_inst\ (OBUF)
/testbench_mnist_fcnn_fi/unit_under_test_inst/Ram_I/\O_dataRead_OBUF[200]_inst\ (OBUF)
/testbench_mnist_fcnn_fi/unit_under_test_inst/Ram_I/\O_dataRead_OBUF[190]_inst\ (OBUF)
/testbench_mnist_fcnn_fi/unit_under_test_inst/Ram_I/\O_dataRead_OBUF[189]_inst\ (OBUF)
/testbench_mnist_fcnn_fi/unit_under_test_inst/Ram_I/\O_dataRead_OBUF[30]_inst\ (OBUF)
/testbench_mnist_fcnn_fi/unit_under_test_inst/Ram_I/\O_dataRead_OBUF[29]_inst\ (OBUF)
/testbench_mnist_fcnn_fi/unit_under_test_inst/Ram_I/\O_dataRead_OBUF[137]_inst\ (OBUF)
/testbench_mnist_fcnn_fi/unit_under_test_inst/Ram_I/\O_dataRead_OBUF[223]_inst\ (OBUF)
/testbench_mnist_fcnn_fi/unit_under_test_inst/Ram_I/\O_dataRead_OBUF[53]_inst\ (OBUF)
/testbench_mnist_fcnn_fi/unit_under_test_inst/Ram_I/\O_dataRead_OBUF[161]_inst\ (OBUF)
/testbench_mnist_fcnn_fi/unit_under_test_inst/Ram_I/\O_dataRead_OBUF[108]_inst\ (OBUF)
/testbench_mnist_fcnn_fi/unit_under_test_inst/Ram_I/\O_dataRead_OBUF[76]_inst\ (OBUF)
/testbench_mnist_fcnn_fi/unit_under_test_inst/Ram_I/\O_dataRead_OBUF[184]_inst\ (OBUF)
/testbench_mnist_fcnn_fi/unit_under_test_inst/Ram_I/\O_dataRead_OBUF[24]_inst\ (OBUF)
/testbench_mnist_fcnn_fi/unit_under_test_inst/Ram_I/\O_dataRead_OBUF[132]_inst\ (OBUF)
/testbench_mnist_fcnn_fi/unit_under_test_inst/Ram_I/\O_dataRead_OBUF[99]_inst\ (OBUF)
/testbench_mnist_fcnn_fi/unit_under_test_inst/Ram_I/\O_dataRead_OBUF[217]_inst\ (OBUF)
/testbench_mnist_fcnn_fi/unit_under_test_inst/Ram_I/\O_dataRead_OBUF[47]_inst\ (OBUF)
/testbench_mnist_fcnn_fi/unit_under_test_inst/Ram_I/\O_dataRead_OBUF[155]_inst\ (OBUF)
/testbench_mnist_fcnn_fi/unit_under_test_inst/Ram_I/\O_dataRead_OBUF[103]_inst\ (OBUF)
/testbench_mnist_fcnn_fi/unit_under_test_inst/Ram_I/\O_dataRead_OBUF[6]_inst\ (OBUF)
/testbench_mnist_fcnn_fi/unit_under_test_inst/Ram_I/\O_dataRead_OBUF[71]_inst\ (OBUF)
/testbench_mnist_fcnn_fi/unit_under_test_inst/Ram_I/\O_dataRead_OBUF[178]_inst\ (OBUF)
/testbench_mnist_fcnn_fi/unit_under_test_inst/Ram_I/\O_dataRead_OBUF[18]_inst\ (OBUF)
/testbench_mnist_fcnn_fi/unit_under_test_inst/Ram_I/\O_dataRead_OBUF[126]_inst\ (OBUF)
/testbench_mnist_fcnn_fi/unit_under_test_inst/Ram_I/\O_dataRead_OBUF[94]_inst\ (OBUF)
/testbench_mnist_fcnn_fi/unit_under_test_inst/Ram_I/\O_dataRead_OBUF[212]_inst\ (OBUF)
/testbench_mnist_fcnn_fi/unit_under_test_inst/Ram_I/\O_dataRead_OBUF[42]_inst\ (OBUF)
/testbench_mnist_fcnn_fi/unit_under_test_inst/Ram_I/\O_dataRead_OBUF[150]_inst\ (OBUF)
/testbench_mnist_fcnn_fi/unit_under_test_inst/Ram_I/\O_dataRead_OBUF[149]_inst\ (OBUF)
/testbench_mnist_fcnn_fi/unit_under_test_inst/Ram_I/\O_dataRead_OBUF[1]_inst\ (OBUF)
/testbench_mnist_fcnn_fi/unit_under_test_inst/Ram_I/\O_dataRead_OBUF[65]_inst\ (OBUF)
/testbench_mnist_fcnn_fi/unit_under_test_inst/Ram_I/\O_dataRead_OBUF[173]_inst\ (OBUF)
/testbench_mnist_fcnn_fi/unit_under_test_inst/Ram_I/\O_dataRead_OBUF[13]_inst\ (OBUF)
/testbench_mnist_fcnn_fi/unit_under_test_inst/Ram_I/\O_dataRead_OBUF[121]_inst\ (OBUF)
/testbench_mnist_fcnn_fi/unit_under_test_inst/Ram_I/\O_dataRead_OBUF[88]_inst\ (OBUF)
/testbench_mnist_fcnn_fi/unit_under_test_inst/Ram_I/\O_dataRead_OBUF[206]_inst\ (OBUF)
/testbench_mnist_fcnn_fi/unit_under_test_inst/Ram_I/\O_dataRead_OBUF[196]_inst\ (OBUF)
/testbench_mnist_fcnn_fi/unit_under_test_inst/Ram_I/\O_dataRead_OBUF[36]_inst\ (OBUF)
/testbench_mnist_fcnn_fi/unit_under_test_inst/Ram_I/\O_dataRead_OBUF[144]_inst\ (OBUF)
/testbench_mnist_fcnn_fi/unit_under_test_inst/Ram_I/\O_dataRead_OBUF[60]_inst\ (OBUF)
/testbench_mnist_fcnn_fi/unit_under_test_inst/Ram_I/\O_dataRead_OBUF[59]_inst\ (OBUF)
/testbench_mnist_fcnn_fi/unit_under_test_inst/Ram_I/\O_dataRead_OBUF[167]_inst\ (OBUF)
/testbench_mnist_fcnn_fi/unit_under_test_inst/Ram_I/\O_dataRead_OBUF[115]_inst\ (OBUF)
/testbench_mnist_fcnn_fi/unit_under_test_inst/Ram_I/\O_dataRead_OBUF[83]_inst\ (OBUF)
/testbench_mnist_fcnn_fi/unit_under_test_inst/Ram_I/\O_dataRead_OBUF[201]_inst\ (OBUF)
/testbench_mnist_fcnn_fi/unit_under_test_inst/Ram_I/\O_dataRead_OBUF[191]_inst\ (OBUF)
/testbench_mnist_fcnn_fi/unit_under_test_inst/Ram_I/\O_dataRead_OBUF[31]_inst\ (OBUF)
/testbench_mnist_fcnn_fi/unit_under_test_inst/Ram_I/\O_dataRead_OBUF[138]_inst\ (OBUF)
/testbench_mnist_fcnn_fi/unit_under_test_inst/Ram_I/\O_dataRead_OBUF[54]_inst\ (OBUF)
/testbench_mnist_fcnn_fi/unit_under_test_inst/Ram_I/\O_dataRead_OBUF[162]_inst\ (OBUF)
/testbench_mnist_fcnn_fi/unit_under_test_inst/Ram_I/\O_dataRead_OBUF[110]_inst\ (OBUF)
/testbench_mnist_fcnn_fi/unit_under_test_inst/Ram_I/\O_dataRead_OBUF[109]_inst\ (OBUF)
/testbench_mnist_fcnn_fi/unit_under_test_inst/Ram_I/\O_dataRead_OBUF[77]_inst\ (OBUF)
/testbench_mnist_fcnn_fi/unit_under_test_inst/Ram_I/\O_dataRead_OBUF[185]_inst\ (OBUF)
/testbench_mnist_fcnn_fi/unit_under_test_inst/Ram_I/\O_dataRead_OBUF[25]_inst\ (OBUF)
/testbench_mnist_fcnn_fi/unit_under_test_inst/Ram_I/\O_dataRead_OBUF[133]_inst\ (OBUF)
/testbench_mnist_fcnn_fi/unit_under_test_inst/Ram_I/\O_dataRead_OBUF[218]_inst\ (OBUF)
/testbench_mnist_fcnn_fi/unit_under_test_inst/Ram_I/\O_dataRead_OBUF[48]_inst\ (OBUF)
/testbench_mnist_fcnn_fi/unit_under_test_inst/Ram_I/\O_dataRead_OBUF[156]_inst\ (OBUF)
/testbench_mnist_fcnn_fi/unit_under_test_inst/Ram_I/\O_dataRead_OBUF[104]_inst\ (OBUF)
/testbench_mnist_fcnn_fi/unit_under_test_inst/Ram_I/\O_dataRead_OBUF[7]_inst\ (OBUF)
/testbench_mnist_fcnn_fi/unit_under_test_inst/Ram_I/\O_dataRead_OBUF[72]_inst\ (OBUF)
/testbench_mnist_fcnn_fi/unit_under_test_inst/Ram_I/\O_dataRead_OBUF[180]_inst\ (OBUF)
/testbench_mnist_fcnn_fi/unit_under_test_inst/Ram_I/\O_dataRead_OBUF[179]_inst\ (OBUF)
/testbench_mnist_fcnn_fi/unit_under_test_inst/Ram_I/\O_dataRead_OBUF[20]_inst\ (OBUF)
/testbench_mnist_fcnn_fi/unit_under_test_inst/Ram_I/\O_dataRead_OBUF[19]_inst\ (OBUF)
/testbench_mnist_fcnn_fi/unit_under_test_inst/Ram_I/\O_dataRead_OBUF[127]_inst\ (OBUF)
/testbench_mnist_fcnn_fi/unit_under_test_inst/Ram_I/\O_dataRead_OBUF[95]_inst\ (OBUF)
/testbench_mnist_fcnn_fi/unit_under_test_inst/Ram_I/\O_dataRead_OBUF[213]_inst\ (OBUF)
/testbench_mnist_fcnn_fi/unit_under_test_inst/Ram_I/\O_dataRead_OBUF[43]_inst\ (OBUF)
/testbench_mnist_fcnn_fi/unit_under_test_inst/Ram_I/\O_dataRead_OBUF[151]_inst\ (OBUF)
/testbench_mnist_fcnn_fi/unit_under_test_inst/Ram_I/\O_dataRead_OBUF[2]_inst\ (OBUF)
/testbench_mnist_fcnn_fi/unit_under_test_inst/Ram_I/\O_dataRead_OBUF[66]_inst\ (OBUF)
/testbench_mnist_fcnn_fi/unit_under_test_inst/Ram_I/\O_dataRead_OBUF[174]_inst\ (OBUF)
/testbench_mnist_fcnn_fi/unit_under_test_inst/Ram_I/\O_dataRead_OBUF[14]_inst\ (OBUF)
/testbench_mnist_fcnn_fi/unit_under_test_inst/Ram_I/\O_dataRead_OBUF[122]_inst\ (OBUF)
/testbench_mnist_fcnn_fi/unit_under_test_inst/Ram_I/\O_dataRead_OBUF[90]_inst\ (OBUF)
/testbench_mnist_fcnn_fi/unit_under_test_inst/Ram_I/\O_dataRead_OBUF[89]_inst\ (OBUF)
/testbench_mnist_fcnn_fi/unit_under_test_inst/Ram_I/\O_dataRead_OBUF[207]_inst\ (OBUF)
/testbench_mnist_fcnn_fi/unit_under_test_inst/Ram_I/\O_dataRead_OBUF[197]_inst\ (OBUF)
/testbench_mnist_fcnn_fi/unit_under_test_inst/Ram_I/\O_dataRead_OBUF[37]_inst\ (OBUF)
/testbench_mnist_fcnn_fi/unit_under_test_inst/Ram_I/\O_dataRead_OBUF[145]_inst\ (OBUF)


RAMB18E1s      : 1
/testbench_mnist_fcnn_fi/unit_under_test_inst/Ram_I/mem_reg_3 (ramb18e1)


RAMB36E1s      : 3
/testbench_mnist_fcnn_fi/unit_under_test_inst/Ram_I/mem_reg_0 (ramb36e1)
/testbench_mnist_fcnn_fi/unit_under_test_inst/Ram_I/mem_reg_1 (ramb36e1)
/testbench_mnist_fcnn_fi/unit_under_test_inst/Ram_I/mem_reg_2 (ramb36e1)


