BUFGs      : 1
/testbench_mnist_fcnn_fi/unit_under_test_inst/Counter_L1_1/I_clk_IBUF_BUFG_inst (BUFG)


CARRY4s      : 6
/testbench_mnist_fcnn_fi/unit_under_test_inst/Counter_L1_1/\O_W_N_OBUF[5]_inst_i_1\ (carry4)
/testbench_mnist_fcnn_fi/unit_under_test_inst/Counter_L1_1/\O_W_N_OBUF[10]_inst_i_2\ (carry4)
/testbench_mnist_fcnn_fi/unit_under_test_inst/Counter_L1_1/\O_W_N_OBUF[9]_inst_i_2\ (carry4)
/testbench_mnist_fcnn_fi/unit_under_test_inst/Counter_L1_1/\O_W_N_OBUF[10]_inst_i_1\ (carry4)
/testbench_mnist_fcnn_fi/unit_under_test_inst/Counter_L1_1/\O_W_N_OBUF[9]_inst_i_1\ (carry4)
/testbench_mnist_fcnn_fi/unit_under_test_inst/Counter_L1_1/\O_W_N_OBUF[5]_inst_i_2\ (carry4)


FDCEs      : 11
/testbench_mnist_fcnn_fi/unit_under_test_inst/Counter_L1_1/\Counter_40/temp_value_reg[5]\ (FDCE)
/testbench_mnist_fcnn_fi/unit_under_test_inst/Counter_L1_1/\Counter_28/temp_value_reg[4]\ (FDCE)
/testbench_mnist_fcnn_fi/unit_under_test_inst/Counter_L1_1/\Counter_40/temp_value_reg[2]\ (FDCE)
/testbench_mnist_fcnn_fi/unit_under_test_inst/Counter_L1_1/\Counter_28/temp_value_reg[1]\ (FDCE)
/testbench_mnist_fcnn_fi/unit_under_test_inst/Counter_L1_1/\Counter_40/temp_value_reg[3]\ (FDCE)
/testbench_mnist_fcnn_fi/unit_under_test_inst/Counter_L1_1/\Counter_28/temp_value_reg[2]\ (FDCE)
/testbench_mnist_fcnn_fi/unit_under_test_inst/Counter_L1_1/\Counter_40/temp_value_reg[0]\ (FDCE)
/testbench_mnist_fcnn_fi/unit_under_test_inst/Counter_L1_1/\Counter_40/temp_value_reg[4]\ (FDCE)
/testbench_mnist_fcnn_fi/unit_under_test_inst/Counter_L1_1/\Counter_28/temp_value_reg[3]\ (FDCE)
/testbench_mnist_fcnn_fi/unit_under_test_inst/Counter_L1_1/\Counter_40/temp_value_reg[1]\ (FDCE)
/testbench_mnist_fcnn_fi/unit_under_test_inst/Counter_L1_1/\Counter_28/temp_value_reg[0]\ (FDCE)


IBUFs      : 6
/testbench_mnist_fcnn_fi/unit_under_test_inst/Counter_L1_1/I_clk_IBUF_inst (IBUF)
/testbench_mnist_fcnn_fi/unit_under_test_inst/Counter_L1_1/I_N_clean_IBUF_inst (IBUF)
/testbench_mnist_fcnn_fi/unit_under_test_inst/Counter_L1_1/I_W_1_en_IBUF_inst (IBUF)
/testbench_mnist_fcnn_fi/unit_under_test_inst/Counter_L1_1/I_N_1_en_IBUF_inst (IBUF)
/testbench_mnist_fcnn_fi/unit_under_test_inst/Counter_L1_1/I_rst_IBUF_inst (IBUF)
/testbench_mnist_fcnn_fi/unit_under_test_inst/Counter_L1_1/I_W_clean_IBUF_inst (IBUF)


LUT1s      : 6
/testbench_mnist_fcnn_fi/unit_under_test_inst/Counter_L1_1/\O_W_N_OBUF[9]_inst_i_4\ (LUT1)
/testbench_mnist_fcnn_fi/unit_under_test_inst/Counter_L1_1/\O_W_N_OBUF[10]_inst_i_3\ (LUT1)
/testbench_mnist_fcnn_fi/unit_under_test_inst/Counter_L1_1/\O_W_N_OBUF[5]_inst_i_7\ (LUT1)
/testbench_mnist_fcnn_fi/unit_under_test_inst/Counter_L1_1/\O_W_N_OBUF[9]_inst_i_3\ (LUT1)
/testbench_mnist_fcnn_fi/unit_under_test_inst/Counter_L1_1/\O_W_N_OBUF[5]_inst_i_8\ (LUT1)
/testbench_mnist_fcnn_fi/unit_under_test_inst/Counter_L1_1/\temp_value[5]_i_3\ (LUT1)


LUT2s      : 9
/testbench_mnist_fcnn_fi/unit_under_test_inst/Counter_L1_1/\O_W_N_OBUF[5]_inst_i_5\ (LUT2)
/testbench_mnist_fcnn_fi/unit_under_test_inst/Counter_L1_1/\O_W_N_OBUF[5]_inst_i_6\ (LUT2)
/testbench_mnist_fcnn_fi/unit_under_test_inst/Counter_L1_1/\O_W_N_OBUF[9]_inst_i_5\ (LUT2)
/testbench_mnist_fcnn_fi/unit_under_test_inst/Counter_L1_1/\temp_value[5]_i_1\ (LUT2)
/testbench_mnist_fcnn_fi/unit_under_test_inst/Counter_L1_1/\temp_value[4]_i_1\ (LUT2)
/testbench_mnist_fcnn_fi/unit_under_test_inst/Counter_L1_1/\O_W_N_OBUF[5]_inst_i_3\ (LUT2)
/testbench_mnist_fcnn_fi/unit_under_test_inst/Counter_L1_1/\O_W_N_OBUF[9]_inst_i_6\ (LUT2)
/testbench_mnist_fcnn_fi/unit_under_test_inst/Counter_L1_1/\O_W_N_OBUF[2]_inst_i_1\ (LUT2)
/testbench_mnist_fcnn_fi/unit_under_test_inst/Counter_L1_1/\O_W_N_OBUF[5]_inst_i_4\ (LUT2)


LUT3s      : 1
/testbench_mnist_fcnn_fi/unit_under_test_inst/Counter_L1_1/\temp_value[0]_i_1\ (LUT3)


LUT4s      : 3
/testbench_mnist_fcnn_fi/unit_under_test_inst/Counter_L1_1/\temp_value[4]_i_1__0\ (LUT4)
/testbench_mnist_fcnn_fi/unit_under_test_inst/Counter_L1_1/\temp_value[5]_i_6\ (LUT4)
/testbench_mnist_fcnn_fi/unit_under_test_inst/Counter_L1_1/\temp_value[1]_i_1\ (LUT4)


LUT5s      : 3
/testbench_mnist_fcnn_fi/unit_under_test_inst/Counter_L1_1/\temp_value[5]_i_2\ (lut5)
/testbench_mnist_fcnn_fi/unit_under_test_inst/Counter_L1_1/\temp_value[2]_i_1\ (lut5)
/testbench_mnist_fcnn_fi/unit_under_test_inst/Counter_L1_1/\temp_value[0]_i_1__0\ (lut5)


LUT6s      : 7
/testbench_mnist_fcnn_fi/unit_under_test_inst/Counter_L1_1/\temp_value[2]_i_1__0\ (LUT6)
/testbench_mnist_fcnn_fi/unit_under_test_inst/Counter_L1_1/\temp_value[5]_i_4\ (LUT6)
/testbench_mnist_fcnn_fi/unit_under_test_inst/Counter_L1_1/\temp_value[5]_i_5\ (LUT6)
/testbench_mnist_fcnn_fi/unit_under_test_inst/Counter_L1_1/\temp_value[1]_i_1__0\ (LUT6)
/testbench_mnist_fcnn_fi/unit_under_test_inst/Counter_L1_1/\temp_value[3]_i_1__0\ (LUT6)
/testbench_mnist_fcnn_fi/unit_under_test_inst/Counter_L1_1/\temp_value[3]_i_1\ (LUT6)
/testbench_mnist_fcnn_fi/unit_under_test_inst/Counter_L1_1/\temp_value[4]_i_2\ (LUT6)


OBUFs      : 22
/testbench_mnist_fcnn_fi/unit_under_test_inst/Counter_L1_1/\O_N_1_OBUF[4]_inst\ (OBUF)
/testbench_mnist_fcnn_fi/unit_under_test_inst/Counter_L1_1/\O_W_N_OBUF[2]_inst\ (OBUF)
/testbench_mnist_fcnn_fi/unit_under_test_inst/Counter_L1_1/\O_W_N_OBUF[8]_inst\ (OBUF)
/testbench_mnist_fcnn_fi/unit_under_test_inst/Counter_L1_1/\O_W_1_OBUF[1]_inst\ (OBUF)
/testbench_mnist_fcnn_fi/unit_under_test_inst/Counter_L1_1/\O_N_1_OBUF[5]_inst\ (OBUF)
/testbench_mnist_fcnn_fi/unit_under_test_inst/Counter_L1_1/\O_W_N_OBUF[3]_inst\ (OBUF)
/testbench_mnist_fcnn_fi/unit_under_test_inst/Counter_L1_1/\O_N_1_OBUF[0]_inst\ (OBUF)
/testbench_mnist_fcnn_fi/unit_under_test_inst/Counter_L1_1/\O_W_N_OBUF[9]_inst\ (OBUF)
/testbench_mnist_fcnn_fi/unit_under_test_inst/Counter_L1_1/\O_W_1_OBUF[2]_inst\ (OBUF)
/testbench_mnist_fcnn_fi/unit_under_test_inst/Counter_L1_1/\O_W_N_OBUF[4]_inst\ (OBUF)
/testbench_mnist_fcnn_fi/unit_under_test_inst/Counter_L1_1/\O_N_1_OBUF[1]_inst\ (OBUF)
/testbench_mnist_fcnn_fi/unit_under_test_inst/Counter_L1_1/\O_W_1_OBUF[3]_inst\ (OBUF)
/testbench_mnist_fcnn_fi/unit_under_test_inst/Counter_L1_1/\O_W_N_OBUF[5]_inst\ (OBUF)
/testbench_mnist_fcnn_fi/unit_under_test_inst/Counter_L1_1/\O_N_1_OBUF[2]_inst\ (OBUF)
/testbench_mnist_fcnn_fi/unit_under_test_inst/Counter_L1_1/\O_W_N_OBUF[0]_inst\ (OBUF)
/testbench_mnist_fcnn_fi/unit_under_test_inst/Counter_L1_1/\O_W_1_OBUF[4]_inst\ (OBUF)
/testbench_mnist_fcnn_fi/unit_under_test_inst/Counter_L1_1/\O_W_N_OBUF[6]_inst\ (OBUF)
/testbench_mnist_fcnn_fi/unit_under_test_inst/Counter_L1_1/\O_N_1_OBUF[3]_inst\ (OBUF)
/testbench_mnist_fcnn_fi/unit_under_test_inst/Counter_L1_1/\O_W_N_OBUF[10]_inst\ (OBUF)
/testbench_mnist_fcnn_fi/unit_under_test_inst/Counter_L1_1/\O_W_N_OBUF[1]_inst\ (OBUF)
/testbench_mnist_fcnn_fi/unit_under_test_inst/Counter_L1_1/\O_W_N_OBUF[7]_inst\ (OBUF)
/testbench_mnist_fcnn_fi/unit_under_test_inst/Counter_L1_1/\O_W_1_OBUF[0]_inst\ (OBUF)


