BUFGs      : 1
/testbench_mnist_fcnn_fi/unit_under_test_inst/NeuronCombinator_3/I_clk_IBUF_BUFG_inst (BUFG)


FDCEs      : 80
/testbench_mnist_fcnn_fi/unit_under_test_inst/NeuronCombinator_3/\SR_reg_reg[60]\ (FDCE)
/testbench_mnist_fcnn_fi/unit_under_test_inst/NeuronCombinator_3/\SR_reg_reg[59]\ (FDCE)
/testbench_mnist_fcnn_fi/unit_under_test_inst/NeuronCombinator_3/\SR_reg_reg[52]\ (FDCE)
/testbench_mnist_fcnn_fi/unit_under_test_inst/NeuronCombinator_3/\SR_reg_reg[8]\ (FDCE)
/testbench_mnist_fcnn_fi/unit_under_test_inst/NeuronCombinator_3/\SR_reg_reg[44]\ (FDCE)
/testbench_mnist_fcnn_fi/unit_under_test_inst/NeuronCombinator_3/\SR_reg_reg[36]\ (FDCE)
/testbench_mnist_fcnn_fi/unit_under_test_inst/NeuronCombinator_3/\SR_reg_reg[1]\ (FDCE)
/testbench_mnist_fcnn_fi/unit_under_test_inst/NeuronCombinator_3/\SR_reg_reg[28]\ (FDCE)
/testbench_mnist_fcnn_fi/unit_under_test_inst/NeuronCombinator_3/\SR_reg_reg[21]\ (FDCE)
/testbench_mnist_fcnn_fi/unit_under_test_inst/NeuronCombinator_3/\SR_reg_reg[13]\ (FDCE)
/testbench_mnist_fcnn_fi/unit_under_test_inst/NeuronCombinator_3/\SR_reg_reg[79]\ (FDCE)
/testbench_mnist_fcnn_fi/unit_under_test_inst/NeuronCombinator_3/\SR_reg_reg[72]\ (FDCE)
/testbench_mnist_fcnn_fi/unit_under_test_inst/NeuronCombinator_3/\SR_reg_reg[64]\ (FDCE)
/testbench_mnist_fcnn_fi/unit_under_test_inst/NeuronCombinator_3/\SR_reg_reg[56]\ (FDCE)
/testbench_mnist_fcnn_fi/unit_under_test_inst/NeuronCombinator_3/\SR_reg_reg[48]\ (FDCE)
/testbench_mnist_fcnn_fi/unit_under_test_inst/NeuronCombinator_3/\SR_reg_reg[5]\ (FDCE)
/testbench_mnist_fcnn_fi/unit_under_test_inst/NeuronCombinator_3/\SR_reg_reg[41]\ (FDCE)
/testbench_mnist_fcnn_fi/unit_under_test_inst/NeuronCombinator_3/\SR_reg_reg[33]\ (FDCE)
/testbench_mnist_fcnn_fi/unit_under_test_inst/NeuronCombinator_3/\SR_reg_reg[25]\ (FDCE)
/testbench_mnist_fcnn_fi/unit_under_test_inst/NeuronCombinator_3/\SR_reg_reg[17]\ (FDCE)
/testbench_mnist_fcnn_fi/unit_under_test_inst/NeuronCombinator_3/\SR_reg_reg[10]\ (FDCE)
/testbench_mnist_fcnn_fi/unit_under_test_inst/NeuronCombinator_3/\SR_reg_reg[76]\ (FDCE)
/testbench_mnist_fcnn_fi/unit_under_test_inst/NeuronCombinator_3/\SR_reg_reg[68]\ (FDCE)
/testbench_mnist_fcnn_fi/unit_under_test_inst/NeuronCombinator_3/\SR_reg_reg[61]\ (FDCE)
/testbench_mnist_fcnn_fi/unit_under_test_inst/NeuronCombinator_3/\SR_reg_reg[53]\ (FDCE)
/testbench_mnist_fcnn_fi/unit_under_test_inst/NeuronCombinator_3/\SR_reg_reg[9]\ (FDCE)
/testbench_mnist_fcnn_fi/unit_under_test_inst/NeuronCombinator_3/\SR_reg_reg[45]\ (FDCE)
/testbench_mnist_fcnn_fi/unit_under_test_inst/NeuronCombinator_3/\SR_reg_reg[37]\ (FDCE)
/testbench_mnist_fcnn_fi/unit_under_test_inst/NeuronCombinator_3/\SR_reg_reg[2]\ (FDCE)
/testbench_mnist_fcnn_fi/unit_under_test_inst/NeuronCombinator_3/\SR_reg_reg[30]\ (FDCE)
/testbench_mnist_fcnn_fi/unit_under_test_inst/NeuronCombinator_3/\SR_reg_reg[29]\ (FDCE)
/testbench_mnist_fcnn_fi/unit_under_test_inst/NeuronCombinator_3/\SR_reg_reg[22]\ (FDCE)
/testbench_mnist_fcnn_fi/unit_under_test_inst/NeuronCombinator_3/\SR_reg_reg[14]\ (FDCE)
/testbench_mnist_fcnn_fi/unit_under_test_inst/NeuronCombinator_3/\SR_reg_reg[73]\ (FDCE)
/testbench_mnist_fcnn_fi/unit_under_test_inst/NeuronCombinator_3/\SR_reg_reg[65]\ (FDCE)
/testbench_mnist_fcnn_fi/unit_under_test_inst/NeuronCombinator_3/\SR_reg_reg[57]\ (FDCE)
/testbench_mnist_fcnn_fi/unit_under_test_inst/NeuronCombinator_3/\SR_reg_reg[50]\ (FDCE)
/testbench_mnist_fcnn_fi/unit_under_test_inst/NeuronCombinator_3/\SR_reg_reg[49]\ (FDCE)
/testbench_mnist_fcnn_fi/unit_under_test_inst/NeuronCombinator_3/\SR_reg_reg[6]\ (FDCE)
/testbench_mnist_fcnn_fi/unit_under_test_inst/NeuronCombinator_3/\SR_reg_reg[42]\ (FDCE)
/testbench_mnist_fcnn_fi/unit_under_test_inst/NeuronCombinator_3/\SR_reg_reg[34]\ (FDCE)
/testbench_mnist_fcnn_fi/unit_under_test_inst/NeuronCombinator_3/\SR_reg_reg[26]\ (FDCE)
/testbench_mnist_fcnn_fi/unit_under_test_inst/NeuronCombinator_3/\SR_reg_reg[18]\ (FDCE)
/testbench_mnist_fcnn_fi/unit_under_test_inst/NeuronCombinator_3/\SR_reg_reg[11]\ (FDCE)
/testbench_mnist_fcnn_fi/unit_under_test_inst/NeuronCombinator_3/\SR_reg_reg[77]\ (FDCE)
/testbench_mnist_fcnn_fi/unit_under_test_inst/NeuronCombinator_3/\SR_reg_reg[70]\ (FDCE)
/testbench_mnist_fcnn_fi/unit_under_test_inst/NeuronCombinator_3/\SR_reg_reg[69]\ (FDCE)
/testbench_mnist_fcnn_fi/unit_under_test_inst/NeuronCombinator_3/\SR_reg_reg[62]\ (FDCE)
/testbench_mnist_fcnn_fi/unit_under_test_inst/NeuronCombinator_3/\SR_reg_reg[54]\ (FDCE)
/testbench_mnist_fcnn_fi/unit_under_test_inst/NeuronCombinator_3/\SR_reg_reg[46]\ (FDCE)
/testbench_mnist_fcnn_fi/unit_under_test_inst/NeuronCombinator_3/\SR_reg_reg[3]\ (FDCE)
/testbench_mnist_fcnn_fi/unit_under_test_inst/NeuronCombinator_3/\SR_reg_reg[38]\ (FDCE)
/testbench_mnist_fcnn_fi/unit_under_test_inst/NeuronCombinator_3/\SR_reg_reg[31]\ (FDCE)
/testbench_mnist_fcnn_fi/unit_under_test_inst/NeuronCombinator_3/\SR_reg_reg[23]\ (FDCE)
/testbench_mnist_fcnn_fi/unit_under_test_inst/NeuronCombinator_3/\SR_reg_reg[15]\ (FDCE)
/testbench_mnist_fcnn_fi/unit_under_test_inst/NeuronCombinator_3/\SR_reg_reg[74]\ (FDCE)
/testbench_mnist_fcnn_fi/unit_under_test_inst/NeuronCombinator_3/\SR_reg_reg[66]\ (FDCE)
/testbench_mnist_fcnn_fi/unit_under_test_inst/NeuronCombinator_3/\SR_reg_reg[58]\ (FDCE)
/testbench_mnist_fcnn_fi/unit_under_test_inst/NeuronCombinator_3/\SR_reg_reg[51]\ (FDCE)
/testbench_mnist_fcnn_fi/unit_under_test_inst/NeuronCombinator_3/\SR_reg_reg[7]\ (FDCE)
/testbench_mnist_fcnn_fi/unit_under_test_inst/NeuronCombinator_3/\SR_reg_reg[43]\ (FDCE)
/testbench_mnist_fcnn_fi/unit_under_test_inst/NeuronCombinator_3/\SR_reg_reg[35]\ (FDCE)
/testbench_mnist_fcnn_fi/unit_under_test_inst/NeuronCombinator_3/\SR_reg_reg[0]\ (FDCE)
/testbench_mnist_fcnn_fi/unit_under_test_inst/NeuronCombinator_3/\SR_reg_reg[27]\ (FDCE)
/testbench_mnist_fcnn_fi/unit_under_test_inst/NeuronCombinator_3/\SR_reg_reg[20]\ (FDCE)
/testbench_mnist_fcnn_fi/unit_under_test_inst/NeuronCombinator_3/\SR_reg_reg[19]\ (FDCE)
/testbench_mnist_fcnn_fi/unit_under_test_inst/NeuronCombinator_3/\SR_reg_reg[12]\ (FDCE)
/testbench_mnist_fcnn_fi/unit_under_test_inst/NeuronCombinator_3/\SR_reg_reg[78]\ (FDCE)
/testbench_mnist_fcnn_fi/unit_under_test_inst/NeuronCombinator_3/\SR_reg_reg[71]\ (FDCE)
/testbench_mnist_fcnn_fi/unit_under_test_inst/NeuronCombinator_3/\SR_reg_reg[63]\ (FDCE)
/testbench_mnist_fcnn_fi/unit_under_test_inst/NeuronCombinator_3/\SR_reg_reg[55]\ (FDCE)
/testbench_mnist_fcnn_fi/unit_under_test_inst/NeuronCombinator_3/\SR_reg_reg[47]\ (FDCE)
/testbench_mnist_fcnn_fi/unit_under_test_inst/NeuronCombinator_3/\SR_reg_reg[4]\ (FDCE)
/testbench_mnist_fcnn_fi/unit_under_test_inst/NeuronCombinator_3/\SR_reg_reg[40]\ (FDCE)
/testbench_mnist_fcnn_fi/unit_under_test_inst/NeuronCombinator_3/\SR_reg_reg[39]\ (FDCE)
/testbench_mnist_fcnn_fi/unit_under_test_inst/NeuronCombinator_3/\SR_reg_reg[32]\ (FDCE)
/testbench_mnist_fcnn_fi/unit_under_test_inst/NeuronCombinator_3/\SR_reg_reg[24]\ (FDCE)
/testbench_mnist_fcnn_fi/unit_under_test_inst/NeuronCombinator_3/\SR_reg_reg[16]\ (FDCE)
/testbench_mnist_fcnn_fi/unit_under_test_inst/NeuronCombinator_3/\SR_reg_reg[75]\ (FDCE)
/testbench_mnist_fcnn_fi/unit_under_test_inst/NeuronCombinator_3/\SR_reg_reg[67]\ (FDCE)


FDREs      : 80
/testbench_mnist_fcnn_fi/unit_under_test_inst/NeuronCombinator_3/\O_data_reg[73]\ (FDRE)
/testbench_mnist_fcnn_fi/unit_under_test_inst/NeuronCombinator_3/\O_data_reg[65]\ (FDRE)
/testbench_mnist_fcnn_fi/unit_under_test_inst/NeuronCombinator_3/\O_data_reg[57]\ (FDRE)
/testbench_mnist_fcnn_fi/unit_under_test_inst/NeuronCombinator_3/\O_data_reg[50]\ (FDRE)
/testbench_mnist_fcnn_fi/unit_under_test_inst/NeuronCombinator_3/\O_data_reg[49]\ (FDRE)
/testbench_mnist_fcnn_fi/unit_under_test_inst/NeuronCombinator_3/\O_data_reg[42]\ (FDRE)
/testbench_mnist_fcnn_fi/unit_under_test_inst/NeuronCombinator_3/\O_data_reg[34]\ (FDRE)
/testbench_mnist_fcnn_fi/unit_under_test_inst/NeuronCombinator_3/\O_data_reg[26]\ (FDRE)
/testbench_mnist_fcnn_fi/unit_under_test_inst/NeuronCombinator_3/\O_data_reg[18]\ (FDRE)
/testbench_mnist_fcnn_fi/unit_under_test_inst/NeuronCombinator_3/\O_data_reg[11]\ (FDRE)
/testbench_mnist_fcnn_fi/unit_under_test_inst/NeuronCombinator_3/\O_data_reg[5]\ (FDRE)
/testbench_mnist_fcnn_fi/unit_under_test_inst/NeuronCombinator_3/\O_data_reg[77]\ (FDRE)
/testbench_mnist_fcnn_fi/unit_under_test_inst/NeuronCombinator_3/\O_data_reg[70]\ (FDRE)
/testbench_mnist_fcnn_fi/unit_under_test_inst/NeuronCombinator_3/\O_data_reg[69]\ (FDRE)
/testbench_mnist_fcnn_fi/unit_under_test_inst/NeuronCombinator_3/\O_data_reg[62]\ (FDRE)
/testbench_mnist_fcnn_fi/unit_under_test_inst/NeuronCombinator_3/\O_data_reg[54]\ (FDRE)
/testbench_mnist_fcnn_fi/unit_under_test_inst/NeuronCombinator_3/\O_data_reg[46]\ (FDRE)
/testbench_mnist_fcnn_fi/unit_under_test_inst/NeuronCombinator_3/\O_data_reg[38]\ (FDRE)
/testbench_mnist_fcnn_fi/unit_under_test_inst/NeuronCombinator_3/\O_data_reg[31]\ (FDRE)
/testbench_mnist_fcnn_fi/unit_under_test_inst/NeuronCombinator_3/\O_data_reg[23]\ (FDRE)
/testbench_mnist_fcnn_fi/unit_under_test_inst/NeuronCombinator_3/\O_data_reg[15]\ (FDRE)
/testbench_mnist_fcnn_fi/unit_under_test_inst/NeuronCombinator_3/\O_data_reg[9]\ (FDRE)
/testbench_mnist_fcnn_fi/unit_under_test_inst/NeuronCombinator_3/\O_data_reg[2]\ (FDRE)
/testbench_mnist_fcnn_fi/unit_under_test_inst/NeuronCombinator_3/\O_data_reg[74]\ (FDRE)
/testbench_mnist_fcnn_fi/unit_under_test_inst/NeuronCombinator_3/\O_data_reg[66]\ (FDRE)
/testbench_mnist_fcnn_fi/unit_under_test_inst/NeuronCombinator_3/\O_data_reg[58]\ (FDRE)
/testbench_mnist_fcnn_fi/unit_under_test_inst/NeuronCombinator_3/\O_data_reg[51]\ (FDRE)
/testbench_mnist_fcnn_fi/unit_under_test_inst/NeuronCombinator_3/\O_data_reg[43]\ (FDRE)
/testbench_mnist_fcnn_fi/unit_under_test_inst/NeuronCombinator_3/\O_data_reg[35]\ (FDRE)
/testbench_mnist_fcnn_fi/unit_under_test_inst/NeuronCombinator_3/\O_data_reg[27]\ (FDRE)
/testbench_mnist_fcnn_fi/unit_under_test_inst/NeuronCombinator_3/\O_data_reg[20]\ (FDRE)
/testbench_mnist_fcnn_fi/unit_under_test_inst/NeuronCombinator_3/\O_data_reg[19]\ (FDRE)
/testbench_mnist_fcnn_fi/unit_under_test_inst/NeuronCombinator_3/\O_data_reg[12]\ (FDRE)
/testbench_mnist_fcnn_fi/unit_under_test_inst/NeuronCombinator_3/\O_data_reg[6]\ (FDRE)
/testbench_mnist_fcnn_fi/unit_under_test_inst/NeuronCombinator_3/\O_data_reg[78]\ (FDRE)
/testbench_mnist_fcnn_fi/unit_under_test_inst/NeuronCombinator_3/\O_data_reg[71]\ (FDRE)
/testbench_mnist_fcnn_fi/unit_under_test_inst/NeuronCombinator_3/\O_data_reg[63]\ (FDRE)
/testbench_mnist_fcnn_fi/unit_under_test_inst/NeuronCombinator_3/\O_data_reg[55]\ (FDRE)
/testbench_mnist_fcnn_fi/unit_under_test_inst/NeuronCombinator_3/\O_data_reg[47]\ (FDRE)
/testbench_mnist_fcnn_fi/unit_under_test_inst/NeuronCombinator_3/\O_data_reg[40]\ (FDRE)
/testbench_mnist_fcnn_fi/unit_under_test_inst/NeuronCombinator_3/\O_data_reg[39]\ (FDRE)
/testbench_mnist_fcnn_fi/unit_under_test_inst/NeuronCombinator_3/\O_data_reg[32]\ (FDRE)
/testbench_mnist_fcnn_fi/unit_under_test_inst/NeuronCombinator_3/\O_data_reg[24]\ (FDRE)
/testbench_mnist_fcnn_fi/unit_under_test_inst/NeuronCombinator_3/\O_data_reg[16]\ (FDRE)
/testbench_mnist_fcnn_fi/unit_under_test_inst/NeuronCombinator_3/\O_data_reg[3]\ (FDRE)
/testbench_mnist_fcnn_fi/unit_under_test_inst/NeuronCombinator_3/\O_data_reg[75]\ (FDRE)
/testbench_mnist_fcnn_fi/unit_under_test_inst/NeuronCombinator_3/\O_data_reg[67]\ (FDRE)
/testbench_mnist_fcnn_fi/unit_under_test_inst/NeuronCombinator_3/\O_data_reg[60]\ (FDRE)
/testbench_mnist_fcnn_fi/unit_under_test_inst/NeuronCombinator_3/\O_data_reg[59]\ (FDRE)
/testbench_mnist_fcnn_fi/unit_under_test_inst/NeuronCombinator_3/\O_data_reg[52]\ (FDRE)
/testbench_mnist_fcnn_fi/unit_under_test_inst/NeuronCombinator_3/\O_data_reg[44]\ (FDRE)
/testbench_mnist_fcnn_fi/unit_under_test_inst/NeuronCombinator_3/\O_data_reg[36]\ (FDRE)
/testbench_mnist_fcnn_fi/unit_under_test_inst/NeuronCombinator_3/\O_data_reg[28]\ (FDRE)
/testbench_mnist_fcnn_fi/unit_under_test_inst/NeuronCombinator_3/\O_data_reg[21]\ (FDRE)
/testbench_mnist_fcnn_fi/unit_under_test_inst/NeuronCombinator_3/\O_data_reg[13]\ (FDRE)
/testbench_mnist_fcnn_fi/unit_under_test_inst/NeuronCombinator_3/\O_data_reg[7]\ (FDRE)
/testbench_mnist_fcnn_fi/unit_under_test_inst/NeuronCombinator_3/\O_data_reg[0]\ (FDRE)
/testbench_mnist_fcnn_fi/unit_under_test_inst/NeuronCombinator_3/\O_data_reg[79]\ (FDRE)
/testbench_mnist_fcnn_fi/unit_under_test_inst/NeuronCombinator_3/\O_data_reg[72]\ (FDRE)
/testbench_mnist_fcnn_fi/unit_under_test_inst/NeuronCombinator_3/\O_data_reg[64]\ (FDRE)
/testbench_mnist_fcnn_fi/unit_under_test_inst/NeuronCombinator_3/\O_data_reg[56]\ (FDRE)
/testbench_mnist_fcnn_fi/unit_under_test_inst/NeuronCombinator_3/\O_data_reg[48]\ (FDRE)
/testbench_mnist_fcnn_fi/unit_under_test_inst/NeuronCombinator_3/\O_data_reg[41]\ (FDRE)
/testbench_mnist_fcnn_fi/unit_under_test_inst/NeuronCombinator_3/\O_data_reg[33]\ (FDRE)
/testbench_mnist_fcnn_fi/unit_under_test_inst/NeuronCombinator_3/\O_data_reg[25]\ (FDRE)
/testbench_mnist_fcnn_fi/unit_under_test_inst/NeuronCombinator_3/\O_data_reg[17]\ (FDRE)
/testbench_mnist_fcnn_fi/unit_under_test_inst/NeuronCombinator_3/\O_data_reg[10]\ (FDRE)
/testbench_mnist_fcnn_fi/unit_under_test_inst/NeuronCombinator_3/\O_data_reg[4]\ (FDRE)
/testbench_mnist_fcnn_fi/unit_under_test_inst/NeuronCombinator_3/\O_data_reg[76]\ (FDRE)
/testbench_mnist_fcnn_fi/unit_under_test_inst/NeuronCombinator_3/\O_data_reg[68]\ (FDRE)
/testbench_mnist_fcnn_fi/unit_under_test_inst/NeuronCombinator_3/\O_data_reg[61]\ (FDRE)
/testbench_mnist_fcnn_fi/unit_under_test_inst/NeuronCombinator_3/\O_data_reg[53]\ (FDRE)
/testbench_mnist_fcnn_fi/unit_under_test_inst/NeuronCombinator_3/\O_data_reg[45]\ (FDRE)
/testbench_mnist_fcnn_fi/unit_under_test_inst/NeuronCombinator_3/\O_data_reg[37]\ (FDRE)
/testbench_mnist_fcnn_fi/unit_under_test_inst/NeuronCombinator_3/\O_data_reg[30]\ (FDRE)
/testbench_mnist_fcnn_fi/unit_under_test_inst/NeuronCombinator_3/\O_data_reg[29]\ (FDRE)
/testbench_mnist_fcnn_fi/unit_under_test_inst/NeuronCombinator_3/\O_data_reg[22]\ (FDRE)
/testbench_mnist_fcnn_fi/unit_under_test_inst/NeuronCombinator_3/\O_data_reg[14]\ (FDRE)
/testbench_mnist_fcnn_fi/unit_under_test_inst/NeuronCombinator_3/\O_data_reg[8]\ (FDRE)
/testbench_mnist_fcnn_fi/unit_under_test_inst/NeuronCombinator_3/\O_data_reg[1]\ (FDRE)


IBUFs      : 11
/testbench_mnist_fcnn_fi/unit_under_test_inst/NeuronCombinator_3/I_rst_IBUF_inst (ibuf)
/testbench_mnist_fcnn_fi/unit_under_test_inst/NeuronCombinator_3/\I_data_IBUF[7]_inst\ (ibuf)
/testbench_mnist_fcnn_fi/unit_under_test_inst/NeuronCombinator_3/\I_data_IBUF[2]_inst\ (ibuf)
/testbench_mnist_fcnn_fi/unit_under_test_inst/NeuronCombinator_3/I_clk_IBUF_inst (ibuf)
/testbench_mnist_fcnn_fi/unit_under_test_inst/NeuronCombinator_3/\I_data_IBUF[3]_inst\ (ibuf)
/testbench_mnist_fcnn_fi/unit_under_test_inst/NeuronCombinator_3/\I_data_IBUF[4]_inst\ (ibuf)
/testbench_mnist_fcnn_fi/unit_under_test_inst/NeuronCombinator_3/\I_data_IBUF[5]_inst\ (ibuf)
/testbench_mnist_fcnn_fi/unit_under_test_inst/NeuronCombinator_3/\I_data_IBUF[0]_inst\ (ibuf)
/testbench_mnist_fcnn_fi/unit_under_test_inst/NeuronCombinator_3/I_en_IBUF_inst (ibuf)
/testbench_mnist_fcnn_fi/unit_under_test_inst/NeuronCombinator_3/\I_data_IBUF[6]_inst\ (ibuf)
/testbench_mnist_fcnn_fi/unit_under_test_inst/NeuronCombinator_3/\I_data_IBUF[1]_inst\ (ibuf)


LUT1s      : 1
/testbench_mnist_fcnn_fi/unit_under_test_inst/NeuronCombinator_3/\SR_reg[79]_i_1\ (LUT1)


OBUFs      : 80
/testbench_mnist_fcnn_fi/unit_under_test_inst/NeuronCombinator_3/\O_data_OBUF[52]_inst\ (OBUF)
/testbench_mnist_fcnn_fi/unit_under_test_inst/NeuronCombinator_3/\O_data_OBUF[75]_inst\ (OBUF)
/testbench_mnist_fcnn_fi/unit_under_test_inst/NeuronCombinator_3/\O_data_OBUF[23]_inst\ (OBUF)
/testbench_mnist_fcnn_fi/unit_under_test_inst/NeuronCombinator_3/\O_data_OBUF[8]_inst\ (OBUF)
/testbench_mnist_fcnn_fi/unit_under_test_inst/NeuronCombinator_3/\O_data_OBUF[46]_inst\ (OBUF)
/testbench_mnist_fcnn_fi/unit_under_test_inst/NeuronCombinator_3/\O_data_OBUF[70]_inst\ (OBUF)
/testbench_mnist_fcnn_fi/unit_under_test_inst/NeuronCombinator_3/\O_data_OBUF[69]_inst\ (OBUF)
/testbench_mnist_fcnn_fi/unit_under_test_inst/NeuronCombinator_3/\O_data_OBUF[17]_inst\ (OBUF)
/testbench_mnist_fcnn_fi/unit_under_test_inst/NeuronCombinator_3/\O_data_OBUF[3]_inst\ (OBUF)
/testbench_mnist_fcnn_fi/unit_under_test_inst/NeuronCombinator_3/\O_data_OBUF[41]_inst\ (OBUF)
/testbench_mnist_fcnn_fi/unit_under_test_inst/NeuronCombinator_3/\O_data_OBUF[64]_inst\ (OBUF)
/testbench_mnist_fcnn_fi/unit_under_test_inst/NeuronCombinator_3/\O_data_OBUF[12]_inst\ (OBUF)
/testbench_mnist_fcnn_fi/unit_under_test_inst/NeuronCombinator_3/\O_data_OBUF[35]_inst\ (OBUF)
/testbench_mnist_fcnn_fi/unit_under_test_inst/NeuronCombinator_3/\O_data_OBUF[58]_inst\ (OBUF)
/testbench_mnist_fcnn_fi/unit_under_test_inst/NeuronCombinator_3/\O_data_OBUF[29]_inst\ (OBUF)
/testbench_mnist_fcnn_fi/unit_under_test_inst/NeuronCombinator_3/\O_data_OBUF[30]_inst\ (OBUF)
/testbench_mnist_fcnn_fi/unit_under_test_inst/NeuronCombinator_3/\O_data_OBUF[53]_inst\ (OBUF)
/testbench_mnist_fcnn_fi/unit_under_test_inst/NeuronCombinator_3/\O_data_OBUF[76]_inst\ (OBUF)
/testbench_mnist_fcnn_fi/unit_under_test_inst/NeuronCombinator_3/\O_data_OBUF[24]_inst\ (OBUF)
/testbench_mnist_fcnn_fi/unit_under_test_inst/NeuronCombinator_3/\O_data_OBUF[9]_inst\ (OBUF)
/testbench_mnist_fcnn_fi/unit_under_test_inst/NeuronCombinator_3/\O_data_OBUF[47]_inst\ (OBUF)
/testbench_mnist_fcnn_fi/unit_under_test_inst/NeuronCombinator_3/\O_data_OBUF[71]_inst\ (OBUF)
/testbench_mnist_fcnn_fi/unit_under_test_inst/NeuronCombinator_3/\O_data_OBUF[18]_inst\ (OBUF)
/testbench_mnist_fcnn_fi/unit_under_test_inst/NeuronCombinator_3/\O_data_OBUF[4]_inst\ (OBUF)
/testbench_mnist_fcnn_fi/unit_under_test_inst/NeuronCombinator_3/\O_data_OBUF[42]_inst\ (OBUF)
/testbench_mnist_fcnn_fi/unit_under_test_inst/NeuronCombinator_3/\O_data_OBUF[65]_inst\ (OBUF)
/testbench_mnist_fcnn_fi/unit_under_test_inst/NeuronCombinator_3/\O_data_OBUF[13]_inst\ (OBUF)
/testbench_mnist_fcnn_fi/unit_under_test_inst/NeuronCombinator_3/\O_data_OBUF[36]_inst\ (OBUF)
/testbench_mnist_fcnn_fi/unit_under_test_inst/NeuronCombinator_3/\O_data_OBUF[60]_inst\ (OBUF)
/testbench_mnist_fcnn_fi/unit_under_test_inst/NeuronCombinator_3/\O_data_OBUF[59]_inst\ (OBUF)
/testbench_mnist_fcnn_fi/unit_under_test_inst/NeuronCombinator_3/\O_data_OBUF[31]_inst\ (OBUF)
/testbench_mnist_fcnn_fi/unit_under_test_inst/NeuronCombinator_3/\O_data_OBUF[54]_inst\ (OBUF)
/testbench_mnist_fcnn_fi/unit_under_test_inst/NeuronCombinator_3/\O_data_OBUF[77]_inst\ (OBUF)
/testbench_mnist_fcnn_fi/unit_under_test_inst/NeuronCombinator_3/\O_data_OBUF[25]_inst\ (OBUF)
/testbench_mnist_fcnn_fi/unit_under_test_inst/NeuronCombinator_3/\O_data_OBUF[48]_inst\ (OBUF)
/testbench_mnist_fcnn_fi/unit_under_test_inst/NeuronCombinator_3/\O_data_OBUF[72]_inst\ (OBUF)
/testbench_mnist_fcnn_fi/unit_under_test_inst/NeuronCombinator_3/\O_data_OBUF[19]_inst\ (OBUF)
/testbench_mnist_fcnn_fi/unit_under_test_inst/NeuronCombinator_3/\O_data_OBUF[20]_inst\ (OBUF)
/testbench_mnist_fcnn_fi/unit_under_test_inst/NeuronCombinator_3/\O_data_OBUF[5]_inst\ (OBUF)
/testbench_mnist_fcnn_fi/unit_under_test_inst/NeuronCombinator_3/\O_data_OBUF[43]_inst\ (OBUF)
/testbench_mnist_fcnn_fi/unit_under_test_inst/NeuronCombinator_3/\O_data_OBUF[66]_inst\ (OBUF)
/testbench_mnist_fcnn_fi/unit_under_test_inst/NeuronCombinator_3/\O_data_OBUF[14]_inst\ (OBUF)
/testbench_mnist_fcnn_fi/unit_under_test_inst/NeuronCombinator_3/\O_data_OBUF[0]_inst\ (OBUF)
/testbench_mnist_fcnn_fi/unit_under_test_inst/NeuronCombinator_3/\O_data_OBUF[37]_inst\ (OBUF)
/testbench_mnist_fcnn_fi/unit_under_test_inst/NeuronCombinator_3/\O_data_OBUF[61]_inst\ (OBUF)
/testbench_mnist_fcnn_fi/unit_under_test_inst/NeuronCombinator_3/\O_data_OBUF[32]_inst\ (OBUF)
/testbench_mnist_fcnn_fi/unit_under_test_inst/NeuronCombinator_3/\O_data_OBUF[55]_inst\ (OBUF)
/testbench_mnist_fcnn_fi/unit_under_test_inst/NeuronCombinator_3/\O_data_OBUF[78]_inst\ (OBUF)
/testbench_mnist_fcnn_fi/unit_under_test_inst/NeuronCombinator_3/\O_data_OBUF[26]_inst\ (OBUF)
/testbench_mnist_fcnn_fi/unit_under_test_inst/NeuronCombinator_3/\O_data_OBUF[50]_inst\ (OBUF)
/testbench_mnist_fcnn_fi/unit_under_test_inst/NeuronCombinator_3/\O_data_OBUF[49]_inst\ (OBUF)
/testbench_mnist_fcnn_fi/unit_under_test_inst/NeuronCombinator_3/\O_data_OBUF[73]_inst\ (OBUF)
/testbench_mnist_fcnn_fi/unit_under_test_inst/NeuronCombinator_3/\O_data_OBUF[21]_inst\ (OBUF)
/testbench_mnist_fcnn_fi/unit_under_test_inst/NeuronCombinator_3/\O_data_OBUF[6]_inst\ (OBUF)
/testbench_mnist_fcnn_fi/unit_under_test_inst/NeuronCombinator_3/\O_data_OBUF[44]_inst\ (OBUF)
/testbench_mnist_fcnn_fi/unit_under_test_inst/NeuronCombinator_3/\O_data_OBUF[67]_inst\ (OBUF)
/testbench_mnist_fcnn_fi/unit_under_test_inst/NeuronCombinator_3/\O_data_OBUF[15]_inst\ (OBUF)
/testbench_mnist_fcnn_fi/unit_under_test_inst/NeuronCombinator_3/\O_data_OBUF[1]_inst\ (OBUF)
/testbench_mnist_fcnn_fi/unit_under_test_inst/NeuronCombinator_3/\O_data_OBUF[38]_inst\ (OBUF)
/testbench_mnist_fcnn_fi/unit_under_test_inst/NeuronCombinator_3/\O_data_OBUF[62]_inst\ (OBUF)
/testbench_mnist_fcnn_fi/unit_under_test_inst/NeuronCombinator_3/\O_data_OBUF[10]_inst\ (OBUF)
/testbench_mnist_fcnn_fi/unit_under_test_inst/NeuronCombinator_3/\O_data_OBUF[33]_inst\ (OBUF)
/testbench_mnist_fcnn_fi/unit_under_test_inst/NeuronCombinator_3/\O_data_OBUF[56]_inst\ (OBUF)
/testbench_mnist_fcnn_fi/unit_under_test_inst/NeuronCombinator_3/\O_data_OBUF[79]_inst\ (OBUF)
/testbench_mnist_fcnn_fi/unit_under_test_inst/NeuronCombinator_3/\O_data_OBUF[27]_inst\ (OBUF)
/testbench_mnist_fcnn_fi/unit_under_test_inst/NeuronCombinator_3/\O_data_OBUF[51]_inst\ (OBUF)
/testbench_mnist_fcnn_fi/unit_under_test_inst/NeuronCombinator_3/\O_data_OBUF[74]_inst\ (OBUF)
/testbench_mnist_fcnn_fi/unit_under_test_inst/NeuronCombinator_3/\O_data_OBUF[22]_inst\ (OBUF)
/testbench_mnist_fcnn_fi/unit_under_test_inst/NeuronCombinator_3/\O_data_OBUF[7]_inst\ (OBUF)
/testbench_mnist_fcnn_fi/unit_under_test_inst/NeuronCombinator_3/\O_data_OBUF[45]_inst\ (OBUF)
/testbench_mnist_fcnn_fi/unit_under_test_inst/NeuronCombinator_3/\O_data_OBUF[68]_inst\ (OBUF)
/testbench_mnist_fcnn_fi/unit_under_test_inst/NeuronCombinator_3/\O_data_OBUF[16]_inst\ (OBUF)
/testbench_mnist_fcnn_fi/unit_under_test_inst/NeuronCombinator_3/\O_data_OBUF[2]_inst\ (OBUF)
/testbench_mnist_fcnn_fi/unit_under_test_inst/NeuronCombinator_3/\O_data_OBUF[40]_inst\ (OBUF)
/testbench_mnist_fcnn_fi/unit_under_test_inst/NeuronCombinator_3/\O_data_OBUF[39]_inst\ (OBUF)
/testbench_mnist_fcnn_fi/unit_under_test_inst/NeuronCombinator_3/\O_data_OBUF[63]_inst\ (OBUF)
/testbench_mnist_fcnn_fi/unit_under_test_inst/NeuronCombinator_3/\O_data_OBUF[11]_inst\ (OBUF)
/testbench_mnist_fcnn_fi/unit_under_test_inst/NeuronCombinator_3/\O_data_OBUF[34]_inst\ (OBUF)
/testbench_mnist_fcnn_fi/unit_under_test_inst/NeuronCombinator_3/\O_data_OBUF[57]_inst\ (OBUF)
/testbench_mnist_fcnn_fi/unit_under_test_inst/NeuronCombinator_3/\O_data_OBUF[28]_inst\ (OBUF)


