BUFGs      : 1
/testbench_mnist_fcnn_fi/unit_under_test_inst/Ram_W_3_1/I_clk_IBUF_BUFG_inst (BUFG)


FDREs      : 89
/testbench_mnist_fcnn_fi/unit_under_test_inst/Ram_W_3_1/\L1[8].lut/R_LUT_cpx_reg[1]\ (FDRE)
/testbench_mnist_fcnn_fi/unit_under_test_inst/Ram_W_3_1/\L1[19].lut/R_LUT_cpx_reg[1]\ (FDRE)
/testbench_mnist_fcnn_fi/unit_under_test_inst/Ram_W_3_1/\L1[12].lut/R_LUT_cpx_reg[4]\ (FDRE)
/testbench_mnist_fcnn_fi/unit_under_test_inst/Ram_W_3_1/\L1[7].lut/R_LUT_cpx_reg[0]\ (FDRE)
/testbench_mnist_fcnn_fi/unit_under_test_inst/Ram_W_3_1/\L1[18].lut/R_LUT_cpx_reg[0]\ (FDRE)
/testbench_mnist_fcnn_fi/unit_under_test_inst/Ram_W_3_1/\L1[0].lut/R_LUT_cpx_reg[3]\ (FDRE)
/testbench_mnist_fcnn_fi/unit_under_test_inst/Ram_W_3_1/\L1[10].lut/R_LUT_cpx_reg[2]\ (FDRE)
/testbench_mnist_fcnn_fi/unit_under_test_inst/Ram_W_3_1/\L1[15].lut/R_LUT_cpx_reg[4]\ (FDRE)
/testbench_mnist_fcnn_fi/unit_under_test_inst/Ram_W_3_1/\L1[3].lut/R_LUT_cpx_reg[3]\ (FDRE)
/testbench_mnist_fcnn_fi/unit_under_test_inst/Ram_W_3_1/\L1[14].lut/R_LUT_cpx_reg[3]\ (FDRE)
/testbench_mnist_fcnn_fi/unit_under_test_inst/Ram_W_3_1/\L1[2].lut/R_LUT_cpx_reg[2]\ (FDRE)
/testbench_mnist_fcnn_fi/unit_under_test_inst/Ram_W_3_1/\L1[13].lut/R_LUT_cpx_reg[2]\ (FDRE)
/testbench_mnist_fcnn_fi/unit_under_test_inst/Ram_W_3_1/\L1[1].lut/R_LUT_cpx_reg[1]\ (FDRE)
/testbench_mnist_fcnn_fi/unit_under_test_inst/Ram_W_3_1/\L1[12].lut/R_LUT_cpx_reg[1]\ (FDRE)
/testbench_mnist_fcnn_fi/unit_under_test_inst/Ram_W_3_1/\L1[18].lut/R_LUT_cpx_reg[4]\ (FDRE)
/testbench_mnist_fcnn_fi/unit_under_test_inst/Ram_W_3_1/\L1[0].lut/R_LUT_cpx_reg[0]\ (FDRE)
/testbench_mnist_fcnn_fi/unit_under_test_inst/Ram_W_3_1/\L1[6].lut/R_LUT_cpx_reg[3]\ (FDRE)
/testbench_mnist_fcnn_fi/unit_under_test_inst/Ram_W_3_1/\L1[11].lut/R_LUT_cpx_reg[0]\ (FDRE)
/testbench_mnist_fcnn_fi/unit_under_test_inst/Ram_W_3_1/\L1[17].lut/R_LUT_cpx_reg[3]\ (FDRE)
/testbench_mnist_fcnn_fi/unit_under_test_inst/Ram_W_3_1/\L1[5].lut/R_LUT_cpx_reg[2]\ (FDRE)
/testbench_mnist_fcnn_fi/unit_under_test_inst/Ram_W_3_1/\L1[16].lut/R_LUT_cpx_reg[2]\ (FDRE)
/testbench_mnist_fcnn_fi/unit_under_test_inst/Ram_W_3_1/\L1[4].lut/R_LUT_cpx_reg[1]\ (FDRE)
/testbench_mnist_fcnn_fi/unit_under_test_inst/Ram_W_3_1/\L1[15].lut/R_LUT_cpx_reg[1]\ (FDRE)
/testbench_mnist_fcnn_fi/unit_under_test_inst/Ram_W_3_1/\L1[3].lut/R_LUT_cpx_reg[0]\ (FDRE)
/testbench_mnist_fcnn_fi/unit_under_test_inst/Ram_W_3_1/\L1[9].lut/R_LUT_cpx_reg[3]\ (FDRE)
/testbench_mnist_fcnn_fi/unit_under_test_inst/Ram_W_3_1/\L1[14].lut/R_LUT_cpx_reg[0]\ (FDRE)
/testbench_mnist_fcnn_fi/unit_under_test_inst/Ram_W_3_1/\L1[8].lut/R_LUT_cpx_reg[2]\ (FDRE)
/testbench_mnist_fcnn_fi/unit_under_test_inst/Ram_W_3_1/\L1[19].lut/R_LUT_cpx_reg[2]\ (FDRE)
/testbench_mnist_fcnn_fi/unit_under_test_inst/Ram_W_3_1/\L1[7].lut/R_LUT_cpx_reg[1]\ (FDRE)
/testbench_mnist_fcnn_fi/unit_under_test_inst/Ram_W_3_1/\L1[18].lut/R_LUT_cpx_reg[1]\ (FDRE)
/testbench_mnist_fcnn_fi/unit_under_test_inst/Ram_W_3_1/\L1[0].lut/R_LUT_cpx_reg[4]\ (FDRE)
/testbench_mnist_fcnn_fi/unit_under_test_inst/Ram_W_3_1/\L1[6].lut/R_LUT_cpx_reg[0]\ (FDRE)
/testbench_mnist_fcnn_fi/unit_under_test_inst/Ram_W_3_1/\L1[17].lut/R_LUT_cpx_reg[0]\ (FDRE)
/testbench_mnist_fcnn_fi/unit_under_test_inst/Ram_W_3_1/\L1[10].lut/R_LUT_cpx_reg[3]\ (FDRE)
/testbench_mnist_fcnn_fi/unit_under_test_inst/Ram_W_3_1/\L1[3].lut/R_LUT_cpx_reg[4]\ (FDRE)
/testbench_mnist_fcnn_fi/unit_under_test_inst/Ram_W_3_1/\L1[14].lut/R_LUT_cpx_reg[4]\ (FDRE)
/testbench_mnist_fcnn_fi/unit_under_test_inst/Ram_W_3_1/\L1[9].lut/R_LUT_cpx_reg[0]\ (FDRE)
/testbench_mnist_fcnn_fi/unit_under_test_inst/Ram_W_3_1/\L1[2].lut/R_LUT_cpx_reg[3]\ (FDRE)
/testbench_mnist_fcnn_fi/unit_under_test_inst/Ram_W_3_1/\L1[13].lut/R_LUT_cpx_reg[3]\ (FDRE)
/testbench_mnist_fcnn_fi/unit_under_test_inst/Ram_W_3_1/\L1[1].lut/R_LUT_cpx_reg[2]\ (FDRE)
/testbench_mnist_fcnn_fi/unit_under_test_inst/Ram_W_3_1/\L1[12].lut/R_LUT_cpx_reg[2]\ (FDRE)
/testbench_mnist_fcnn_fi/unit_under_test_inst/Ram_W_3_1/\L1[0].lut/R_LUT_cpx_reg[1]\ (FDRE)
/testbench_mnist_fcnn_fi/unit_under_test_inst/Ram_W_3_1/\L1[6].lut/R_LUT_cpx_reg[4]\ (FDRE)
/testbench_mnist_fcnn_fi/unit_under_test_inst/Ram_W_3_1/\L1[11].lut/R_LUT_cpx_reg[1]\ (FDRE)
/testbench_mnist_fcnn_fi/unit_under_test_inst/Ram_W_3_1/\L1[17].lut/R_LUT_cpx_reg[4]\ (FDRE)
/testbench_mnist_fcnn_fi/unit_under_test_inst/Ram_W_3_1/\L1[5].lut/R_LUT_cpx_reg[3]\ (FDRE)
/testbench_mnist_fcnn_fi/unit_under_test_inst/Ram_W_3_1/\L1[10].lut/R_LUT_cpx_reg[0]\ (FDRE)
/testbench_mnist_fcnn_fi/unit_under_test_inst/Ram_W_3_1/\L1[16].lut/R_LUT_cpx_reg[3]\ (FDRE)
/testbench_mnist_fcnn_fi/unit_under_test_inst/Ram_W_3_1/\L1[4].lut/R_LUT_cpx_reg[2]\ (FDRE)
/testbench_mnist_fcnn_fi/unit_under_test_inst/Ram_W_3_1/\L1[15].lut/R_LUT_cpx_reg[2]\ (FDRE)
/testbench_mnist_fcnn_fi/unit_under_test_inst/Ram_W_3_1/\L1[3].lut/R_LUT_cpx_reg[1]\ (FDRE)
/testbench_mnist_fcnn_fi/unit_under_test_inst/Ram_W_3_1/\L1[9].lut/R_LUT_cpx_reg[4]\ (FDRE)
/testbench_mnist_fcnn_fi/unit_under_test_inst/Ram_W_3_1/\L1[14].lut/R_LUT_cpx_reg[1]\ (FDRE)
/testbench_mnist_fcnn_fi/unit_under_test_inst/Ram_W_3_1/\L1[2].lut/R_LUT_cpx_reg[0]\ (FDRE)
/testbench_mnist_fcnn_fi/unit_under_test_inst/Ram_W_3_1/\L1[8].lut/R_LUT_cpx_reg[3]\ (FDRE)
/testbench_mnist_fcnn_fi/unit_under_test_inst/Ram_W_3_1/\L1[13].lut/R_LUT_cpx_reg[0]\ (FDRE)
/testbench_mnist_fcnn_fi/unit_under_test_inst/Ram_W_3_1/\L1[19].lut/R_LUT_cpx_reg[3]\ (FDRE)
/testbench_mnist_fcnn_fi/unit_under_test_inst/Ram_W_3_1/\L1[18].lut/R_LUT_cpx_reg[2]\ (FDRE)
/testbench_mnist_fcnn_fi/unit_under_test_inst/Ram_W_3_1/\L1[6].lut/R_LUT_cpx_reg[1]\ (FDRE)
/testbench_mnist_fcnn_fi/unit_under_test_inst/Ram_W_3_1/\L1[17].lut/R_LUT_cpx_reg[1]\ (FDRE)
/testbench_mnist_fcnn_fi/unit_under_test_inst/Ram_W_3_1/\L1[10].lut/R_LUT_cpx_reg[4]\ (FDRE)
/testbench_mnist_fcnn_fi/unit_under_test_inst/Ram_W_3_1/\L1[5].lut/R_LUT_cpx_reg[0]\ (FDRE)
/testbench_mnist_fcnn_fi/unit_under_test_inst/Ram_W_3_1/\L1[16].lut/R_LUT_cpx_reg[0]\ (FDRE)
/testbench_mnist_fcnn_fi/unit_under_test_inst/Ram_W_3_1/\L1[9].lut/R_LUT_cpx_reg[1]\ (FDRE)
/testbench_mnist_fcnn_fi/unit_under_test_inst/Ram_W_3_1/\L1[2].lut/R_LUT_cpx_reg[4]\ (FDRE)
/testbench_mnist_fcnn_fi/unit_under_test_inst/Ram_W_3_1/\L1[13].lut/R_LUT_cpx_reg[4]\ (FDRE)
/testbench_mnist_fcnn_fi/unit_under_test_inst/Ram_W_3_1/\L1[8].lut/R_LUT_cpx_reg[0]\ (FDRE)
/testbench_mnist_fcnn_fi/unit_under_test_inst/Ram_W_3_1/\L1[19].lut/R_LUT_cpx_reg[0]\ (FDRE)
/testbench_mnist_fcnn_fi/unit_under_test_inst/Ram_W_3_1/\L1[1].lut/R_LUT_cpx_reg[3]\ (FDRE)
/testbench_mnist_fcnn_fi/unit_under_test_inst/Ram_W_3_1/\L1[12].lut/R_LUT_cpx_reg[3]\ (FDRE)
/testbench_mnist_fcnn_fi/unit_under_test_inst/Ram_W_3_1/\L1[0].lut/R_LUT_cpx_reg[2]\ (FDRE)
/testbench_mnist_fcnn_fi/unit_under_test_inst/Ram_W_3_1/\L1[11].lut/R_LUT_cpx_reg[2]\ (FDRE)
/testbench_mnist_fcnn_fi/unit_under_test_inst/Ram_W_3_1/\L1[5].lut/R_LUT_cpx_reg[4]\ (FDRE)
/testbench_mnist_fcnn_fi/unit_under_test_inst/Ram_W_3_1/\L1[10].lut/R_LUT_cpx_reg[1]\ (FDRE)
/testbench_mnist_fcnn_fi/unit_under_test_inst/Ram_W_3_1/\L1[16].lut/R_LUT_cpx_reg[4]\ (FDRE)
/testbench_mnist_fcnn_fi/unit_under_test_inst/Ram_W_3_1/\L1[4].lut/R_LUT_cpx_reg[3]\ (FDRE)
/testbench_mnist_fcnn_fi/unit_under_test_inst/Ram_W_3_1/\L1[3].lut/R_LUT_cpx_reg[2]\ (FDRE)
/testbench_mnist_fcnn_fi/unit_under_test_inst/Ram_W_3_1/\L1[2].lut/R_LUT_cpx_reg[1]\ (FDRE)
/testbench_mnist_fcnn_fi/unit_under_test_inst/Ram_W_3_1/\L1[13].lut/R_LUT_cpx_reg[1]\ (FDRE)
/testbench_mnist_fcnn_fi/unit_under_test_inst/Ram_W_3_1/\L1[19].lut/R_LUT_cpx_reg[4]\ (FDRE)
/testbench_mnist_fcnn_fi/unit_under_test_inst/Ram_W_3_1/\L1[1].lut/R_LUT_cpx_reg[0]\ (FDRE)
/testbench_mnist_fcnn_fi/unit_under_test_inst/Ram_W_3_1/\L1[12].lut/R_LUT_cpx_reg[0]\ (FDRE)
/testbench_mnist_fcnn_fi/unit_under_test_inst/Ram_W_3_1/\L1[18].lut/R_LUT_cpx_reg[3]\ (FDRE)
/testbench_mnist_fcnn_fi/unit_under_test_inst/Ram_W_3_1/\L1[6].lut/R_LUT_cpx_reg[2]\ (FDRE)
/testbench_mnist_fcnn_fi/unit_under_test_inst/Ram_W_3_1/\L1[5].lut/R_LUT_cpx_reg[1]\ (FDRE)
/testbench_mnist_fcnn_fi/unit_under_test_inst/Ram_W_3_1/\L1[16].lut/R_LUT_cpx_reg[1]\ (FDRE)
/testbench_mnist_fcnn_fi/unit_under_test_inst/Ram_W_3_1/\L1[4].lut/R_LUT_cpx_reg[0]\ (FDRE)
/testbench_mnist_fcnn_fi/unit_under_test_inst/Ram_W_3_1/\L1[15].lut/R_LUT_cpx_reg[0]\ (FDRE)
/testbench_mnist_fcnn_fi/unit_under_test_inst/Ram_W_3_1/\L1[9].lut/R_LUT_cpx_reg[2]\ (FDRE)


IBUFs      : 5
/testbench_mnist_fcnn_fi/unit_under_test_inst/Ram_W_3_1/\addr_r_IBUF[0]_inst\ (IBUF)
/testbench_mnist_fcnn_fi/unit_under_test_inst/Ram_W_3_1/\addr_r_IBUF[1]_inst\ (IBUF)
/testbench_mnist_fcnn_fi/unit_under_test_inst/Ram_W_3_1/\addr_r_IBUF[2]_inst\ (IBUF)
/testbench_mnist_fcnn_fi/unit_under_test_inst/Ram_W_3_1/\addr_r_IBUF[3]_inst\ (IBUF)
/testbench_mnist_fcnn_fi/unit_under_test_inst/Ram_W_3_1/I_clk_IBUF_inst (IBUF)


LUT2s      : 1
/testbench_mnist_fcnn_fi/unit_under_test_inst/Ram_W_3_1/\g0_b4__9\ (LUT2)


LUT3s      : 2
/testbench_mnist_fcnn_fi/unit_under_test_inst/Ram_W_3_1/\g0_b0__3\ (LUT3)
/testbench_mnist_fcnn_fi/unit_under_test_inst/Ram_W_3_1/\g0_b0__13\ (LUT3)


LUT4s      : 86
/testbench_mnist_fcnn_fi/unit_under_test_inst/Ram_W_3_1/\g0_b0__16\ (lut4)
/testbench_mnist_fcnn_fi/unit_under_test_inst/Ram_W_3_1/\g0_b1__3\ (lut4)
/testbench_mnist_fcnn_fi/unit_under_test_inst/Ram_W_3_1/\g0_b1__7\ (lut4)
/testbench_mnist_fcnn_fi/unit_under_test_inst/Ram_W_3_1/\g0_b4__2\ (lut4)
/testbench_mnist_fcnn_fi/unit_under_test_inst/Ram_W_3_1/\g0_b4__6\ (lut4)
/testbench_mnist_fcnn_fi/unit_under_test_inst/Ram_W_3_1/\g0_b3__10\ (lut4)
/testbench_mnist_fcnn_fi/unit_under_test_inst/Ram_W_3_1/\g0_b2__3\ (lut4)
/testbench_mnist_fcnn_fi/unit_under_test_inst/Ram_W_3_1/\g0_b1__13\ (lut4)
/testbench_mnist_fcnn_fi/unit_under_test_inst/Ram_W_3_1/\g0_b3__14\ (lut4)
/testbench_mnist_fcnn_fi/unit_under_test_inst/Ram_W_3_1/\g0_b2__7\ (lut4)
/testbench_mnist_fcnn_fi/unit_under_test_inst/Ram_W_3_1/\g0_b1__17\ (lut4)
/testbench_mnist_fcnn_fi/unit_under_test_inst/Ram_W_3_1/\g0_b0__0\ (lut4)
/testbench_mnist_fcnn_fi/unit_under_test_inst/Ram_W_3_1/\g0_b0__4\ (lut4)
/testbench_mnist_fcnn_fi/unit_under_test_inst/Ram_W_3_1/\g0_b0__8\ (lut4)
/testbench_mnist_fcnn_fi/unit_under_test_inst/Ram_W_3_1/\g0_b3__3\ (lut4)
/testbench_mnist_fcnn_fi/unit_under_test_inst/Ram_W_3_1/\g0_b3__7\ (lut4)
/testbench_mnist_fcnn_fi/unit_under_test_inst/Ram_W_3_1/\g0_b2__10\ (lut4)
/testbench_mnist_fcnn_fi/unit_under_test_inst/Ram_W_3_1/g0_b3 (lut4)
/testbench_mnist_fcnn_fi/unit_under_test_inst/Ram_W_3_1/\g0_b4__11\ (lut4)
/testbench_mnist_fcnn_fi/unit_under_test_inst/Ram_W_3_1/\g0_b2__14\ (lut4)
/testbench_mnist_fcnn_fi/unit_under_test_inst/Ram_W_3_1/\g0_b0__17\ (lut4)
/testbench_mnist_fcnn_fi/unit_under_test_inst/Ram_W_3_1/\g0_b1__0\ (lut4)
/testbench_mnist_fcnn_fi/unit_under_test_inst/Ram_W_3_1/\g0_b1__4\ (lut4)
/testbench_mnist_fcnn_fi/unit_under_test_inst/Ram_W_3_1/\g0_b1__8\ (lut4)
/testbench_mnist_fcnn_fi/unit_under_test_inst/Ram_W_3_1/g0_b1 (lut4)
/testbench_mnist_fcnn_fi/unit_under_test_inst/Ram_W_3_1/\g0_b4__3\ (lut4)
/testbench_mnist_fcnn_fi/unit_under_test_inst/Ram_W_3_1/\g0_b4__7\ (lut4)
/testbench_mnist_fcnn_fi/unit_under_test_inst/Ram_W_3_1/\g0_b2__0\ (lut4)
/testbench_mnist_fcnn_fi/unit_under_test_inst/Ram_W_3_1/\g0_b1__10\ (lut4)
/testbench_mnist_fcnn_fi/unit_under_test_inst/Ram_W_3_1/\g0_b3__11\ (lut4)
/testbench_mnist_fcnn_fi/unit_under_test_inst/Ram_W_3_1/\g0_b2__4\ (lut4)
/testbench_mnist_fcnn_fi/unit_under_test_inst/Ram_W_3_1/\g0_b1__14\ (lut4)
/testbench_mnist_fcnn_fi/unit_under_test_inst/Ram_W_3_1/\g0_b3__15\ (lut4)
/testbench_mnist_fcnn_fi/unit_under_test_inst/Ram_W_3_1/\g0_b2__8\ (lut4)
/testbench_mnist_fcnn_fi/unit_under_test_inst/Ram_W_3_1/\g0_b1__18\ (lut4)
/testbench_mnist_fcnn_fi/unit_under_test_inst/Ram_W_3_1/\g0_b0__1\ (lut4)
/testbench_mnist_fcnn_fi/unit_under_test_inst/Ram_W_3_1/\g0_b0__5\ (lut4)
/testbench_mnist_fcnn_fi/unit_under_test_inst/Ram_W_3_1/\g0_b0__9\ (lut4)
/testbench_mnist_fcnn_fi/unit_under_test_inst/Ram_W_3_1/\g0_b3__0\ (lut4)
/testbench_mnist_fcnn_fi/unit_under_test_inst/Ram_W_3_1/\g0_b3__4\ (lut4)
/testbench_mnist_fcnn_fi/unit_under_test_inst/Ram_W_3_1/\g0_b0__10\ (lut4)
/testbench_mnist_fcnn_fi/unit_under_test_inst/Ram_W_3_1/\g0_b3__8\ (lut4)
/testbench_mnist_fcnn_fi/unit_under_test_inst/Ram_W_3_1/\g0_b2__11\ (lut4)
/testbench_mnist_fcnn_fi/unit_under_test_inst/Ram_W_3_1/\g0_b0__14\ (lut4)
/testbench_mnist_fcnn_fi/unit_under_test_inst/Ram_W_3_1/\g0_b4__12\ (lut4)
/testbench_mnist_fcnn_fi/unit_under_test_inst/Ram_W_3_1/\g0_b0__18\ (lut4)
/testbench_mnist_fcnn_fi/unit_under_test_inst/Ram_W_3_1/\g0_b1__1\ (lut4)
/testbench_mnist_fcnn_fi/unit_under_test_inst/Ram_W_3_1/\g0_b1__5\ (lut4)
/testbench_mnist_fcnn_fi/unit_under_test_inst/Ram_W_3_1/\g0_b1__9\ (lut4)
/testbench_mnist_fcnn_fi/unit_under_test_inst/Ram_W_3_1/\g0_b4__0\ (lut4)
/testbench_mnist_fcnn_fi/unit_under_test_inst/Ram_W_3_1/\g0_b4__4\ (lut4)
/testbench_mnist_fcnn_fi/unit_under_test_inst/Ram_W_3_1/\g0_b4__8\ (lut4)
/testbench_mnist_fcnn_fi/unit_under_test_inst/Ram_W_3_1/\g0_b2__1\ (lut4)
/testbench_mnist_fcnn_fi/unit_under_test_inst/Ram_W_3_1/\g0_b1__11\ (lut4)
/testbench_mnist_fcnn_fi/unit_under_test_inst/Ram_W_3_1/\g0_b3__12\ (lut4)
/testbench_mnist_fcnn_fi/unit_under_test_inst/Ram_W_3_1/\g0_b2__5\ (lut4)
/testbench_mnist_fcnn_fi/unit_under_test_inst/Ram_W_3_1/\g0_b1__15\ (lut4)
/testbench_mnist_fcnn_fi/unit_under_test_inst/Ram_W_3_1/\g0_b2__9\ (lut4)
/testbench_mnist_fcnn_fi/unit_under_test_inst/Ram_W_3_1/\g0_b0__2\ (lut4)
/testbench_mnist_fcnn_fi/unit_under_test_inst/Ram_W_3_1/\g0_b0__6\ (lut4)
/testbench_mnist_fcnn_fi/unit_under_test_inst/Ram_W_3_1/\g0_b3__1\ (lut4)
/testbench_mnist_fcnn_fi/unit_under_test_inst/Ram_W_3_1/g0_b4 (lut4)
/testbench_mnist_fcnn_fi/unit_under_test_inst/Ram_W_3_1/\g0_b3__5\ (lut4)
/testbench_mnist_fcnn_fi/unit_under_test_inst/Ram_W_3_1/\g0_b0__11\ (lut4)
/testbench_mnist_fcnn_fi/unit_under_test_inst/Ram_W_3_1/\g0_b3__9\ (lut4)
/testbench_mnist_fcnn_fi/unit_under_test_inst/Ram_W_3_1/\g0_b2__12\ (lut4)
/testbench_mnist_fcnn_fi/unit_under_test_inst/Ram_W_3_1/\g0_b0__15\ (lut4)
/testbench_mnist_fcnn_fi/unit_under_test_inst/Ram_W_3_1/\g0_b4__13\ (lut4)
/testbench_mnist_fcnn_fi/unit_under_test_inst/Ram_W_3_1/\g0_b2__16\ (lut4)
/testbench_mnist_fcnn_fi/unit_under_test_inst/Ram_W_3_1/\g0_b1__2\ (lut4)
/testbench_mnist_fcnn_fi/unit_under_test_inst/Ram_W_3_1/g0_b2 (lut4)
/testbench_mnist_fcnn_fi/unit_under_test_inst/Ram_W_3_1/\g0_b1__6\ (lut4)
/testbench_mnist_fcnn_fi/unit_under_test_inst/Ram_W_3_1/\g0_b4__1\ (lut4)
/testbench_mnist_fcnn_fi/unit_under_test_inst/Ram_W_3_1/\g0_b4__5\ (lut4)
/testbench_mnist_fcnn_fi/unit_under_test_inst/Ram_W_3_1/g0_b0 (lut4)
/testbench_mnist_fcnn_fi/unit_under_test_inst/Ram_W_3_1/\g0_b2__2\ (lut4)
/testbench_mnist_fcnn_fi/unit_under_test_inst/Ram_W_3_1/\g0_b1__12\ (lut4)
/testbench_mnist_fcnn_fi/unit_under_test_inst/Ram_W_3_1/\g0_b3__13\ (lut4)
/testbench_mnist_fcnn_fi/unit_under_test_inst/Ram_W_3_1/\g0_b2__6\ (lut4)
/testbench_mnist_fcnn_fi/unit_under_test_inst/Ram_W_3_1/\g0_b1__16\ (lut4)
/testbench_mnist_fcnn_fi/unit_under_test_inst/Ram_W_3_1/\g0_b0__7\ (lut4)
/testbench_mnist_fcnn_fi/unit_under_test_inst/Ram_W_3_1/\g0_b3__2\ (lut4)
/testbench_mnist_fcnn_fi/unit_under_test_inst/Ram_W_3_1/\g0_b3__6\ (lut4)
/testbench_mnist_fcnn_fi/unit_under_test_inst/Ram_W_3_1/\g0_b0__12\ (lut4)
/testbench_mnist_fcnn_fi/unit_under_test_inst/Ram_W_3_1/\g0_b4__10\ (lut4)
/testbench_mnist_fcnn_fi/unit_under_test_inst/Ram_W_3_1/\g0_b2__13\ (lut4)


OBUFs      : 100
/testbench_mnist_fcnn_fi/unit_under_test_inst/Ram_W_3_1/\data_r_OBUF[9]_inst\ (OBUF)
/testbench_mnist_fcnn_fi/unit_under_test_inst/Ram_W_3_1/\data_r_OBUF[64]_inst\ (OBUF)
/testbench_mnist_fcnn_fi/unit_under_test_inst/Ram_W_3_1/\data_r_OBUF[12]_inst\ (OBUF)
/testbench_mnist_fcnn_fi/unit_under_test_inst/Ram_W_3_1/\data_r_OBUF[87]_inst\ (OBUF)
/testbench_mnist_fcnn_fi/unit_under_test_inst/Ram_W_3_1/\data_r_OBUF[35]_inst\ (OBUF)
/testbench_mnist_fcnn_fi/unit_under_test_inst/Ram_W_3_1/\data_r_OBUF[4]_inst\ (OBUF)
/testbench_mnist_fcnn_fi/unit_under_test_inst/Ram_W_3_1/\data_r_OBUF[58]_inst\ (OBUF)
/testbench_mnist_fcnn_fi/unit_under_test_inst/Ram_W_3_1/\data_r_OBUF[82]_inst\ (OBUF)
/testbench_mnist_fcnn_fi/unit_under_test_inst/Ram_W_3_1/\data_r_OBUF[30]_inst\ (OBUF)
/testbench_mnist_fcnn_fi/unit_under_test_inst/Ram_W_3_1/\data_r_OBUF[29]_inst\ (OBUF)
/testbench_mnist_fcnn_fi/unit_under_test_inst/Ram_W_3_1/\data_r_OBUF[53]_inst\ (OBUF)
/testbench_mnist_fcnn_fi/unit_under_test_inst/Ram_W_3_1/\data_r_OBUF[76]_inst\ (OBUF)
/testbench_mnist_fcnn_fi/unit_under_test_inst/Ram_W_3_1/\data_r_OBUF[24]_inst\ (OBUF)
/testbench_mnist_fcnn_fi/unit_under_test_inst/Ram_W_3_1/\data_r_OBUF[99]_inst\ (OBUF)
/testbench_mnist_fcnn_fi/unit_under_test_inst/Ram_W_3_1/\data_r_OBUF[47]_inst\ (OBUF)
/testbench_mnist_fcnn_fi/unit_under_test_inst/Ram_W_3_1/\data_r_OBUF[71]_inst\ (OBUF)
/testbench_mnist_fcnn_fi/unit_under_test_inst/Ram_W_3_1/\data_r_OBUF[18]_inst\ (OBUF)
/testbench_mnist_fcnn_fi/unit_under_test_inst/Ram_W_3_1/\data_r_OBUF[94]_inst\ (OBUF)
/testbench_mnist_fcnn_fi/unit_under_test_inst/Ram_W_3_1/\data_r_OBUF[42]_inst\ (OBUF)
/testbench_mnist_fcnn_fi/unit_under_test_inst/Ram_W_3_1/\data_r_OBUF[65]_inst\ (OBUF)
/testbench_mnist_fcnn_fi/unit_under_test_inst/Ram_W_3_1/\data_r_OBUF[13]_inst\ (OBUF)
/testbench_mnist_fcnn_fi/unit_under_test_inst/Ram_W_3_1/\data_r_OBUF[88]_inst\ (OBUF)
/testbench_mnist_fcnn_fi/unit_under_test_inst/Ram_W_3_1/\data_r_OBUF[36]_inst\ (OBUF)
/testbench_mnist_fcnn_fi/unit_under_test_inst/Ram_W_3_1/\data_r_OBUF[5]_inst\ (OBUF)
/testbench_mnist_fcnn_fi/unit_under_test_inst/Ram_W_3_1/\data_r_OBUF[60]_inst\ (OBUF)
/testbench_mnist_fcnn_fi/unit_under_test_inst/Ram_W_3_1/\data_r_OBUF[59]_inst\ (OBUF)
/testbench_mnist_fcnn_fi/unit_under_test_inst/Ram_W_3_1/\data_r_OBUF[83]_inst\ (OBUF)
/testbench_mnist_fcnn_fi/unit_under_test_inst/Ram_W_3_1/\data_r_OBUF[31]_inst\ (OBUF)
/testbench_mnist_fcnn_fi/unit_under_test_inst/Ram_W_3_1/\data_r_OBUF[0]_inst\ (OBUF)
/testbench_mnist_fcnn_fi/unit_under_test_inst/Ram_W_3_1/\data_r_OBUF[54]_inst\ (OBUF)
/testbench_mnist_fcnn_fi/unit_under_test_inst/Ram_W_3_1/\data_r_OBUF[77]_inst\ (OBUF)
/testbench_mnist_fcnn_fi/unit_under_test_inst/Ram_W_3_1/\data_r_OBUF[25]_inst\ (OBUF)
/testbench_mnist_fcnn_fi/unit_under_test_inst/Ram_W_3_1/\data_r_OBUF[48]_inst\ (OBUF)
/testbench_mnist_fcnn_fi/unit_under_test_inst/Ram_W_3_1/\data_r_OBUF[72]_inst\ (OBUF)
/testbench_mnist_fcnn_fi/unit_under_test_inst/Ram_W_3_1/\data_r_OBUF[20]_inst\ (OBUF)
/testbench_mnist_fcnn_fi/unit_under_test_inst/Ram_W_3_1/\data_r_OBUF[19]_inst\ (OBUF)
/testbench_mnist_fcnn_fi/unit_under_test_inst/Ram_W_3_1/\data_r_OBUF[95]_inst\ (OBUF)
/testbench_mnist_fcnn_fi/unit_under_test_inst/Ram_W_3_1/\data_r_OBUF[43]_inst\ (OBUF)
/testbench_mnist_fcnn_fi/unit_under_test_inst/Ram_W_3_1/\data_r_OBUF[66]_inst\ (OBUF)
/testbench_mnist_fcnn_fi/unit_under_test_inst/Ram_W_3_1/\data_r_OBUF[14]_inst\ (OBUF)
/testbench_mnist_fcnn_fi/unit_under_test_inst/Ram_W_3_1/\data_r_OBUF[90]_inst\ (OBUF)
/testbench_mnist_fcnn_fi/unit_under_test_inst/Ram_W_3_1/\data_r_OBUF[89]_inst\ (OBUF)
/testbench_mnist_fcnn_fi/unit_under_test_inst/Ram_W_3_1/\data_r_OBUF[37]_inst\ (OBUF)
/testbench_mnist_fcnn_fi/unit_under_test_inst/Ram_W_3_1/\data_r_OBUF[6]_inst\ (OBUF)
/testbench_mnist_fcnn_fi/unit_under_test_inst/Ram_W_3_1/\data_r_OBUF[61]_inst\ (OBUF)
/testbench_mnist_fcnn_fi/unit_under_test_inst/Ram_W_3_1/\data_r_OBUF[84]_inst\ (OBUF)
/testbench_mnist_fcnn_fi/unit_under_test_inst/Ram_W_3_1/\data_r_OBUF[32]_inst\ (OBUF)
/testbench_mnist_fcnn_fi/unit_under_test_inst/Ram_W_3_1/\data_r_OBUF[1]_inst\ (OBUF)
/testbench_mnist_fcnn_fi/unit_under_test_inst/Ram_W_3_1/\data_r_OBUF[55]_inst\ (OBUF)
/testbench_mnist_fcnn_fi/unit_under_test_inst/Ram_W_3_1/\data_r_OBUF[78]_inst\ (OBUF)
/testbench_mnist_fcnn_fi/unit_under_test_inst/Ram_W_3_1/\data_r_OBUF[26]_inst\ (OBUF)
/testbench_mnist_fcnn_fi/unit_under_test_inst/Ram_W_3_1/\data_r_OBUF[50]_inst\ (OBUF)
/testbench_mnist_fcnn_fi/unit_under_test_inst/Ram_W_3_1/\data_r_OBUF[49]_inst\ (OBUF)
/testbench_mnist_fcnn_fi/unit_under_test_inst/Ram_W_3_1/\data_r_OBUF[73]_inst\ (OBUF)
/testbench_mnist_fcnn_fi/unit_under_test_inst/Ram_W_3_1/\data_r_OBUF[21]_inst\ (OBUF)
/testbench_mnist_fcnn_fi/unit_under_test_inst/Ram_W_3_1/\data_r_OBUF[96]_inst\ (OBUF)
/testbench_mnist_fcnn_fi/unit_under_test_inst/Ram_W_3_1/\data_r_OBUF[44]_inst\ (OBUF)
/testbench_mnist_fcnn_fi/unit_under_test_inst/Ram_W_3_1/\data_r_OBUF[67]_inst\ (OBUF)
/testbench_mnist_fcnn_fi/unit_under_test_inst/Ram_W_3_1/\data_r_OBUF[15]_inst\ (OBUF)
/testbench_mnist_fcnn_fi/unit_under_test_inst/Ram_W_3_1/\data_r_OBUF[91]_inst\ (OBUF)
/testbench_mnist_fcnn_fi/unit_under_test_inst/Ram_W_3_1/\data_r_OBUF[38]_inst\ (OBUF)
/testbench_mnist_fcnn_fi/unit_under_test_inst/Ram_W_3_1/\data_r_OBUF[7]_inst\ (OBUF)
/testbench_mnist_fcnn_fi/unit_under_test_inst/Ram_W_3_1/\data_r_OBUF[62]_inst\ (OBUF)
/testbench_mnist_fcnn_fi/unit_under_test_inst/Ram_W_3_1/\data_r_OBUF[10]_inst\ (OBUF)
/testbench_mnist_fcnn_fi/unit_under_test_inst/Ram_W_3_1/\data_r_OBUF[85]_inst\ (OBUF)
/testbench_mnist_fcnn_fi/unit_under_test_inst/Ram_W_3_1/\data_r_OBUF[33]_inst\ (OBUF)
/testbench_mnist_fcnn_fi/unit_under_test_inst/Ram_W_3_1/\data_r_OBUF[2]_inst\ (OBUF)
/testbench_mnist_fcnn_fi/unit_under_test_inst/Ram_W_3_1/\data_r_OBUF[56]_inst\ (OBUF)
/testbench_mnist_fcnn_fi/unit_under_test_inst/Ram_W_3_1/\data_r_OBUF[80]_inst\ (OBUF)
/testbench_mnist_fcnn_fi/unit_under_test_inst/Ram_W_3_1/\data_r_OBUF[79]_inst\ (OBUF)
/testbench_mnist_fcnn_fi/unit_under_test_inst/Ram_W_3_1/\data_r_OBUF[27]_inst\ (OBUF)
/testbench_mnist_fcnn_fi/unit_under_test_inst/Ram_W_3_1/\data_r_OBUF[51]_inst\ (OBUF)
/testbench_mnist_fcnn_fi/unit_under_test_inst/Ram_W_3_1/\data_r_OBUF[74]_inst\ (OBUF)
/testbench_mnist_fcnn_fi/unit_under_test_inst/Ram_W_3_1/\data_r_OBUF[22]_inst\ (OBUF)
/testbench_mnist_fcnn_fi/unit_under_test_inst/Ram_W_3_1/\data_r_OBUF[97]_inst\ (OBUF)
/testbench_mnist_fcnn_fi/unit_under_test_inst/Ram_W_3_1/\data_r_OBUF[45]_inst\ (OBUF)
/testbench_mnist_fcnn_fi/unit_under_test_inst/Ram_W_3_1/\data_r_OBUF[68]_inst\ (OBUF)
/testbench_mnist_fcnn_fi/unit_under_test_inst/Ram_W_3_1/\data_r_OBUF[16]_inst\ (OBUF)
/testbench_mnist_fcnn_fi/unit_under_test_inst/Ram_W_3_1/\data_r_OBUF[92]_inst\ (OBUF)
/testbench_mnist_fcnn_fi/unit_under_test_inst/Ram_W_3_1/\data_r_OBUF[40]_inst\ (OBUF)
/testbench_mnist_fcnn_fi/unit_under_test_inst/Ram_W_3_1/\data_r_OBUF[39]_inst\ (OBUF)
/testbench_mnist_fcnn_fi/unit_under_test_inst/Ram_W_3_1/\data_r_OBUF[8]_inst\ (OBUF)
/testbench_mnist_fcnn_fi/unit_under_test_inst/Ram_W_3_1/\data_r_OBUF[63]_inst\ (OBUF)
/testbench_mnist_fcnn_fi/unit_under_test_inst/Ram_W_3_1/\data_r_OBUF[11]_inst\ (OBUF)
/testbench_mnist_fcnn_fi/unit_under_test_inst/Ram_W_3_1/\data_r_OBUF[86]_inst\ (OBUF)
/testbench_mnist_fcnn_fi/unit_under_test_inst/Ram_W_3_1/\data_r_OBUF[34]_inst\ (OBUF)
/testbench_mnist_fcnn_fi/unit_under_test_inst/Ram_W_3_1/\data_r_OBUF[3]_inst\ (OBUF)
/testbench_mnist_fcnn_fi/unit_under_test_inst/Ram_W_3_1/\data_r_OBUF[57]_inst\ (OBUF)
/testbench_mnist_fcnn_fi/unit_under_test_inst/Ram_W_3_1/\data_r_OBUF[81]_inst\ (OBUF)
/testbench_mnist_fcnn_fi/unit_under_test_inst/Ram_W_3_1/\data_r_OBUF[28]_inst\ (OBUF)
/testbench_mnist_fcnn_fi/unit_under_test_inst/Ram_W_3_1/\data_r_OBUF[52]_inst\ (OBUF)
/testbench_mnist_fcnn_fi/unit_under_test_inst/Ram_W_3_1/\data_r_OBUF[75]_inst\ (OBUF)
/testbench_mnist_fcnn_fi/unit_under_test_inst/Ram_W_3_1/\data_r_OBUF[23]_inst\ (OBUF)
/testbench_mnist_fcnn_fi/unit_under_test_inst/Ram_W_3_1/\data_r_OBUF[98]_inst\ (OBUF)
/testbench_mnist_fcnn_fi/unit_under_test_inst/Ram_W_3_1/\data_r_OBUF[46]_inst\ (OBUF)
/testbench_mnist_fcnn_fi/unit_under_test_inst/Ram_W_3_1/\data_r_OBUF[70]_inst\ (OBUF)
/testbench_mnist_fcnn_fi/unit_under_test_inst/Ram_W_3_1/\data_r_OBUF[69]_inst\ (OBUF)
/testbench_mnist_fcnn_fi/unit_under_test_inst/Ram_W_3_1/\data_r_OBUF[17]_inst\ (OBUF)
/testbench_mnist_fcnn_fi/unit_under_test_inst/Ram_W_3_1/\data_r_OBUF[93]_inst\ (OBUF)
/testbench_mnist_fcnn_fi/unit_under_test_inst/Ram_W_3_1/\data_r_OBUF[41]_inst\ (OBUF)


