BUFGs      : 1
/testbench_mnist_fcnn_fi/unit_under_test_inst/NeuronCombinator_2/I_clk_IBUF_BUFG_inst (BUFG)


FDCEs      : 160
/testbench_mnist_fcnn_fi/unit_under_test_inst/NeuronCombinator_2/\SR_reg_reg[8]\ (FDCE)
/testbench_mnist_fcnn_fi/unit_under_test_inst/NeuronCombinator_2/\SR_reg_reg[1]\ (FDCE)
/testbench_mnist_fcnn_fi/unit_under_test_inst/NeuronCombinator_2/\SR_reg_reg[155]\ (FDCE)
/testbench_mnist_fcnn_fi/unit_under_test_inst/NeuronCombinator_2/\SR_reg_reg[147]\ (FDCE)
/testbench_mnist_fcnn_fi/unit_under_test_inst/NeuronCombinator_2/\SR_reg_reg[140]\ (FDCE)
/testbench_mnist_fcnn_fi/unit_under_test_inst/NeuronCombinator_2/\SR_reg_reg[139]\ (FDCE)
/testbench_mnist_fcnn_fi/unit_under_test_inst/NeuronCombinator_2/\SR_reg_reg[132]\ (FDCE)
/testbench_mnist_fcnn_fi/unit_under_test_inst/NeuronCombinator_2/\SR_reg_reg[124]\ (FDCE)
/testbench_mnist_fcnn_fi/unit_under_test_inst/NeuronCombinator_2/\SR_reg_reg[116]\ (FDCE)
/testbench_mnist_fcnn_fi/unit_under_test_inst/NeuronCombinator_2/\SR_reg_reg[108]\ (FDCE)
/testbench_mnist_fcnn_fi/unit_under_test_inst/NeuronCombinator_2/\SR_reg_reg[101]\ (FDCE)
/testbench_mnist_fcnn_fi/unit_under_test_inst/NeuronCombinator_2/\SR_reg_reg[94]\ (FDCE)
/testbench_mnist_fcnn_fi/unit_under_test_inst/NeuronCombinator_2/\SR_reg_reg[86]\ (FDCE)
/testbench_mnist_fcnn_fi/unit_under_test_inst/NeuronCombinator_2/\SR_reg_reg[78]\ (FDCE)
/testbench_mnist_fcnn_fi/unit_under_test_inst/NeuronCombinator_2/\SR_reg_reg[71]\ (FDCE)
/testbench_mnist_fcnn_fi/unit_under_test_inst/NeuronCombinator_2/\SR_reg_reg[63]\ (FDCE)
/testbench_mnist_fcnn_fi/unit_under_test_inst/NeuronCombinator_2/\SR_reg_reg[55]\ (FDCE)
/testbench_mnist_fcnn_fi/unit_under_test_inst/NeuronCombinator_2/\SR_reg_reg[47]\ (FDCE)
/testbench_mnist_fcnn_fi/unit_under_test_inst/NeuronCombinator_2/\SR_reg_reg[40]\ (FDCE)
/testbench_mnist_fcnn_fi/unit_under_test_inst/NeuronCombinator_2/\SR_reg_reg[39]\ (FDCE)
/testbench_mnist_fcnn_fi/unit_under_test_inst/NeuronCombinator_2/\SR_reg_reg[32]\ (FDCE)
/testbench_mnist_fcnn_fi/unit_under_test_inst/NeuronCombinator_2/\SR_reg_reg[24]\ (FDCE)
/testbench_mnist_fcnn_fi/unit_under_test_inst/NeuronCombinator_2/\SR_reg_reg[16]\ (FDCE)
/testbench_mnist_fcnn_fi/unit_under_test_inst/NeuronCombinator_2/\SR_reg_reg[5]\ (FDCE)
/testbench_mnist_fcnn_fi/unit_under_test_inst/NeuronCombinator_2/\SR_reg_reg[159]\ (FDCE)
/testbench_mnist_fcnn_fi/unit_under_test_inst/NeuronCombinator_2/\SR_reg_reg[152]\ (FDCE)
/testbench_mnist_fcnn_fi/unit_under_test_inst/NeuronCombinator_2/\SR_reg_reg[144]\ (FDCE)
/testbench_mnist_fcnn_fi/unit_under_test_inst/NeuronCombinator_2/\SR_reg_reg[136]\ (FDCE)
/testbench_mnist_fcnn_fi/unit_under_test_inst/NeuronCombinator_2/\SR_reg_reg[128]\ (FDCE)
/testbench_mnist_fcnn_fi/unit_under_test_inst/NeuronCombinator_2/\SR_reg_reg[121]\ (FDCE)
/testbench_mnist_fcnn_fi/unit_under_test_inst/NeuronCombinator_2/\SR_reg_reg[113]\ (FDCE)
/testbench_mnist_fcnn_fi/unit_under_test_inst/NeuronCombinator_2/\SR_reg_reg[105]\ (FDCE)
/testbench_mnist_fcnn_fi/unit_under_test_inst/NeuronCombinator_2/\SR_reg_reg[98]\ (FDCE)
/testbench_mnist_fcnn_fi/unit_under_test_inst/NeuronCombinator_2/\SR_reg_reg[91]\ (FDCE)
/testbench_mnist_fcnn_fi/unit_under_test_inst/NeuronCombinator_2/\SR_reg_reg[83]\ (FDCE)
/testbench_mnist_fcnn_fi/unit_under_test_inst/NeuronCombinator_2/\SR_reg_reg[75]\ (FDCE)
/testbench_mnist_fcnn_fi/unit_under_test_inst/NeuronCombinator_2/\SR_reg_reg[67]\ (FDCE)
/testbench_mnist_fcnn_fi/unit_under_test_inst/NeuronCombinator_2/\SR_reg_reg[60]\ (FDCE)
/testbench_mnist_fcnn_fi/unit_under_test_inst/NeuronCombinator_2/\SR_reg_reg[59]\ (FDCE)
/testbench_mnist_fcnn_fi/unit_under_test_inst/NeuronCombinator_2/\SR_reg_reg[52]\ (FDCE)
/testbench_mnist_fcnn_fi/unit_under_test_inst/NeuronCombinator_2/\SR_reg_reg[44]\ (FDCE)
/testbench_mnist_fcnn_fi/unit_under_test_inst/NeuronCombinator_2/\SR_reg_reg[36]\ (FDCE)
/testbench_mnist_fcnn_fi/unit_under_test_inst/NeuronCombinator_2/\SR_reg_reg[28]\ (FDCE)
/testbench_mnist_fcnn_fi/unit_under_test_inst/NeuronCombinator_2/\SR_reg_reg[21]\ (FDCE)
/testbench_mnist_fcnn_fi/unit_under_test_inst/NeuronCombinator_2/\SR_reg_reg[13]\ (FDCE)
/testbench_mnist_fcnn_fi/unit_under_test_inst/NeuronCombinator_2/\SR_reg_reg[9]\ (FDCE)
/testbench_mnist_fcnn_fi/unit_under_test_inst/NeuronCombinator_2/\SR_reg_reg[2]\ (FDCE)
/testbench_mnist_fcnn_fi/unit_under_test_inst/NeuronCombinator_2/\SR_reg_reg[156]\ (FDCE)
/testbench_mnist_fcnn_fi/unit_under_test_inst/NeuronCombinator_2/\SR_reg_reg[148]\ (FDCE)
/testbench_mnist_fcnn_fi/unit_under_test_inst/NeuronCombinator_2/\SR_reg_reg[141]\ (FDCE)
/testbench_mnist_fcnn_fi/unit_under_test_inst/NeuronCombinator_2/\SR_reg_reg[133]\ (FDCE)
/testbench_mnist_fcnn_fi/unit_under_test_inst/NeuronCombinator_2/\SR_reg_reg[125]\ (FDCE)
/testbench_mnist_fcnn_fi/unit_under_test_inst/NeuronCombinator_2/\SR_reg_reg[117]\ (FDCE)
/testbench_mnist_fcnn_fi/unit_under_test_inst/NeuronCombinator_2/\SR_reg_reg[110]\ (FDCE)
/testbench_mnist_fcnn_fi/unit_under_test_inst/NeuronCombinator_2/\SR_reg_reg[109]\ (FDCE)
/testbench_mnist_fcnn_fi/unit_under_test_inst/NeuronCombinator_2/\SR_reg_reg[102]\ (FDCE)
/testbench_mnist_fcnn_fi/unit_under_test_inst/NeuronCombinator_2/\SR_reg_reg[95]\ (FDCE)
/testbench_mnist_fcnn_fi/unit_under_test_inst/NeuronCombinator_2/\SR_reg_reg[87]\ (FDCE)
/testbench_mnist_fcnn_fi/unit_under_test_inst/NeuronCombinator_2/\SR_reg_reg[80]\ (FDCE)
/testbench_mnist_fcnn_fi/unit_under_test_inst/NeuronCombinator_2/\SR_reg_reg[79]\ (FDCE)
/testbench_mnist_fcnn_fi/unit_under_test_inst/NeuronCombinator_2/\SR_reg_reg[72]\ (FDCE)
/testbench_mnist_fcnn_fi/unit_under_test_inst/NeuronCombinator_2/\SR_reg_reg[64]\ (FDCE)
/testbench_mnist_fcnn_fi/unit_under_test_inst/NeuronCombinator_2/\SR_reg_reg[56]\ (FDCE)
/testbench_mnist_fcnn_fi/unit_under_test_inst/NeuronCombinator_2/\SR_reg_reg[48]\ (FDCE)
/testbench_mnist_fcnn_fi/unit_under_test_inst/NeuronCombinator_2/\SR_reg_reg[41]\ (FDCE)
/testbench_mnist_fcnn_fi/unit_under_test_inst/NeuronCombinator_2/\SR_reg_reg[33]\ (FDCE)
/testbench_mnist_fcnn_fi/unit_under_test_inst/NeuronCombinator_2/\SR_reg_reg[25]\ (FDCE)
/testbench_mnist_fcnn_fi/unit_under_test_inst/NeuronCombinator_2/\SR_reg_reg[17]\ (FDCE)
/testbench_mnist_fcnn_fi/unit_under_test_inst/NeuronCombinator_2/\SR_reg_reg[10]\ (FDCE)
/testbench_mnist_fcnn_fi/unit_under_test_inst/NeuronCombinator_2/\SR_reg_reg[6]\ (FDCE)
/testbench_mnist_fcnn_fi/unit_under_test_inst/NeuronCombinator_2/\SR_reg_reg[153]\ (FDCE)
/testbench_mnist_fcnn_fi/unit_under_test_inst/NeuronCombinator_2/\SR_reg_reg[145]\ (FDCE)
/testbench_mnist_fcnn_fi/unit_under_test_inst/NeuronCombinator_2/\SR_reg_reg[137]\ (FDCE)
/testbench_mnist_fcnn_fi/unit_under_test_inst/NeuronCombinator_2/\SR_reg_reg[130]\ (FDCE)
/testbench_mnist_fcnn_fi/unit_under_test_inst/NeuronCombinator_2/\SR_reg_reg[129]\ (FDCE)
/testbench_mnist_fcnn_fi/unit_under_test_inst/NeuronCombinator_2/\SR_reg_reg[122]\ (FDCE)
/testbench_mnist_fcnn_fi/unit_under_test_inst/NeuronCombinator_2/\SR_reg_reg[114]\ (FDCE)
/testbench_mnist_fcnn_fi/unit_under_test_inst/NeuronCombinator_2/\SR_reg_reg[106]\ (FDCE)
/testbench_mnist_fcnn_fi/unit_under_test_inst/NeuronCombinator_2/\SR_reg_reg[99]\ (FDCE)
/testbench_mnist_fcnn_fi/unit_under_test_inst/NeuronCombinator_2/\SR_reg_reg[92]\ (FDCE)
/testbench_mnist_fcnn_fi/unit_under_test_inst/NeuronCombinator_2/\SR_reg_reg[84]\ (FDCE)
/testbench_mnist_fcnn_fi/unit_under_test_inst/NeuronCombinator_2/\SR_reg_reg[76]\ (FDCE)
/testbench_mnist_fcnn_fi/unit_under_test_inst/NeuronCombinator_2/\SR_reg_reg[68]\ (FDCE)
/testbench_mnist_fcnn_fi/unit_under_test_inst/NeuronCombinator_2/\SR_reg_reg[61]\ (FDCE)
/testbench_mnist_fcnn_fi/unit_under_test_inst/NeuronCombinator_2/\SR_reg_reg[53]\ (FDCE)
/testbench_mnist_fcnn_fi/unit_under_test_inst/NeuronCombinator_2/\SR_reg_reg[45]\ (FDCE)
/testbench_mnist_fcnn_fi/unit_under_test_inst/NeuronCombinator_2/\SR_reg_reg[37]\ (FDCE)
/testbench_mnist_fcnn_fi/unit_under_test_inst/NeuronCombinator_2/\SR_reg_reg[30]\ (FDCE)
/testbench_mnist_fcnn_fi/unit_under_test_inst/NeuronCombinator_2/\SR_reg_reg[29]\ (FDCE)
/testbench_mnist_fcnn_fi/unit_under_test_inst/NeuronCombinator_2/\SR_reg_reg[22]\ (FDCE)
/testbench_mnist_fcnn_fi/unit_under_test_inst/NeuronCombinator_2/\SR_reg_reg[14]\ (FDCE)
/testbench_mnist_fcnn_fi/unit_under_test_inst/NeuronCombinator_2/\SR_reg_reg[3]\ (FDCE)
/testbench_mnist_fcnn_fi/unit_under_test_inst/NeuronCombinator_2/\SR_reg_reg[157]\ (FDCE)
/testbench_mnist_fcnn_fi/unit_under_test_inst/NeuronCombinator_2/\SR_reg_reg[150]\ (FDCE)
/testbench_mnist_fcnn_fi/unit_under_test_inst/NeuronCombinator_2/\SR_reg_reg[149]\ (FDCE)
/testbench_mnist_fcnn_fi/unit_under_test_inst/NeuronCombinator_2/\SR_reg_reg[142]\ (FDCE)
/testbench_mnist_fcnn_fi/unit_under_test_inst/NeuronCombinator_2/\SR_reg_reg[134]\ (FDCE)
/testbench_mnist_fcnn_fi/unit_under_test_inst/NeuronCombinator_2/\SR_reg_reg[126]\ (FDCE)
/testbench_mnist_fcnn_fi/unit_under_test_inst/NeuronCombinator_2/\SR_reg_reg[118]\ (FDCE)
/testbench_mnist_fcnn_fi/unit_under_test_inst/NeuronCombinator_2/\SR_reg_reg[111]\ (FDCE)
/testbench_mnist_fcnn_fi/unit_under_test_inst/NeuronCombinator_2/\SR_reg_reg[103]\ (FDCE)
/testbench_mnist_fcnn_fi/unit_under_test_inst/NeuronCombinator_2/\SR_reg_reg[96]\ (FDCE)
/testbench_mnist_fcnn_fi/unit_under_test_inst/NeuronCombinator_2/\SR_reg_reg[88]\ (FDCE)
/testbench_mnist_fcnn_fi/unit_under_test_inst/NeuronCombinator_2/\SR_reg_reg[81]\ (FDCE)
/testbench_mnist_fcnn_fi/unit_under_test_inst/NeuronCombinator_2/\SR_reg_reg[73]\ (FDCE)
/testbench_mnist_fcnn_fi/unit_under_test_inst/NeuronCombinator_2/\SR_reg_reg[65]\ (FDCE)
/testbench_mnist_fcnn_fi/unit_under_test_inst/NeuronCombinator_2/\SR_reg_reg[57]\ (FDCE)
/testbench_mnist_fcnn_fi/unit_under_test_inst/NeuronCombinator_2/\SR_reg_reg[50]\ (FDCE)
/testbench_mnist_fcnn_fi/unit_under_test_inst/NeuronCombinator_2/\SR_reg_reg[49]\ (FDCE)
/testbench_mnist_fcnn_fi/unit_under_test_inst/NeuronCombinator_2/\SR_reg_reg[42]\ (FDCE)
/testbench_mnist_fcnn_fi/unit_under_test_inst/NeuronCombinator_2/\SR_reg_reg[34]\ (FDCE)
/testbench_mnist_fcnn_fi/unit_under_test_inst/NeuronCombinator_2/\SR_reg_reg[26]\ (FDCE)
/testbench_mnist_fcnn_fi/unit_under_test_inst/NeuronCombinator_2/\SR_reg_reg[18]\ (FDCE)
/testbench_mnist_fcnn_fi/unit_under_test_inst/NeuronCombinator_2/\SR_reg_reg[11]\ (FDCE)
/testbench_mnist_fcnn_fi/unit_under_test_inst/NeuronCombinator_2/\SR_reg_reg[7]\ (FDCE)
/testbench_mnist_fcnn_fi/unit_under_test_inst/NeuronCombinator_2/\SR_reg_reg[0]\ (FDCE)
/testbench_mnist_fcnn_fi/unit_under_test_inst/NeuronCombinator_2/\SR_reg_reg[154]\ (FDCE)
/testbench_mnist_fcnn_fi/unit_under_test_inst/NeuronCombinator_2/\SR_reg_reg[146]\ (FDCE)
/testbench_mnist_fcnn_fi/unit_under_test_inst/NeuronCombinator_2/\SR_reg_reg[138]\ (FDCE)
/testbench_mnist_fcnn_fi/unit_under_test_inst/NeuronCombinator_2/\SR_reg_reg[131]\ (FDCE)
/testbench_mnist_fcnn_fi/unit_under_test_inst/NeuronCombinator_2/\SR_reg_reg[123]\ (FDCE)
/testbench_mnist_fcnn_fi/unit_under_test_inst/NeuronCombinator_2/\SR_reg_reg[115]\ (FDCE)
/testbench_mnist_fcnn_fi/unit_under_test_inst/NeuronCombinator_2/\SR_reg_reg[107]\ (FDCE)
/testbench_mnist_fcnn_fi/unit_under_test_inst/NeuronCombinator_2/\SR_reg_reg[100]\ (FDCE)
/testbench_mnist_fcnn_fi/unit_under_test_inst/NeuronCombinator_2/\SR_reg_reg[93]\ (FDCE)
/testbench_mnist_fcnn_fi/unit_under_test_inst/NeuronCombinator_2/\SR_reg_reg[85]\ (FDCE)
/testbench_mnist_fcnn_fi/unit_under_test_inst/NeuronCombinator_2/\SR_reg_reg[77]\ (FDCE)
/testbench_mnist_fcnn_fi/unit_under_test_inst/NeuronCombinator_2/\SR_reg_reg[70]\ (FDCE)
/testbench_mnist_fcnn_fi/unit_under_test_inst/NeuronCombinator_2/\SR_reg_reg[69]\ (FDCE)
/testbench_mnist_fcnn_fi/unit_under_test_inst/NeuronCombinator_2/\SR_reg_reg[62]\ (FDCE)
/testbench_mnist_fcnn_fi/unit_under_test_inst/NeuronCombinator_2/\SR_reg_reg[54]\ (FDCE)
/testbench_mnist_fcnn_fi/unit_under_test_inst/NeuronCombinator_2/\SR_reg_reg[46]\ (FDCE)
/testbench_mnist_fcnn_fi/unit_under_test_inst/NeuronCombinator_2/\SR_reg_reg[38]\ (FDCE)
/testbench_mnist_fcnn_fi/unit_under_test_inst/NeuronCombinator_2/\SR_reg_reg[31]\ (FDCE)
/testbench_mnist_fcnn_fi/unit_under_test_inst/NeuronCombinator_2/\SR_reg_reg[23]\ (FDCE)
/testbench_mnist_fcnn_fi/unit_under_test_inst/NeuronCombinator_2/\SR_reg_reg[15]\ (FDCE)
/testbench_mnist_fcnn_fi/unit_under_test_inst/NeuronCombinator_2/\SR_reg_reg[4]\ (FDCE)
/testbench_mnist_fcnn_fi/unit_under_test_inst/NeuronCombinator_2/\SR_reg_reg[158]\ (FDCE)
/testbench_mnist_fcnn_fi/unit_under_test_inst/NeuronCombinator_2/\SR_reg_reg[151]\ (FDCE)
/testbench_mnist_fcnn_fi/unit_under_test_inst/NeuronCombinator_2/\SR_reg_reg[143]\ (FDCE)
/testbench_mnist_fcnn_fi/unit_under_test_inst/NeuronCombinator_2/\SR_reg_reg[135]\ (FDCE)
/testbench_mnist_fcnn_fi/unit_under_test_inst/NeuronCombinator_2/\SR_reg_reg[127]\ (FDCE)
/testbench_mnist_fcnn_fi/unit_under_test_inst/NeuronCombinator_2/\SR_reg_reg[120]\ (FDCE)
/testbench_mnist_fcnn_fi/unit_under_test_inst/NeuronCombinator_2/\SR_reg_reg[119]\ (FDCE)
/testbench_mnist_fcnn_fi/unit_under_test_inst/NeuronCombinator_2/\SR_reg_reg[112]\ (FDCE)
/testbench_mnist_fcnn_fi/unit_under_test_inst/NeuronCombinator_2/\SR_reg_reg[104]\ (FDCE)
/testbench_mnist_fcnn_fi/unit_under_test_inst/NeuronCombinator_2/\SR_reg_reg[97]\ (FDCE)
/testbench_mnist_fcnn_fi/unit_under_test_inst/NeuronCombinator_2/\SR_reg_reg[90]\ (FDCE)
/testbench_mnist_fcnn_fi/unit_under_test_inst/NeuronCombinator_2/\SR_reg_reg[89]\ (FDCE)
/testbench_mnist_fcnn_fi/unit_under_test_inst/NeuronCombinator_2/\SR_reg_reg[82]\ (FDCE)
/testbench_mnist_fcnn_fi/unit_under_test_inst/NeuronCombinator_2/\SR_reg_reg[74]\ (FDCE)
/testbench_mnist_fcnn_fi/unit_under_test_inst/NeuronCombinator_2/\SR_reg_reg[66]\ (FDCE)
/testbench_mnist_fcnn_fi/unit_under_test_inst/NeuronCombinator_2/\SR_reg_reg[58]\ (FDCE)
/testbench_mnist_fcnn_fi/unit_under_test_inst/NeuronCombinator_2/\SR_reg_reg[51]\ (FDCE)
/testbench_mnist_fcnn_fi/unit_under_test_inst/NeuronCombinator_2/\SR_reg_reg[43]\ (FDCE)
/testbench_mnist_fcnn_fi/unit_under_test_inst/NeuronCombinator_2/\SR_reg_reg[35]\ (FDCE)
/testbench_mnist_fcnn_fi/unit_under_test_inst/NeuronCombinator_2/\SR_reg_reg[27]\ (FDCE)
/testbench_mnist_fcnn_fi/unit_under_test_inst/NeuronCombinator_2/\SR_reg_reg[20]\ (FDCE)
/testbench_mnist_fcnn_fi/unit_under_test_inst/NeuronCombinator_2/\SR_reg_reg[19]\ (FDCE)
/testbench_mnist_fcnn_fi/unit_under_test_inst/NeuronCombinator_2/\SR_reg_reg[12]\ (FDCE)


FDREs      : 160
/testbench_mnist_fcnn_fi/unit_under_test_inst/NeuronCombinator_2/\O_data_reg[107]\ (fdre)
/testbench_mnist_fcnn_fi/unit_under_test_inst/NeuronCombinator_2/\O_data_reg[100]\ (fdre)
/testbench_mnist_fcnn_fi/unit_under_test_inst/NeuronCombinator_2/\O_data_reg[0]\ (fdre)
/testbench_mnist_fcnn_fi/unit_under_test_inst/NeuronCombinator_2/\O_data_reg[104]\ (fdre)
/testbench_mnist_fcnn_fi/unit_under_test_inst/NeuronCombinator_2/\O_data_reg[108]\ (fdre)
/testbench_mnist_fcnn_fi/unit_under_test_inst/NeuronCombinator_2/\O_data_reg[101]\ (fdre)
/testbench_mnist_fcnn_fi/unit_under_test_inst/NeuronCombinator_2/\O_data_reg[105]\ (fdre)
/testbench_mnist_fcnn_fi/unit_under_test_inst/NeuronCombinator_2/\O_data_reg[10]\ (fdre)
/testbench_mnist_fcnn_fi/unit_under_test_inst/NeuronCombinator_2/\O_data_reg[109]\ (fdre)
/testbench_mnist_fcnn_fi/unit_under_test_inst/NeuronCombinator_2/\O_data_reg[102]\ (fdre)
/testbench_mnist_fcnn_fi/unit_under_test_inst/NeuronCombinator_2/\O_data_reg[106]\ (fdre)
/testbench_mnist_fcnn_fi/unit_under_test_inst/NeuronCombinator_2/\O_data_reg[103]\ (fdre)
/testbench_mnist_fcnn_fi/unit_under_test_inst/NeuronCombinator_2/\O_data_reg[95]\ (FDRE)
/testbench_mnist_fcnn_fi/unit_under_test_inst/NeuronCombinator_2/\O_data_reg[87]\ (FDRE)
/testbench_mnist_fcnn_fi/unit_under_test_inst/NeuronCombinator_2/\O_data_reg[159]\ (FDRE)
/testbench_mnist_fcnn_fi/unit_under_test_inst/NeuronCombinator_2/\O_data_reg[80]\ (FDRE)
/testbench_mnist_fcnn_fi/unit_under_test_inst/NeuronCombinator_2/\O_data_reg[79]\ (FDRE)
/testbench_mnist_fcnn_fi/unit_under_test_inst/NeuronCombinator_2/\O_data_reg[152]\ (FDRE)
/testbench_mnist_fcnn_fi/unit_under_test_inst/NeuronCombinator_2/\O_data_reg[72]\ (FDRE)
/testbench_mnist_fcnn_fi/unit_under_test_inst/NeuronCombinator_2/\O_data_reg[144]\ (FDRE)
/testbench_mnist_fcnn_fi/unit_under_test_inst/NeuronCombinator_2/\O_data_reg[64]\ (FDRE)
/testbench_mnist_fcnn_fi/unit_under_test_inst/NeuronCombinator_2/\O_data_reg[136]\ (FDRE)
/testbench_mnist_fcnn_fi/unit_under_test_inst/NeuronCombinator_2/\O_data_reg[56]\ (FDRE)
/testbench_mnist_fcnn_fi/unit_under_test_inst/NeuronCombinator_2/\O_data_reg[128]\ (FDRE)
/testbench_mnist_fcnn_fi/unit_under_test_inst/NeuronCombinator_2/\O_data_reg[48]\ (FDRE)
/testbench_mnist_fcnn_fi/unit_under_test_inst/NeuronCombinator_2/\O_data_reg[121]\ (FDRE)
/testbench_mnist_fcnn_fi/unit_under_test_inst/NeuronCombinator_2/\O_data_reg[41]\ (FDRE)
/testbench_mnist_fcnn_fi/unit_under_test_inst/NeuronCombinator_2/\O_data_reg[113]\ (FDRE)
/testbench_mnist_fcnn_fi/unit_under_test_inst/NeuronCombinator_2/\O_data_reg[33]\ (FDRE)
/testbench_mnist_fcnn_fi/unit_under_test_inst/NeuronCombinator_2/\O_data_reg[25]\ (FDRE)
/testbench_mnist_fcnn_fi/unit_under_test_inst/NeuronCombinator_2/\O_data_reg[17]\ (FDRE)
/testbench_mnist_fcnn_fi/unit_under_test_inst/NeuronCombinator_2/\O_data_reg[5]\ (FDRE)
/testbench_mnist_fcnn_fi/unit_under_test_inst/NeuronCombinator_2/\O_data_reg[99]\ (FDRE)
/testbench_mnist_fcnn_fi/unit_under_test_inst/NeuronCombinator_2/\O_data_reg[92]\ (FDRE)
/testbench_mnist_fcnn_fi/unit_under_test_inst/NeuronCombinator_2/\O_data_reg[84]\ (FDRE)
/testbench_mnist_fcnn_fi/unit_under_test_inst/NeuronCombinator_2/\O_data_reg[156]\ (FDRE)
/testbench_mnist_fcnn_fi/unit_under_test_inst/NeuronCombinator_2/\O_data_reg[76]\ (FDRE)
/testbench_mnist_fcnn_fi/unit_under_test_inst/NeuronCombinator_2/\O_data_reg[148]\ (FDRE)
/testbench_mnist_fcnn_fi/unit_under_test_inst/NeuronCombinator_2/\O_data_reg[68]\ (FDRE)
/testbench_mnist_fcnn_fi/unit_under_test_inst/NeuronCombinator_2/\O_data_reg[141]\ (FDRE)
/testbench_mnist_fcnn_fi/unit_under_test_inst/NeuronCombinator_2/\O_data_reg[61]\ (FDRE)
/testbench_mnist_fcnn_fi/unit_under_test_inst/NeuronCombinator_2/\O_data_reg[133]\ (FDRE)
/testbench_mnist_fcnn_fi/unit_under_test_inst/NeuronCombinator_2/\O_data_reg[53]\ (FDRE)
/testbench_mnist_fcnn_fi/unit_under_test_inst/NeuronCombinator_2/\O_data_reg[125]\ (FDRE)
/testbench_mnist_fcnn_fi/unit_under_test_inst/NeuronCombinator_2/\O_data_reg[45]\ (FDRE)
/testbench_mnist_fcnn_fi/unit_under_test_inst/NeuronCombinator_2/\O_data_reg[117]\ (FDRE)
/testbench_mnist_fcnn_fi/unit_under_test_inst/NeuronCombinator_2/\O_data_reg[37]\ (FDRE)
/testbench_mnist_fcnn_fi/unit_under_test_inst/NeuronCombinator_2/\O_data_reg[110]\ (FDRE)
/testbench_mnist_fcnn_fi/unit_under_test_inst/NeuronCombinator_2/\O_data_reg[30]\ (FDRE)
/testbench_mnist_fcnn_fi/unit_under_test_inst/NeuronCombinator_2/\O_data_reg[29]\ (FDRE)
/testbench_mnist_fcnn_fi/unit_under_test_inst/NeuronCombinator_2/\O_data_reg[22]\ (FDRE)
/testbench_mnist_fcnn_fi/unit_under_test_inst/NeuronCombinator_2/\O_data_reg[14]\ (FDRE)
/testbench_mnist_fcnn_fi/unit_under_test_inst/NeuronCombinator_2/\O_data_reg[9]\ (FDRE)
/testbench_mnist_fcnn_fi/unit_under_test_inst/NeuronCombinator_2/\O_data_reg[2]\ (FDRE)
/testbench_mnist_fcnn_fi/unit_under_test_inst/NeuronCombinator_2/\O_data_reg[96]\ (FDRE)
/testbench_mnist_fcnn_fi/unit_under_test_inst/NeuronCombinator_2/\O_data_reg[88]\ (FDRE)
/testbench_mnist_fcnn_fi/unit_under_test_inst/NeuronCombinator_2/\O_data_reg[81]\ (FDRE)
/testbench_mnist_fcnn_fi/unit_under_test_inst/NeuronCombinator_2/\O_data_reg[153]\ (FDRE)
/testbench_mnist_fcnn_fi/unit_under_test_inst/NeuronCombinator_2/\O_data_reg[73]\ (FDRE)
/testbench_mnist_fcnn_fi/unit_under_test_inst/NeuronCombinator_2/\O_data_reg[145]\ (FDRE)
/testbench_mnist_fcnn_fi/unit_under_test_inst/NeuronCombinator_2/\O_data_reg[65]\ (FDRE)
/testbench_mnist_fcnn_fi/unit_under_test_inst/NeuronCombinator_2/\O_data_reg[137]\ (FDRE)
/testbench_mnist_fcnn_fi/unit_under_test_inst/NeuronCombinator_2/\O_data_reg[57]\ (FDRE)
/testbench_mnist_fcnn_fi/unit_under_test_inst/NeuronCombinator_2/\O_data_reg[130]\ (FDRE)
/testbench_mnist_fcnn_fi/unit_under_test_inst/NeuronCombinator_2/\O_data_reg[129]\ (FDRE)
/testbench_mnist_fcnn_fi/unit_under_test_inst/NeuronCombinator_2/\O_data_reg[50]\ (FDRE)
/testbench_mnist_fcnn_fi/unit_under_test_inst/NeuronCombinator_2/\O_data_reg[49]\ (FDRE)
/testbench_mnist_fcnn_fi/unit_under_test_inst/NeuronCombinator_2/\O_data_reg[122]\ (FDRE)
/testbench_mnist_fcnn_fi/unit_under_test_inst/NeuronCombinator_2/\O_data_reg[42]\ (FDRE)
/testbench_mnist_fcnn_fi/unit_under_test_inst/NeuronCombinator_2/\O_data_reg[114]\ (FDRE)
/testbench_mnist_fcnn_fi/unit_under_test_inst/NeuronCombinator_2/\O_data_reg[34]\ (FDRE)
/testbench_mnist_fcnn_fi/unit_under_test_inst/NeuronCombinator_2/\O_data_reg[26]\ (FDRE)
/testbench_mnist_fcnn_fi/unit_under_test_inst/NeuronCombinator_2/\O_data_reg[18]\ (FDRE)
/testbench_mnist_fcnn_fi/unit_under_test_inst/NeuronCombinator_2/\O_data_reg[11]\ (FDRE)
/testbench_mnist_fcnn_fi/unit_under_test_inst/NeuronCombinator_2/\O_data_reg[6]\ (FDRE)
/testbench_mnist_fcnn_fi/unit_under_test_inst/NeuronCombinator_2/\O_data_reg[93]\ (FDRE)
/testbench_mnist_fcnn_fi/unit_under_test_inst/NeuronCombinator_2/\O_data_reg[85]\ (FDRE)
/testbench_mnist_fcnn_fi/unit_under_test_inst/NeuronCombinator_2/\O_data_reg[157]\ (FDRE)
/testbench_mnist_fcnn_fi/unit_under_test_inst/NeuronCombinator_2/\O_data_reg[77]\ (FDRE)
/testbench_mnist_fcnn_fi/unit_under_test_inst/NeuronCombinator_2/\O_data_reg[150]\ (FDRE)
/testbench_mnist_fcnn_fi/unit_under_test_inst/NeuronCombinator_2/\O_data_reg[149]\ (FDRE)
/testbench_mnist_fcnn_fi/unit_under_test_inst/NeuronCombinator_2/\O_data_reg[70]\ (FDRE)
/testbench_mnist_fcnn_fi/unit_under_test_inst/NeuronCombinator_2/\O_data_reg[69]\ (FDRE)
/testbench_mnist_fcnn_fi/unit_under_test_inst/NeuronCombinator_2/\O_data_reg[142]\ (FDRE)
/testbench_mnist_fcnn_fi/unit_under_test_inst/NeuronCombinator_2/\O_data_reg[62]\ (FDRE)
/testbench_mnist_fcnn_fi/unit_under_test_inst/NeuronCombinator_2/\O_data_reg[134]\ (FDRE)
/testbench_mnist_fcnn_fi/unit_under_test_inst/NeuronCombinator_2/\O_data_reg[54]\ (FDRE)
/testbench_mnist_fcnn_fi/unit_under_test_inst/NeuronCombinator_2/\O_data_reg[126]\ (FDRE)
/testbench_mnist_fcnn_fi/unit_under_test_inst/NeuronCombinator_2/\O_data_reg[46]\ (FDRE)
/testbench_mnist_fcnn_fi/unit_under_test_inst/NeuronCombinator_2/\O_data_reg[118]\ (FDRE)
/testbench_mnist_fcnn_fi/unit_under_test_inst/NeuronCombinator_2/\O_data_reg[38]\ (FDRE)
/testbench_mnist_fcnn_fi/unit_under_test_inst/NeuronCombinator_2/\O_data_reg[111]\ (FDRE)
/testbench_mnist_fcnn_fi/unit_under_test_inst/NeuronCombinator_2/\O_data_reg[31]\ (FDRE)
/testbench_mnist_fcnn_fi/unit_under_test_inst/NeuronCombinator_2/\O_data_reg[23]\ (FDRE)
/testbench_mnist_fcnn_fi/unit_under_test_inst/NeuronCombinator_2/\O_data_reg[15]\ (FDRE)
/testbench_mnist_fcnn_fi/unit_under_test_inst/NeuronCombinator_2/\O_data_reg[3]\ (FDRE)
/testbench_mnist_fcnn_fi/unit_under_test_inst/NeuronCombinator_2/\O_data_reg[97]\ (FDRE)
/testbench_mnist_fcnn_fi/unit_under_test_inst/NeuronCombinator_2/\O_data_reg[90]\ (FDRE)
/testbench_mnist_fcnn_fi/unit_under_test_inst/NeuronCombinator_2/\O_data_reg[89]\ (FDRE)
/testbench_mnist_fcnn_fi/unit_under_test_inst/NeuronCombinator_2/\O_data_reg[82]\ (FDRE)
/testbench_mnist_fcnn_fi/unit_under_test_inst/NeuronCombinator_2/\O_data_reg[154]\ (FDRE)
/testbench_mnist_fcnn_fi/unit_under_test_inst/NeuronCombinator_2/\O_data_reg[74]\ (FDRE)
/testbench_mnist_fcnn_fi/unit_under_test_inst/NeuronCombinator_2/\O_data_reg[146]\ (FDRE)
/testbench_mnist_fcnn_fi/unit_under_test_inst/NeuronCombinator_2/\O_data_reg[66]\ (FDRE)
/testbench_mnist_fcnn_fi/unit_under_test_inst/NeuronCombinator_2/\O_data_reg[138]\ (FDRE)
/testbench_mnist_fcnn_fi/unit_under_test_inst/NeuronCombinator_2/\O_data_reg[58]\ (FDRE)
/testbench_mnist_fcnn_fi/unit_under_test_inst/NeuronCombinator_2/\O_data_reg[131]\ (FDRE)
/testbench_mnist_fcnn_fi/unit_under_test_inst/NeuronCombinator_2/\O_data_reg[51]\ (FDRE)
/testbench_mnist_fcnn_fi/unit_under_test_inst/NeuronCombinator_2/\O_data_reg[123]\ (FDRE)
/testbench_mnist_fcnn_fi/unit_under_test_inst/NeuronCombinator_2/\O_data_reg[43]\ (FDRE)
/testbench_mnist_fcnn_fi/unit_under_test_inst/NeuronCombinator_2/\O_data_reg[115]\ (FDRE)
/testbench_mnist_fcnn_fi/unit_under_test_inst/NeuronCombinator_2/\O_data_reg[35]\ (FDRE)
/testbench_mnist_fcnn_fi/unit_under_test_inst/NeuronCombinator_2/\O_data_reg[27]\ (FDRE)
/testbench_mnist_fcnn_fi/unit_under_test_inst/NeuronCombinator_2/\O_data_reg[20]\ (FDRE)
/testbench_mnist_fcnn_fi/unit_under_test_inst/NeuronCombinator_2/\O_data_reg[19]\ (FDRE)
/testbench_mnist_fcnn_fi/unit_under_test_inst/NeuronCombinator_2/\O_data_reg[12]\ (FDRE)
/testbench_mnist_fcnn_fi/unit_under_test_inst/NeuronCombinator_2/\O_data_reg[7]\ (FDRE)
/testbench_mnist_fcnn_fi/unit_under_test_inst/NeuronCombinator_2/\O_data_reg[94]\ (FDRE)
/testbench_mnist_fcnn_fi/unit_under_test_inst/NeuronCombinator_2/\O_data_reg[86]\ (FDRE)
/testbench_mnist_fcnn_fi/unit_under_test_inst/NeuronCombinator_2/\O_data_reg[158]\ (FDRE)
/testbench_mnist_fcnn_fi/unit_under_test_inst/NeuronCombinator_2/\O_data_reg[78]\ (FDRE)
/testbench_mnist_fcnn_fi/unit_under_test_inst/NeuronCombinator_2/\O_data_reg[151]\ (FDRE)
/testbench_mnist_fcnn_fi/unit_under_test_inst/NeuronCombinator_2/\O_data_reg[71]\ (FDRE)
/testbench_mnist_fcnn_fi/unit_under_test_inst/NeuronCombinator_2/\O_data_reg[143]\ (FDRE)
/testbench_mnist_fcnn_fi/unit_under_test_inst/NeuronCombinator_2/\O_data_reg[63]\ (FDRE)
/testbench_mnist_fcnn_fi/unit_under_test_inst/NeuronCombinator_2/\O_data_reg[135]\ (FDRE)
/testbench_mnist_fcnn_fi/unit_under_test_inst/NeuronCombinator_2/\O_data_reg[55]\ (FDRE)
/testbench_mnist_fcnn_fi/unit_under_test_inst/NeuronCombinator_2/\O_data_reg[127]\ (FDRE)
/testbench_mnist_fcnn_fi/unit_under_test_inst/NeuronCombinator_2/\O_data_reg[47]\ (FDRE)
/testbench_mnist_fcnn_fi/unit_under_test_inst/NeuronCombinator_2/\O_data_reg[120]\ (FDRE)
/testbench_mnist_fcnn_fi/unit_under_test_inst/NeuronCombinator_2/\O_data_reg[119]\ (FDRE)
/testbench_mnist_fcnn_fi/unit_under_test_inst/NeuronCombinator_2/\O_data_reg[40]\ (FDRE)
/testbench_mnist_fcnn_fi/unit_under_test_inst/NeuronCombinator_2/\O_data_reg[39]\ (FDRE)
/testbench_mnist_fcnn_fi/unit_under_test_inst/NeuronCombinator_2/\O_data_reg[112]\ (FDRE)
/testbench_mnist_fcnn_fi/unit_under_test_inst/NeuronCombinator_2/\O_data_reg[32]\ (FDRE)
/testbench_mnist_fcnn_fi/unit_under_test_inst/NeuronCombinator_2/\O_data_reg[24]\ (FDRE)
/testbench_mnist_fcnn_fi/unit_under_test_inst/NeuronCombinator_2/\O_data_reg[16]\ (FDRE)
/testbench_mnist_fcnn_fi/unit_under_test_inst/NeuronCombinator_2/\O_data_reg[4]\ (FDRE)
/testbench_mnist_fcnn_fi/unit_under_test_inst/NeuronCombinator_2/\O_data_reg[98]\ (FDRE)
/testbench_mnist_fcnn_fi/unit_under_test_inst/NeuronCombinator_2/\O_data_reg[91]\ (FDRE)
/testbench_mnist_fcnn_fi/unit_under_test_inst/NeuronCombinator_2/\O_data_reg[83]\ (FDRE)
/testbench_mnist_fcnn_fi/unit_under_test_inst/NeuronCombinator_2/\O_data_reg[155]\ (FDRE)
/testbench_mnist_fcnn_fi/unit_under_test_inst/NeuronCombinator_2/\O_data_reg[75]\ (FDRE)
/testbench_mnist_fcnn_fi/unit_under_test_inst/NeuronCombinator_2/\O_data_reg[147]\ (FDRE)
/testbench_mnist_fcnn_fi/unit_under_test_inst/NeuronCombinator_2/\O_data_reg[67]\ (FDRE)
/testbench_mnist_fcnn_fi/unit_under_test_inst/NeuronCombinator_2/\O_data_reg[140]\ (FDRE)
/testbench_mnist_fcnn_fi/unit_under_test_inst/NeuronCombinator_2/\O_data_reg[139]\ (FDRE)
/testbench_mnist_fcnn_fi/unit_under_test_inst/NeuronCombinator_2/\O_data_reg[60]\ (FDRE)
/testbench_mnist_fcnn_fi/unit_under_test_inst/NeuronCombinator_2/\O_data_reg[59]\ (FDRE)
/testbench_mnist_fcnn_fi/unit_under_test_inst/NeuronCombinator_2/\O_data_reg[132]\ (FDRE)
/testbench_mnist_fcnn_fi/unit_under_test_inst/NeuronCombinator_2/\O_data_reg[52]\ (FDRE)
/testbench_mnist_fcnn_fi/unit_under_test_inst/NeuronCombinator_2/\O_data_reg[124]\ (FDRE)
/testbench_mnist_fcnn_fi/unit_under_test_inst/NeuronCombinator_2/\O_data_reg[44]\ (FDRE)
/testbench_mnist_fcnn_fi/unit_under_test_inst/NeuronCombinator_2/\O_data_reg[116]\ (FDRE)
/testbench_mnist_fcnn_fi/unit_under_test_inst/NeuronCombinator_2/\O_data_reg[36]\ (FDRE)
/testbench_mnist_fcnn_fi/unit_under_test_inst/NeuronCombinator_2/\O_data_reg[28]\ (FDRE)
/testbench_mnist_fcnn_fi/unit_under_test_inst/NeuronCombinator_2/\O_data_reg[21]\ (FDRE)
/testbench_mnist_fcnn_fi/unit_under_test_inst/NeuronCombinator_2/\O_data_reg[13]\ (FDRE)
/testbench_mnist_fcnn_fi/unit_under_test_inst/NeuronCombinator_2/\O_data_reg[8]\ (FDRE)
/testbench_mnist_fcnn_fi/unit_under_test_inst/NeuronCombinator_2/\O_data_reg[1]\ (FDRE)


IBUFs      : 11
/testbench_mnist_fcnn_fi/unit_under_test_inst/NeuronCombinator_2/I_rst_IBUF_inst (ibuf)
/testbench_mnist_fcnn_fi/unit_under_test_inst/NeuronCombinator_2/\I_data_IBUF[4]_inst\ (ibuf)
/testbench_mnist_fcnn_fi/unit_under_test_inst/NeuronCombinator_2/\I_data_IBUF[5]_inst\ (ibuf)
/testbench_mnist_fcnn_fi/unit_under_test_inst/NeuronCombinator_2/I_clk_IBUF_inst (ibuf)
/testbench_mnist_fcnn_fi/unit_under_test_inst/NeuronCombinator_2/I_en_IBUF_inst (ibuf)
/testbench_mnist_fcnn_fi/unit_under_test_inst/NeuronCombinator_2/\I_data_IBUF[0]_inst\ (ibuf)
/testbench_mnist_fcnn_fi/unit_under_test_inst/NeuronCombinator_2/\I_data_IBUF[6]_inst\ (ibuf)
/testbench_mnist_fcnn_fi/unit_under_test_inst/NeuronCombinator_2/\I_data_IBUF[1]_inst\ (ibuf)
/testbench_mnist_fcnn_fi/unit_under_test_inst/NeuronCombinator_2/\I_data_IBUF[7]_inst\ (ibuf)
/testbench_mnist_fcnn_fi/unit_under_test_inst/NeuronCombinator_2/\I_data_IBUF[2]_inst\ (ibuf)
/testbench_mnist_fcnn_fi/unit_under_test_inst/NeuronCombinator_2/\I_data_IBUF[3]_inst\ (ibuf)


LUT1s      : 1
/testbench_mnist_fcnn_fi/unit_under_test_inst/NeuronCombinator_2/\SR_reg[159]_i_1\ (LUT1)


OBUFs      : 160
/testbench_mnist_fcnn_fi/unit_under_test_inst/NeuronCombinator_2/\O_data_OBUF[67]_inst\ (OBUF)
/testbench_mnist_fcnn_fi/unit_under_test_inst/NeuronCombinator_2/\O_data_OBUF[15]_inst\ (OBUF)
/testbench_mnist_fcnn_fi/unit_under_test_inst/NeuronCombinator_2/\O_data_OBUF[124]_inst\ (OBUF)
/testbench_mnist_fcnn_fi/unit_under_test_inst/NeuronCombinator_2/\O_data_OBUF[91]_inst\ (OBUF)
/testbench_mnist_fcnn_fi/unit_under_test_inst/NeuronCombinator_2/\O_data_OBUF[38]_inst\ (OBUF)
/testbench_mnist_fcnn_fi/unit_under_test_inst/NeuronCombinator_2/\O_data_OBUF[147]_inst\ (OBUF)
/testbench_mnist_fcnn_fi/unit_under_test_inst/NeuronCombinator_2/\O_data_OBUF[62]_inst\ (OBUF)
/testbench_mnist_fcnn_fi/unit_under_test_inst/NeuronCombinator_2/\O_data_OBUF[10]_inst\ (OBUF)
/testbench_mnist_fcnn_fi/unit_under_test_inst/NeuronCombinator_2/\O_data_OBUF[118]_inst\ (OBUF)
/testbench_mnist_fcnn_fi/unit_under_test_inst/NeuronCombinator_2/\O_data_OBUF[85]_inst\ (OBUF)
/testbench_mnist_fcnn_fi/unit_under_test_inst/NeuronCombinator_2/\O_data_OBUF[5]_inst\ (OBUF)
/testbench_mnist_fcnn_fi/unit_under_test_inst/NeuronCombinator_2/\O_data_OBUF[33]_inst\ (OBUF)
/testbench_mnist_fcnn_fi/unit_under_test_inst/NeuronCombinator_2/\O_data_OBUF[142]_inst\ (OBUF)
/testbench_mnist_fcnn_fi/unit_under_test_inst/NeuronCombinator_2/\O_data_OBUF[56]_inst\ (OBUF)
/testbench_mnist_fcnn_fi/unit_under_test_inst/NeuronCombinator_2/\O_data_OBUF[113]_inst\ (OBUF)
/testbench_mnist_fcnn_fi/unit_under_test_inst/NeuronCombinator_2/\O_data_OBUF[80]_inst\ (OBUF)
/testbench_mnist_fcnn_fi/unit_under_test_inst/NeuronCombinator_2/\O_data_OBUF[79]_inst\ (OBUF)
/testbench_mnist_fcnn_fi/unit_under_test_inst/NeuronCombinator_2/\O_data_OBUF[0]_inst\ (OBUF)
/testbench_mnist_fcnn_fi/unit_under_test_inst/NeuronCombinator_2/\O_data_OBUF[27]_inst\ (OBUF)
/testbench_mnist_fcnn_fi/unit_under_test_inst/NeuronCombinator_2/\O_data_OBUF[136]_inst\ (OBUF)
/testbench_mnist_fcnn_fi/unit_under_test_inst/NeuronCombinator_2/\O_data_OBUF[51]_inst\ (OBUF)
/testbench_mnist_fcnn_fi/unit_under_test_inst/NeuronCombinator_2/\O_data_OBUF[159]_inst\ (OBUF)
/testbench_mnist_fcnn_fi/unit_under_test_inst/NeuronCombinator_2/\O_data_OBUF[107]_inst\ (OBUF)
/testbench_mnist_fcnn_fi/unit_under_test_inst/NeuronCombinator_2/\O_data_OBUF[74]_inst\ (OBUF)
/testbench_mnist_fcnn_fi/unit_under_test_inst/NeuronCombinator_2/\O_data_OBUF[22]_inst\ (OBUF)
/testbench_mnist_fcnn_fi/unit_under_test_inst/NeuronCombinator_2/\O_data_OBUF[131]_inst\ (OBUF)
/testbench_mnist_fcnn_fi/unit_under_test_inst/NeuronCombinator_2/\O_data_OBUF[97]_inst\ (OBUF)
/testbench_mnist_fcnn_fi/unit_under_test_inst/NeuronCombinator_2/\O_data_OBUF[45]_inst\ (OBUF)
/testbench_mnist_fcnn_fi/unit_under_test_inst/NeuronCombinator_2/\O_data_OBUF[154]_inst\ (OBUF)
/testbench_mnist_fcnn_fi/unit_under_test_inst/NeuronCombinator_2/\O_data_OBUF[102]_inst\ (OBUF)
/testbench_mnist_fcnn_fi/unit_under_test_inst/NeuronCombinator_2/\O_data_OBUF[68]_inst\ (OBUF)
/testbench_mnist_fcnn_fi/unit_under_test_inst/NeuronCombinator_2/\O_data_OBUF[16]_inst\ (OBUF)
/testbench_mnist_fcnn_fi/unit_under_test_inst/NeuronCombinator_2/\O_data_OBUF[125]_inst\ (OBUF)
/testbench_mnist_fcnn_fi/unit_under_test_inst/NeuronCombinator_2/\O_data_OBUF[92]_inst\ (OBUF)
/testbench_mnist_fcnn_fi/unit_under_test_inst/NeuronCombinator_2/\O_data_OBUF[40]_inst\ (OBUF)
/testbench_mnist_fcnn_fi/unit_under_test_inst/NeuronCombinator_2/\O_data_OBUF[39]_inst\ (OBUF)
/testbench_mnist_fcnn_fi/unit_under_test_inst/NeuronCombinator_2/\O_data_OBUF[148]_inst\ (OBUF)
/testbench_mnist_fcnn_fi/unit_under_test_inst/NeuronCombinator_2/\O_data_OBUF[63]_inst\ (OBUF)
/testbench_mnist_fcnn_fi/unit_under_test_inst/NeuronCombinator_2/\O_data_OBUF[11]_inst\ (OBUF)
/testbench_mnist_fcnn_fi/unit_under_test_inst/NeuronCombinator_2/\O_data_OBUF[119]_inst\ (OBUF)
/testbench_mnist_fcnn_fi/unit_under_test_inst/NeuronCombinator_2/\O_data_OBUF[120]_inst\ (OBUF)
/testbench_mnist_fcnn_fi/unit_under_test_inst/NeuronCombinator_2/\O_data_OBUF[86]_inst\ (OBUF)
/testbench_mnist_fcnn_fi/unit_under_test_inst/NeuronCombinator_2/\O_data_OBUF[6]_inst\ (OBUF)
/testbench_mnist_fcnn_fi/unit_under_test_inst/NeuronCombinator_2/\O_data_OBUF[34]_inst\ (OBUF)
/testbench_mnist_fcnn_fi/unit_under_test_inst/NeuronCombinator_2/\O_data_OBUF[143]_inst\ (OBUF)
/testbench_mnist_fcnn_fi/unit_under_test_inst/NeuronCombinator_2/\O_data_OBUF[57]_inst\ (OBUF)
/testbench_mnist_fcnn_fi/unit_under_test_inst/NeuronCombinator_2/\O_data_OBUF[114]_inst\ (OBUF)
/testbench_mnist_fcnn_fi/unit_under_test_inst/NeuronCombinator_2/\O_data_OBUF[81]_inst\ (OBUF)
/testbench_mnist_fcnn_fi/unit_under_test_inst/NeuronCombinator_2/\O_data_OBUF[1]_inst\ (OBUF)
/testbench_mnist_fcnn_fi/unit_under_test_inst/NeuronCombinator_2/\O_data_OBUF[28]_inst\ (OBUF)
/testbench_mnist_fcnn_fi/unit_under_test_inst/NeuronCombinator_2/\O_data_OBUF[137]_inst\ (OBUF)
/testbench_mnist_fcnn_fi/unit_under_test_inst/NeuronCombinator_2/\O_data_OBUF[52]_inst\ (OBUF)
/testbench_mnist_fcnn_fi/unit_under_test_inst/NeuronCombinator_2/\O_data_OBUF[108]_inst\ (OBUF)
/testbench_mnist_fcnn_fi/unit_under_test_inst/NeuronCombinator_2/\O_data_OBUF[75]_inst\ (OBUF)
/testbench_mnist_fcnn_fi/unit_under_test_inst/NeuronCombinator_2/\O_data_OBUF[23]_inst\ (OBUF)
/testbench_mnist_fcnn_fi/unit_under_test_inst/NeuronCombinator_2/\O_data_OBUF[132]_inst\ (OBUF)
/testbench_mnist_fcnn_fi/unit_under_test_inst/NeuronCombinator_2/\O_data_OBUF[98]_inst\ (OBUF)
/testbench_mnist_fcnn_fi/unit_under_test_inst/NeuronCombinator_2/\O_data_OBUF[46]_inst\ (OBUF)
/testbench_mnist_fcnn_fi/unit_under_test_inst/NeuronCombinator_2/\O_data_OBUF[155]_inst\ (OBUF)
/testbench_mnist_fcnn_fi/unit_under_test_inst/NeuronCombinator_2/\O_data_OBUF[103]_inst\ (OBUF)
/testbench_mnist_fcnn_fi/unit_under_test_inst/NeuronCombinator_2/\O_data_OBUF[70]_inst\ (OBUF)
/testbench_mnist_fcnn_fi/unit_under_test_inst/NeuronCombinator_2/\O_data_OBUF[69]_inst\ (OBUF)
/testbench_mnist_fcnn_fi/unit_under_test_inst/NeuronCombinator_2/\O_data_OBUF[17]_inst\ (OBUF)
/testbench_mnist_fcnn_fi/unit_under_test_inst/NeuronCombinator_2/\O_data_OBUF[126]_inst\ (OBUF)
/testbench_mnist_fcnn_fi/unit_under_test_inst/NeuronCombinator_2/\O_data_OBUF[93]_inst\ (OBUF)
/testbench_mnist_fcnn_fi/unit_under_test_inst/NeuronCombinator_2/\O_data_OBUF[41]_inst\ (OBUF)
/testbench_mnist_fcnn_fi/unit_under_test_inst/NeuronCombinator_2/\O_data_OBUF[149]_inst\ (OBUF)
/testbench_mnist_fcnn_fi/unit_under_test_inst/NeuronCombinator_2/\O_data_OBUF[150]_inst\ (OBUF)
/testbench_mnist_fcnn_fi/unit_under_test_inst/NeuronCombinator_2/\O_data_OBUF[64]_inst\ (OBUF)
/testbench_mnist_fcnn_fi/unit_under_test_inst/NeuronCombinator_2/\O_data_OBUF[12]_inst\ (OBUF)
/testbench_mnist_fcnn_fi/unit_under_test_inst/NeuronCombinator_2/\O_data_OBUF[121]_inst\ (OBUF)
/testbench_mnist_fcnn_fi/unit_under_test_inst/NeuronCombinator_2/\O_data_OBUF[87]_inst\ (OBUF)
/testbench_mnist_fcnn_fi/unit_under_test_inst/NeuronCombinator_2/\O_data_OBUF[7]_inst\ (OBUF)
/testbench_mnist_fcnn_fi/unit_under_test_inst/NeuronCombinator_2/\O_data_OBUF[35]_inst\ (OBUF)
/testbench_mnist_fcnn_fi/unit_under_test_inst/NeuronCombinator_2/\O_data_OBUF[144]_inst\ (OBUF)
/testbench_mnist_fcnn_fi/unit_under_test_inst/NeuronCombinator_2/\O_data_OBUF[58]_inst\ (OBUF)
/testbench_mnist_fcnn_fi/unit_under_test_inst/NeuronCombinator_2/\O_data_OBUF[115]_inst\ (OBUF)
/testbench_mnist_fcnn_fi/unit_under_test_inst/NeuronCombinator_2/\O_data_OBUF[82]_inst\ (OBUF)
/testbench_mnist_fcnn_fi/unit_under_test_inst/NeuronCombinator_2/\O_data_OBUF[2]_inst\ (OBUF)
/testbench_mnist_fcnn_fi/unit_under_test_inst/NeuronCombinator_2/\O_data_OBUF[30]_inst\ (OBUF)
/testbench_mnist_fcnn_fi/unit_under_test_inst/NeuronCombinator_2/\O_data_OBUF[29]_inst\ (OBUF)
/testbench_mnist_fcnn_fi/unit_under_test_inst/NeuronCombinator_2/\O_data_OBUF[138]_inst\ (OBUF)
/testbench_mnist_fcnn_fi/unit_under_test_inst/NeuronCombinator_2/\O_data_OBUF[53]_inst\ (OBUF)
/testbench_mnist_fcnn_fi/unit_under_test_inst/NeuronCombinator_2/\O_data_OBUF[109]_inst\ (OBUF)
/testbench_mnist_fcnn_fi/unit_under_test_inst/NeuronCombinator_2/\O_data_OBUF[110]_inst\ (OBUF)
/testbench_mnist_fcnn_fi/unit_under_test_inst/NeuronCombinator_2/\O_data_OBUF[76]_inst\ (OBUF)
/testbench_mnist_fcnn_fi/unit_under_test_inst/NeuronCombinator_2/\O_data_OBUF[24]_inst\ (OBUF)
/testbench_mnist_fcnn_fi/unit_under_test_inst/NeuronCombinator_2/\O_data_OBUF[133]_inst\ (OBUF)
/testbench_mnist_fcnn_fi/unit_under_test_inst/NeuronCombinator_2/\O_data_OBUF[99]_inst\ (OBUF)
/testbench_mnist_fcnn_fi/unit_under_test_inst/NeuronCombinator_2/\O_data_OBUF[47]_inst\ (OBUF)
/testbench_mnist_fcnn_fi/unit_under_test_inst/NeuronCombinator_2/\O_data_OBUF[156]_inst\ (OBUF)
/testbench_mnist_fcnn_fi/unit_under_test_inst/NeuronCombinator_2/\O_data_OBUF[104]_inst\ (OBUF)
/testbench_mnist_fcnn_fi/unit_under_test_inst/NeuronCombinator_2/\O_data_OBUF[71]_inst\ (OBUF)
/testbench_mnist_fcnn_fi/unit_under_test_inst/NeuronCombinator_2/\O_data_OBUF[18]_inst\ (OBUF)
/testbench_mnist_fcnn_fi/unit_under_test_inst/NeuronCombinator_2/\O_data_OBUF[127]_inst\ (OBUF)
/testbench_mnist_fcnn_fi/unit_under_test_inst/NeuronCombinator_2/\O_data_OBUF[94]_inst\ (OBUF)
/testbench_mnist_fcnn_fi/unit_under_test_inst/NeuronCombinator_2/\O_data_OBUF[42]_inst\ (OBUF)
/testbench_mnist_fcnn_fi/unit_under_test_inst/NeuronCombinator_2/\O_data_OBUF[151]_inst\ (OBUF)
/testbench_mnist_fcnn_fi/unit_under_test_inst/NeuronCombinator_2/\O_data_OBUF[65]_inst\ (OBUF)
/testbench_mnist_fcnn_fi/unit_under_test_inst/NeuronCombinator_2/\O_data_OBUF[13]_inst\ (OBUF)
/testbench_mnist_fcnn_fi/unit_under_test_inst/NeuronCombinator_2/\O_data_OBUF[122]_inst\ (OBUF)
/testbench_mnist_fcnn_fi/unit_under_test_inst/NeuronCombinator_2/\O_data_OBUF[8]_inst\ (OBUF)
/testbench_mnist_fcnn_fi/unit_under_test_inst/NeuronCombinator_2/\O_data_OBUF[88]_inst\ (OBUF)
/testbench_mnist_fcnn_fi/unit_under_test_inst/NeuronCombinator_2/\O_data_OBUF[36]_inst\ (OBUF)
/testbench_mnist_fcnn_fi/unit_under_test_inst/NeuronCombinator_2/\O_data_OBUF[145]_inst\ (OBUF)
/testbench_mnist_fcnn_fi/unit_under_test_inst/NeuronCombinator_2/\O_data_OBUF[60]_inst\ (OBUF)
/testbench_mnist_fcnn_fi/unit_under_test_inst/NeuronCombinator_2/\O_data_OBUF[59]_inst\ (OBUF)
/testbench_mnist_fcnn_fi/unit_under_test_inst/NeuronCombinator_2/\O_data_OBUF[116]_inst\ (OBUF)
/testbench_mnist_fcnn_fi/unit_under_test_inst/NeuronCombinator_2/\O_data_OBUF[83]_inst\ (OBUF)
/testbench_mnist_fcnn_fi/unit_under_test_inst/NeuronCombinator_2/\O_data_OBUF[3]_inst\ (OBUF)
/testbench_mnist_fcnn_fi/unit_under_test_inst/NeuronCombinator_2/\O_data_OBUF[31]_inst\ (OBUF)
/testbench_mnist_fcnn_fi/unit_under_test_inst/NeuronCombinator_2/\O_data_OBUF[139]_inst\ (OBUF)
/testbench_mnist_fcnn_fi/unit_under_test_inst/NeuronCombinator_2/\O_data_OBUF[140]_inst\ (OBUF)
/testbench_mnist_fcnn_fi/unit_under_test_inst/NeuronCombinator_2/\O_data_OBUF[54]_inst\ (OBUF)
/testbench_mnist_fcnn_fi/unit_under_test_inst/NeuronCombinator_2/\O_data_OBUF[111]_inst\ (OBUF)
/testbench_mnist_fcnn_fi/unit_under_test_inst/NeuronCombinator_2/\O_data_OBUF[77]_inst\ (OBUF)
/testbench_mnist_fcnn_fi/unit_under_test_inst/NeuronCombinator_2/\O_data_OBUF[25]_inst\ (OBUF)
/testbench_mnist_fcnn_fi/unit_under_test_inst/NeuronCombinator_2/\O_data_OBUF[134]_inst\ (OBUF)
/testbench_mnist_fcnn_fi/unit_under_test_inst/NeuronCombinator_2/\O_data_OBUF[48]_inst\ (OBUF)
/testbench_mnist_fcnn_fi/unit_under_test_inst/NeuronCombinator_2/\O_data_OBUF[157]_inst\ (OBUF)
/testbench_mnist_fcnn_fi/unit_under_test_inst/NeuronCombinator_2/\O_data_OBUF[105]_inst\ (OBUF)
/testbench_mnist_fcnn_fi/unit_under_test_inst/NeuronCombinator_2/\O_data_OBUF[72]_inst\ (OBUF)
/testbench_mnist_fcnn_fi/unit_under_test_inst/NeuronCombinator_2/\O_data_OBUF[19]_inst\ (OBUF)
/testbench_mnist_fcnn_fi/unit_under_test_inst/NeuronCombinator_2/\O_data_OBUF[20]_inst\ (OBUF)
/testbench_mnist_fcnn_fi/unit_under_test_inst/NeuronCombinator_2/\O_data_OBUF[128]_inst\ (OBUF)
/testbench_mnist_fcnn_fi/unit_under_test_inst/NeuronCombinator_2/\O_data_OBUF[95]_inst\ (OBUF)
/testbench_mnist_fcnn_fi/unit_under_test_inst/NeuronCombinator_2/\O_data_OBUF[43]_inst\ (OBUF)
/testbench_mnist_fcnn_fi/unit_under_test_inst/NeuronCombinator_2/\O_data_OBUF[152]_inst\ (OBUF)
/testbench_mnist_fcnn_fi/unit_under_test_inst/NeuronCombinator_2/\O_data_OBUF[100]_inst\ (OBUF)
/testbench_mnist_fcnn_fi/unit_under_test_inst/NeuronCombinator_2/\O_data_OBUF[66]_inst\ (OBUF)
/testbench_mnist_fcnn_fi/unit_under_test_inst/NeuronCombinator_2/\O_data_OBUF[14]_inst\ (OBUF)
/testbench_mnist_fcnn_fi/unit_under_test_inst/NeuronCombinator_2/\O_data_OBUF[123]_inst\ (OBUF)
/testbench_mnist_fcnn_fi/unit_under_test_inst/NeuronCombinator_2/\O_data_OBUF[9]_inst\ (OBUF)
/testbench_mnist_fcnn_fi/unit_under_test_inst/NeuronCombinator_2/\O_data_OBUF[90]_inst\ (OBUF)
/testbench_mnist_fcnn_fi/unit_under_test_inst/NeuronCombinator_2/\O_data_OBUF[89]_inst\ (OBUF)
/testbench_mnist_fcnn_fi/unit_under_test_inst/NeuronCombinator_2/\O_data_OBUF[37]_inst\ (OBUF)
/testbench_mnist_fcnn_fi/unit_under_test_inst/NeuronCombinator_2/\O_data_OBUF[146]_inst\ (OBUF)
/testbench_mnist_fcnn_fi/unit_under_test_inst/NeuronCombinator_2/\O_data_OBUF[61]_inst\ (OBUF)
/testbench_mnist_fcnn_fi/unit_under_test_inst/NeuronCombinator_2/\O_data_OBUF[117]_inst\ (OBUF)
/testbench_mnist_fcnn_fi/unit_under_test_inst/NeuronCombinator_2/\O_data_OBUF[84]_inst\ (OBUF)
/testbench_mnist_fcnn_fi/unit_under_test_inst/NeuronCombinator_2/\O_data_OBUF[4]_inst\ (OBUF)
/testbench_mnist_fcnn_fi/unit_under_test_inst/NeuronCombinator_2/\O_data_OBUF[32]_inst\ (OBUF)
/testbench_mnist_fcnn_fi/unit_under_test_inst/NeuronCombinator_2/\O_data_OBUF[141]_inst\ (OBUF)
/testbench_mnist_fcnn_fi/unit_under_test_inst/NeuronCombinator_2/\O_data_OBUF[55]_inst\ (OBUF)
/testbench_mnist_fcnn_fi/unit_under_test_inst/NeuronCombinator_2/\O_data_OBUF[112]_inst\ (OBUF)
/testbench_mnist_fcnn_fi/unit_under_test_inst/NeuronCombinator_2/\O_data_OBUF[78]_inst\ (OBUF)
/testbench_mnist_fcnn_fi/unit_under_test_inst/NeuronCombinator_2/\O_data_OBUF[26]_inst\ (OBUF)
/testbench_mnist_fcnn_fi/unit_under_test_inst/NeuronCombinator_2/\O_data_OBUF[135]_inst\ (OBUF)
/testbench_mnist_fcnn_fi/unit_under_test_inst/NeuronCombinator_2/\O_data_OBUF[50]_inst\ (OBUF)
/testbench_mnist_fcnn_fi/unit_under_test_inst/NeuronCombinator_2/\O_data_OBUF[49]_inst\ (OBUF)
/testbench_mnist_fcnn_fi/unit_under_test_inst/NeuronCombinator_2/\O_data_OBUF[158]_inst\ (OBUF)
/testbench_mnist_fcnn_fi/unit_under_test_inst/NeuronCombinator_2/\O_data_OBUF[106]_inst\ (OBUF)
/testbench_mnist_fcnn_fi/unit_under_test_inst/NeuronCombinator_2/\O_data_OBUF[73]_inst\ (OBUF)
/testbench_mnist_fcnn_fi/unit_under_test_inst/NeuronCombinator_2/\O_data_OBUF[21]_inst\ (OBUF)
/testbench_mnist_fcnn_fi/unit_under_test_inst/NeuronCombinator_2/\O_data_OBUF[129]_inst\ (OBUF)
/testbench_mnist_fcnn_fi/unit_under_test_inst/NeuronCombinator_2/\O_data_OBUF[130]_inst\ (OBUF)
/testbench_mnist_fcnn_fi/unit_under_test_inst/NeuronCombinator_2/\O_data_OBUF[96]_inst\ (OBUF)
/testbench_mnist_fcnn_fi/unit_under_test_inst/NeuronCombinator_2/\O_data_OBUF[44]_inst\ (OBUF)
/testbench_mnist_fcnn_fi/unit_under_test_inst/NeuronCombinator_2/\O_data_OBUF[153]_inst\ (OBUF)
/testbench_mnist_fcnn_fi/unit_under_test_inst/NeuronCombinator_2/\O_data_OBUF[101]_inst\ (OBUF)


