BUFGs      : 1
/testbench_mnist_fcnn_fi/unit_under_test_inst/NeuronCombinator_1/I_clk_IBUF_BUFG_inst (BUFG)


FDCEs      : 320
/testbench_mnist_fcnn_fi/unit_under_test_inst/NeuronCombinator_1/\SR_reg_reg[102]\ (fdce)
/testbench_mnist_fcnn_fi/unit_under_test_inst/NeuronCombinator_1/\SR_reg_reg[0]\ (fdce)
/testbench_mnist_fcnn_fi/unit_under_test_inst/NeuronCombinator_1/\SR_reg_reg[109]\ (fdce)
/testbench_mnist_fcnn_fi/unit_under_test_inst/NeuronCombinator_1/\SR_reg_reg[110]\ (fdce)
/testbench_mnist_fcnn_fi/unit_under_test_inst/NeuronCombinator_1/\SR_reg_reg[106]\ (fdce)
/testbench_mnist_fcnn_fi/unit_under_test_inst/NeuronCombinator_1/\SR_reg_reg[103]\ (fdce)
/testbench_mnist_fcnn_fi/unit_under_test_inst/NeuronCombinator_1/\SR_reg_reg[100]\ (fdce)
/testbench_mnist_fcnn_fi/unit_under_test_inst/NeuronCombinator_1/\SR_reg_reg[107]\ (fdce)
/testbench_mnist_fcnn_fi/unit_under_test_inst/NeuronCombinator_1/\SR_reg_reg[104]\ (fdce)
/testbench_mnist_fcnn_fi/unit_under_test_inst/NeuronCombinator_1/\SR_reg_reg[101]\ (fdce)
/testbench_mnist_fcnn_fi/unit_under_test_inst/NeuronCombinator_1/\SR_reg_reg[10]\ (fdce)
/testbench_mnist_fcnn_fi/unit_under_test_inst/NeuronCombinator_1/\SR_reg_reg[108]\ (fdce)
/testbench_mnist_fcnn_fi/unit_under_test_inst/NeuronCombinator_1/\SR_reg_reg[105]\ (fdce)
/testbench_mnist_fcnn_fi/unit_under_test_inst/NeuronCombinator_1/\SR_reg_reg[85]\ (FDCE)
/testbench_mnist_fcnn_fi/unit_under_test_inst/NeuronCombinator_1/\SR_reg_reg[311]\ (FDCE)
/testbench_mnist_fcnn_fi/unit_under_test_inst/NeuronCombinator_1/\SR_reg_reg[8]\ (FDCE)
/testbench_mnist_fcnn_fi/unit_under_test_inst/NeuronCombinator_1/\SR_reg_reg[54]\ (FDCE)
/testbench_mnist_fcnn_fi/unit_under_test_inst/NeuronCombinator_1/\SR_reg_reg[269]\ (FDCE)
/testbench_mnist_fcnn_fi/unit_under_test_inst/NeuronCombinator_1/\SR_reg_reg[270]\ (FDCE)
/testbench_mnist_fcnn_fi/unit_under_test_inst/NeuronCombinator_1/\SR_reg_reg[238]\ (FDCE)
/testbench_mnist_fcnn_fi/unit_under_test_inst/NeuronCombinator_1/\SR_reg_reg[23]\ (FDCE)
/testbench_mnist_fcnn_fi/unit_under_test_inst/NeuronCombinator_1/\SR_reg_reg[197]\ (FDCE)
/testbench_mnist_fcnn_fi/unit_under_test_inst/NeuronCombinator_1/\SR_reg_reg[207]\ (FDCE)
/testbench_mnist_fcnn_fi/unit_under_test_inst/NeuronCombinator_1/\SR_reg_reg[166]\ (FDCE)
/testbench_mnist_fcnn_fi/unit_under_test_inst/NeuronCombinator_1/\SR_reg_reg[135]\ (FDCE)
/testbench_mnist_fcnn_fi/unit_under_test_inst/NeuronCombinator_1/\SR_reg_reg[82]\ (FDCE)
/testbench_mnist_fcnn_fi/unit_under_test_inst/NeuronCombinator_1/\SR_reg_reg[307]\ (FDCE)
/testbench_mnist_fcnn_fi/unit_under_test_inst/NeuronCombinator_1/\SR_reg_reg[297]\ (FDCE)
/testbench_mnist_fcnn_fi/unit_under_test_inst/NeuronCombinator_1/\SR_reg_reg[5]\ (FDCE)
/testbench_mnist_fcnn_fi/unit_under_test_inst/NeuronCombinator_1/\SR_reg_reg[51]\ (FDCE)
/testbench_mnist_fcnn_fi/unit_under_test_inst/NeuronCombinator_1/\SR_reg_reg[266]\ (FDCE)
/testbench_mnist_fcnn_fi/unit_under_test_inst/NeuronCombinator_1/\SR_reg_reg[19]\ (FDCE)
/testbench_mnist_fcnn_fi/unit_under_test_inst/NeuronCombinator_1/\SR_reg_reg[20]\ (FDCE)
/testbench_mnist_fcnn_fi/unit_under_test_inst/NeuronCombinator_1/\SR_reg_reg[235]\ (FDCE)
/testbench_mnist_fcnn_fi/unit_under_test_inst/NeuronCombinator_1/\SR_reg_reg[194]\ (FDCE)
/testbench_mnist_fcnn_fi/unit_under_test_inst/NeuronCombinator_1/\SR_reg_reg[204]\ (FDCE)
/testbench_mnist_fcnn_fi/unit_under_test_inst/NeuronCombinator_1/\SR_reg_reg[163]\ (FDCE)
/testbench_mnist_fcnn_fi/unit_under_test_inst/NeuronCombinator_1/\SR_reg_reg[132]\ (FDCE)
/testbench_mnist_fcnn_fi/unit_under_test_inst/NeuronCombinator_1/\SR_reg_reg[78]\ (FDCE)
/testbench_mnist_fcnn_fi/unit_under_test_inst/NeuronCombinator_1/\SR_reg_reg[304]\ (FDCE)
/testbench_mnist_fcnn_fi/unit_under_test_inst/NeuronCombinator_1/\SR_reg_reg[294]\ (FDCE)
/testbench_mnist_fcnn_fi/unit_under_test_inst/NeuronCombinator_1/\SR_reg_reg[2]\ (FDCE)
/testbench_mnist_fcnn_fi/unit_under_test_inst/NeuronCombinator_1/\SR_reg_reg[47]\ (FDCE)
/testbench_mnist_fcnn_fi/unit_under_test_inst/NeuronCombinator_1/\SR_reg_reg[263]\ (FDCE)
/testbench_mnist_fcnn_fi/unit_under_test_inst/NeuronCombinator_1/\SR_reg_reg[16]\ (FDCE)
/testbench_mnist_fcnn_fi/unit_under_test_inst/NeuronCombinator_1/\SR_reg_reg[232]\ (FDCE)
/testbench_mnist_fcnn_fi/unit_under_test_inst/NeuronCombinator_1/\SR_reg_reg[191]\ (FDCE)
/testbench_mnist_fcnn_fi/unit_under_test_inst/NeuronCombinator_1/\SR_reg_reg[201]\ (FDCE)
/testbench_mnist_fcnn_fi/unit_under_test_inst/NeuronCombinator_1/\SR_reg_reg[159]\ (FDCE)
/testbench_mnist_fcnn_fi/unit_under_test_inst/NeuronCombinator_1/\SR_reg_reg[160]\ (FDCE)
/testbench_mnist_fcnn_fi/unit_under_test_inst/NeuronCombinator_1/\SR_reg_reg[128]\ (FDCE)
/testbench_mnist_fcnn_fi/unit_under_test_inst/NeuronCombinator_1/\SR_reg_reg[75]\ (FDCE)
/testbench_mnist_fcnn_fi/unit_under_test_inst/NeuronCombinator_1/\SR_reg_reg[301]\ (FDCE)
/testbench_mnist_fcnn_fi/unit_under_test_inst/NeuronCombinator_1/\SR_reg_reg[291]\ (FDCE)
/testbench_mnist_fcnn_fi/unit_under_test_inst/NeuronCombinator_1/\SR_reg_reg[44]\ (FDCE)
/testbench_mnist_fcnn_fi/unit_under_test_inst/NeuronCombinator_1/\SR_reg_reg[259]\ (FDCE)
/testbench_mnist_fcnn_fi/unit_under_test_inst/NeuronCombinator_1/\SR_reg_reg[260]\ (FDCE)
/testbench_mnist_fcnn_fi/unit_under_test_inst/NeuronCombinator_1/\SR_reg_reg[13]\ (FDCE)
/testbench_mnist_fcnn_fi/unit_under_test_inst/NeuronCombinator_1/\SR_reg_reg[228]\ (FDCE)
/testbench_mnist_fcnn_fi/unit_under_test_inst/NeuronCombinator_1/\SR_reg_reg[187]\ (FDCE)
/testbench_mnist_fcnn_fi/unit_under_test_inst/NeuronCombinator_1/\SR_reg_reg[156]\ (FDCE)
/testbench_mnist_fcnn_fi/unit_under_test_inst/NeuronCombinator_1/\SR_reg_reg[125]\ (FDCE)
/testbench_mnist_fcnn_fi/unit_under_test_inst/NeuronCombinator_1/\SR_reg_reg[72]\ (FDCE)
/testbench_mnist_fcnn_fi/unit_under_test_inst/NeuronCombinator_1/\SR_reg_reg[287]\ (FDCE)
/testbench_mnist_fcnn_fi/unit_under_test_inst/NeuronCombinator_1/\SR_reg_reg[41]\ (FDCE)
/testbench_mnist_fcnn_fi/unit_under_test_inst/NeuronCombinator_1/\SR_reg_reg[256]\ (FDCE)
/testbench_mnist_fcnn_fi/unit_under_test_inst/NeuronCombinator_1/\SR_reg_reg[225]\ (FDCE)
/testbench_mnist_fcnn_fi/unit_under_test_inst/NeuronCombinator_1/\SR_reg_reg[184]\ (FDCE)
/testbench_mnist_fcnn_fi/unit_under_test_inst/NeuronCombinator_1/\SR_reg_reg[153]\ (FDCE)
/testbench_mnist_fcnn_fi/unit_under_test_inst/NeuronCombinator_1/\SR_reg_reg[122]\ (FDCE)
/testbench_mnist_fcnn_fi/unit_under_test_inst/NeuronCombinator_1/\SR_reg_reg[99]\ (FDCE)
/testbench_mnist_fcnn_fi/unit_under_test_inst/NeuronCombinator_1/\SR_reg_reg[68]\ (FDCE)
/testbench_mnist_fcnn_fi/unit_under_test_inst/NeuronCombinator_1/\SR_reg_reg[284]\ (FDCE)
/testbench_mnist_fcnn_fi/unit_under_test_inst/NeuronCombinator_1/\SR_reg_reg[37]\ (FDCE)
/testbench_mnist_fcnn_fi/unit_under_test_inst/NeuronCombinator_1/\SR_reg_reg[253]\ (FDCE)
/testbench_mnist_fcnn_fi/unit_under_test_inst/NeuronCombinator_1/\SR_reg_reg[222]\ (FDCE)
/testbench_mnist_fcnn_fi/unit_under_test_inst/NeuronCombinator_1/\SR_reg_reg[181]\ (FDCE)
/testbench_mnist_fcnn_fi/unit_under_test_inst/NeuronCombinator_1/\SR_reg_reg[149]\ (FDCE)
/testbench_mnist_fcnn_fi/unit_under_test_inst/NeuronCombinator_1/\SR_reg_reg[150]\ (FDCE)
/testbench_mnist_fcnn_fi/unit_under_test_inst/NeuronCombinator_1/\SR_reg_reg[118]\ (FDCE)
/testbench_mnist_fcnn_fi/unit_under_test_inst/NeuronCombinator_1/\SR_reg_reg[96]\ (FDCE)
/testbench_mnist_fcnn_fi/unit_under_test_inst/NeuronCombinator_1/\SR_reg_reg[65]\ (FDCE)
/testbench_mnist_fcnn_fi/unit_under_test_inst/NeuronCombinator_1/\SR_reg_reg[281]\ (FDCE)
/testbench_mnist_fcnn_fi/unit_under_test_inst/NeuronCombinator_1/\SR_reg_reg[34]\ (FDCE)
/testbench_mnist_fcnn_fi/unit_under_test_inst/NeuronCombinator_1/\SR_reg_reg[249]\ (FDCE)
/testbench_mnist_fcnn_fi/unit_under_test_inst/NeuronCombinator_1/\SR_reg_reg[250]\ (FDCE)
/testbench_mnist_fcnn_fi/unit_under_test_inst/NeuronCombinator_1/\SR_reg_reg[218]\ (FDCE)
/testbench_mnist_fcnn_fi/unit_under_test_inst/NeuronCombinator_1/\SR_reg_reg[177]\ (FDCE)
/testbench_mnist_fcnn_fi/unit_under_test_inst/NeuronCombinator_1/\SR_reg_reg[146]\ (FDCE)
/testbench_mnist_fcnn_fi/unit_under_test_inst/NeuronCombinator_1/\SR_reg_reg[115]\ (FDCE)
/testbench_mnist_fcnn_fi/unit_under_test_inst/NeuronCombinator_1/\SR_reg_reg[93]\ (FDCE)
/testbench_mnist_fcnn_fi/unit_under_test_inst/NeuronCombinator_1/\SR_reg_reg[318]\ (FDCE)
/testbench_mnist_fcnn_fi/unit_under_test_inst/NeuronCombinator_1/\SR_reg_reg[62]\ (FDCE)
/testbench_mnist_fcnn_fi/unit_under_test_inst/NeuronCombinator_1/\SR_reg_reg[277]\ (FDCE)
/testbench_mnist_fcnn_fi/unit_under_test_inst/NeuronCombinator_1/\SR_reg_reg[31]\ (FDCE)
/testbench_mnist_fcnn_fi/unit_under_test_inst/NeuronCombinator_1/\SR_reg_reg[246]\ (FDCE)
/testbench_mnist_fcnn_fi/unit_under_test_inst/NeuronCombinator_1/\SR_reg_reg[215]\ (FDCE)
/testbench_mnist_fcnn_fi/unit_under_test_inst/NeuronCombinator_1/\SR_reg_reg[174]\ (FDCE)
/testbench_mnist_fcnn_fi/unit_under_test_inst/NeuronCombinator_1/\SR_reg_reg[143]\ (FDCE)
/testbench_mnist_fcnn_fi/unit_under_test_inst/NeuronCombinator_1/\SR_reg_reg[112]\ (FDCE)
/testbench_mnist_fcnn_fi/unit_under_test_inst/NeuronCombinator_1/\SR_reg_reg[90]\ (FDCE)
/testbench_mnist_fcnn_fi/unit_under_test_inst/NeuronCombinator_1/\SR_reg_reg[89]\ (FDCE)
/testbench_mnist_fcnn_fi/unit_under_test_inst/NeuronCombinator_1/\SR_reg_reg[315]\ (FDCE)
/testbench_mnist_fcnn_fi/unit_under_test_inst/NeuronCombinator_1/\SR_reg_reg[58]\ (FDCE)
/testbench_mnist_fcnn_fi/unit_under_test_inst/NeuronCombinator_1/\SR_reg_reg[274]\ (FDCE)
/testbench_mnist_fcnn_fi/unit_under_test_inst/NeuronCombinator_1/\SR_reg_reg[27]\ (FDCE)
/testbench_mnist_fcnn_fi/unit_under_test_inst/NeuronCombinator_1/\SR_reg_reg[243]\ (FDCE)
/testbench_mnist_fcnn_fi/unit_under_test_inst/NeuronCombinator_1/\SR_reg_reg[212]\ (FDCE)
/testbench_mnist_fcnn_fi/unit_under_test_inst/NeuronCombinator_1/\SR_reg_reg[171]\ (FDCE)
/testbench_mnist_fcnn_fi/unit_under_test_inst/NeuronCombinator_1/\SR_reg_reg[139]\ (FDCE)
/testbench_mnist_fcnn_fi/unit_under_test_inst/NeuronCombinator_1/\SR_reg_reg[140]\ (FDCE)
/testbench_mnist_fcnn_fi/unit_under_test_inst/NeuronCombinator_1/\SR_reg_reg[86]\ (FDCE)
/testbench_mnist_fcnn_fi/unit_under_test_inst/NeuronCombinator_1/\SR_reg_reg[312]\ (FDCE)
/testbench_mnist_fcnn_fi/unit_under_test_inst/NeuronCombinator_1/\SR_reg_reg[9]\ (FDCE)
/testbench_mnist_fcnn_fi/unit_under_test_inst/NeuronCombinator_1/\SR_reg_reg[55]\ (FDCE)
/testbench_mnist_fcnn_fi/unit_under_test_inst/NeuronCombinator_1/\SR_reg_reg[271]\ (FDCE)
/testbench_mnist_fcnn_fi/unit_under_test_inst/NeuronCombinator_1/\SR_reg_reg[239]\ (FDCE)
/testbench_mnist_fcnn_fi/unit_under_test_inst/NeuronCombinator_1/\SR_reg_reg[240]\ (FDCE)
/testbench_mnist_fcnn_fi/unit_under_test_inst/NeuronCombinator_1/\SR_reg_reg[24]\ (FDCE)
/testbench_mnist_fcnn_fi/unit_under_test_inst/NeuronCombinator_1/\SR_reg_reg[198]\ (FDCE)
/testbench_mnist_fcnn_fi/unit_under_test_inst/NeuronCombinator_1/\SR_reg_reg[208]\ (FDCE)
/testbench_mnist_fcnn_fi/unit_under_test_inst/NeuronCombinator_1/\SR_reg_reg[167]\ (FDCE)
/testbench_mnist_fcnn_fi/unit_under_test_inst/NeuronCombinator_1/\SR_reg_reg[136]\ (FDCE)
/testbench_mnist_fcnn_fi/unit_under_test_inst/NeuronCombinator_1/\SR_reg_reg[83]\ (FDCE)
/testbench_mnist_fcnn_fi/unit_under_test_inst/NeuronCombinator_1/\SR_reg_reg[308]\ (FDCE)
/testbench_mnist_fcnn_fi/unit_under_test_inst/NeuronCombinator_1/\SR_reg_reg[298]\ (FDCE)
/testbench_mnist_fcnn_fi/unit_under_test_inst/NeuronCombinator_1/\SR_reg_reg[6]\ (FDCE)
/testbench_mnist_fcnn_fi/unit_under_test_inst/NeuronCombinator_1/\SR_reg_reg[52]\ (FDCE)
/testbench_mnist_fcnn_fi/unit_under_test_inst/NeuronCombinator_1/\SR_reg_reg[267]\ (FDCE)
/testbench_mnist_fcnn_fi/unit_under_test_inst/NeuronCombinator_1/\SR_reg_reg[21]\ (FDCE)
/testbench_mnist_fcnn_fi/unit_under_test_inst/NeuronCombinator_1/\SR_reg_reg[236]\ (FDCE)
/testbench_mnist_fcnn_fi/unit_under_test_inst/NeuronCombinator_1/\SR_reg_reg[195]\ (FDCE)
/testbench_mnist_fcnn_fi/unit_under_test_inst/NeuronCombinator_1/\SR_reg_reg[205]\ (FDCE)
/testbench_mnist_fcnn_fi/unit_under_test_inst/NeuronCombinator_1/\SR_reg_reg[164]\ (FDCE)
/testbench_mnist_fcnn_fi/unit_under_test_inst/NeuronCombinator_1/\SR_reg_reg[133]\ (FDCE)
/testbench_mnist_fcnn_fi/unit_under_test_inst/NeuronCombinator_1/\SR_reg_reg[80]\ (FDCE)
/testbench_mnist_fcnn_fi/unit_under_test_inst/NeuronCombinator_1/\SR_reg_reg[79]\ (FDCE)
/testbench_mnist_fcnn_fi/unit_under_test_inst/NeuronCombinator_1/\SR_reg_reg[305]\ (FDCE)
/testbench_mnist_fcnn_fi/unit_under_test_inst/NeuronCombinator_1/\SR_reg_reg[295]\ (FDCE)
/testbench_mnist_fcnn_fi/unit_under_test_inst/NeuronCombinator_1/\SR_reg_reg[3]\ (FDCE)
/testbench_mnist_fcnn_fi/unit_under_test_inst/NeuronCombinator_1/\SR_reg_reg[48]\ (FDCE)
/testbench_mnist_fcnn_fi/unit_under_test_inst/NeuronCombinator_1/\SR_reg_reg[264]\ (FDCE)
/testbench_mnist_fcnn_fi/unit_under_test_inst/NeuronCombinator_1/\SR_reg_reg[17]\ (FDCE)
/testbench_mnist_fcnn_fi/unit_under_test_inst/NeuronCombinator_1/\SR_reg_reg[233]\ (FDCE)
/testbench_mnist_fcnn_fi/unit_under_test_inst/NeuronCombinator_1/\SR_reg_reg[192]\ (FDCE)
/testbench_mnist_fcnn_fi/unit_under_test_inst/NeuronCombinator_1/\SR_reg_reg[202]\ (FDCE)
/testbench_mnist_fcnn_fi/unit_under_test_inst/NeuronCombinator_1/\SR_reg_reg[161]\ (FDCE)
/testbench_mnist_fcnn_fi/unit_under_test_inst/NeuronCombinator_1/\SR_reg_reg[129]\ (FDCE)
/testbench_mnist_fcnn_fi/unit_under_test_inst/NeuronCombinator_1/\SR_reg_reg[130]\ (FDCE)
/testbench_mnist_fcnn_fi/unit_under_test_inst/NeuronCombinator_1/\SR_reg_reg[76]\ (FDCE)
/testbench_mnist_fcnn_fi/unit_under_test_inst/NeuronCombinator_1/\SR_reg_reg[302]\ (FDCE)
/testbench_mnist_fcnn_fi/unit_under_test_inst/NeuronCombinator_1/\SR_reg_reg[292]\ (FDCE)
/testbench_mnist_fcnn_fi/unit_under_test_inst/NeuronCombinator_1/\SR_reg_reg[45]\ (FDCE)
/testbench_mnist_fcnn_fi/unit_under_test_inst/NeuronCombinator_1/\SR_reg_reg[261]\ (FDCE)
/testbench_mnist_fcnn_fi/unit_under_test_inst/NeuronCombinator_1/\SR_reg_reg[14]\ (FDCE)
/testbench_mnist_fcnn_fi/unit_under_test_inst/NeuronCombinator_1/\SR_reg_reg[229]\ (FDCE)
/testbench_mnist_fcnn_fi/unit_under_test_inst/NeuronCombinator_1/\SR_reg_reg[230]\ (FDCE)
/testbench_mnist_fcnn_fi/unit_under_test_inst/NeuronCombinator_1/\SR_reg_reg[188]\ (FDCE)
/testbench_mnist_fcnn_fi/unit_under_test_inst/NeuronCombinator_1/\SR_reg_reg[157]\ (FDCE)
/testbench_mnist_fcnn_fi/unit_under_test_inst/NeuronCombinator_1/\SR_reg_reg[126]\ (FDCE)
/testbench_mnist_fcnn_fi/unit_under_test_inst/NeuronCombinator_1/\SR_reg_reg[73]\ (FDCE)
/testbench_mnist_fcnn_fi/unit_under_test_inst/NeuronCombinator_1/\SR_reg_reg[288]\ (FDCE)
/testbench_mnist_fcnn_fi/unit_under_test_inst/NeuronCombinator_1/\SR_reg_reg[42]\ (FDCE)
/testbench_mnist_fcnn_fi/unit_under_test_inst/NeuronCombinator_1/\SR_reg_reg[257]\ (FDCE)
/testbench_mnist_fcnn_fi/unit_under_test_inst/NeuronCombinator_1/\SR_reg_reg[11]\ (FDCE)
/testbench_mnist_fcnn_fi/unit_under_test_inst/NeuronCombinator_1/\SR_reg_reg[226]\ (FDCE)
/testbench_mnist_fcnn_fi/unit_under_test_inst/NeuronCombinator_1/\SR_reg_reg[185]\ (FDCE)
/testbench_mnist_fcnn_fi/unit_under_test_inst/NeuronCombinator_1/\SR_reg_reg[154]\ (FDCE)
/testbench_mnist_fcnn_fi/unit_under_test_inst/NeuronCombinator_1/\SR_reg_reg[123]\ (FDCE)
/testbench_mnist_fcnn_fi/unit_under_test_inst/NeuronCombinator_1/\SR_reg_reg[70]\ (FDCE)
/testbench_mnist_fcnn_fi/unit_under_test_inst/NeuronCombinator_1/\SR_reg_reg[69]\ (FDCE)
/testbench_mnist_fcnn_fi/unit_under_test_inst/NeuronCombinator_1/\SR_reg_reg[285]\ (FDCE)
/testbench_mnist_fcnn_fi/unit_under_test_inst/NeuronCombinator_1/\SR_reg_reg[38]\ (FDCE)
/testbench_mnist_fcnn_fi/unit_under_test_inst/NeuronCombinator_1/\SR_reg_reg[254]\ (FDCE)
/testbench_mnist_fcnn_fi/unit_under_test_inst/NeuronCombinator_1/\SR_reg_reg[223]\ (FDCE)
/testbench_mnist_fcnn_fi/unit_under_test_inst/NeuronCombinator_1/\SR_reg_reg[182]\ (FDCE)
/testbench_mnist_fcnn_fi/unit_under_test_inst/NeuronCombinator_1/\SR_reg_reg[151]\ (FDCE)
/testbench_mnist_fcnn_fi/unit_under_test_inst/NeuronCombinator_1/\SR_reg_reg[119]\ (FDCE)
/testbench_mnist_fcnn_fi/unit_under_test_inst/NeuronCombinator_1/\SR_reg_reg[120]\ (FDCE)
/testbench_mnist_fcnn_fi/unit_under_test_inst/NeuronCombinator_1/\SR_reg_reg[97]\ (FDCE)
/testbench_mnist_fcnn_fi/unit_under_test_inst/NeuronCombinator_1/\SR_reg_reg[66]\ (FDCE)
/testbench_mnist_fcnn_fi/unit_under_test_inst/NeuronCombinator_1/\SR_reg_reg[282]\ (FDCE)
/testbench_mnist_fcnn_fi/unit_under_test_inst/NeuronCombinator_1/\SR_reg_reg[35]\ (FDCE)
/testbench_mnist_fcnn_fi/unit_under_test_inst/NeuronCombinator_1/\SR_reg_reg[251]\ (FDCE)
/testbench_mnist_fcnn_fi/unit_under_test_inst/NeuronCombinator_1/\SR_reg_reg[219]\ (FDCE)
/testbench_mnist_fcnn_fi/unit_under_test_inst/NeuronCombinator_1/\SR_reg_reg[220]\ (FDCE)
/testbench_mnist_fcnn_fi/unit_under_test_inst/NeuronCombinator_1/\SR_reg_reg[178]\ (FDCE)
/testbench_mnist_fcnn_fi/unit_under_test_inst/NeuronCombinator_1/\SR_reg_reg[147]\ (FDCE)
/testbench_mnist_fcnn_fi/unit_under_test_inst/NeuronCombinator_1/\SR_reg_reg[116]\ (FDCE)
/testbench_mnist_fcnn_fi/unit_under_test_inst/NeuronCombinator_1/\SR_reg_reg[94]\ (FDCE)
/testbench_mnist_fcnn_fi/unit_under_test_inst/NeuronCombinator_1/\SR_reg_reg[319]\ (FDCE)
/testbench_mnist_fcnn_fi/unit_under_test_inst/NeuronCombinator_1/\SR_reg_reg[63]\ (FDCE)
/testbench_mnist_fcnn_fi/unit_under_test_inst/NeuronCombinator_1/\SR_reg_reg[278]\ (FDCE)
/testbench_mnist_fcnn_fi/unit_under_test_inst/NeuronCombinator_1/\SR_reg_reg[32]\ (FDCE)
/testbench_mnist_fcnn_fi/unit_under_test_inst/NeuronCombinator_1/\SR_reg_reg[247]\ (FDCE)
/testbench_mnist_fcnn_fi/unit_under_test_inst/NeuronCombinator_1/\SR_reg_reg[216]\ (FDCE)
/testbench_mnist_fcnn_fi/unit_under_test_inst/NeuronCombinator_1/\SR_reg_reg[175]\ (FDCE)
/testbench_mnist_fcnn_fi/unit_under_test_inst/NeuronCombinator_1/\SR_reg_reg[144]\ (FDCE)
/testbench_mnist_fcnn_fi/unit_under_test_inst/NeuronCombinator_1/\SR_reg_reg[113]\ (FDCE)
/testbench_mnist_fcnn_fi/unit_under_test_inst/NeuronCombinator_1/\SR_reg_reg[91]\ (FDCE)
/testbench_mnist_fcnn_fi/unit_under_test_inst/NeuronCombinator_1/\SR_reg_reg[316]\ (FDCE)
/testbench_mnist_fcnn_fi/unit_under_test_inst/NeuronCombinator_1/\SR_reg_reg[60]\ (FDCE)
/testbench_mnist_fcnn_fi/unit_under_test_inst/NeuronCombinator_1/\SR_reg_reg[59]\ (FDCE)
/testbench_mnist_fcnn_fi/unit_under_test_inst/NeuronCombinator_1/\SR_reg_reg[275]\ (FDCE)
/testbench_mnist_fcnn_fi/unit_under_test_inst/NeuronCombinator_1/\SR_reg_reg[28]\ (FDCE)
/testbench_mnist_fcnn_fi/unit_under_test_inst/NeuronCombinator_1/\SR_reg_reg[244]\ (FDCE)
/testbench_mnist_fcnn_fi/unit_under_test_inst/NeuronCombinator_1/\SR_reg_reg[213]\ (FDCE)
/testbench_mnist_fcnn_fi/unit_under_test_inst/NeuronCombinator_1/\SR_reg_reg[172]\ (FDCE)
/testbench_mnist_fcnn_fi/unit_under_test_inst/NeuronCombinator_1/\SR_reg_reg[141]\ (FDCE)
/testbench_mnist_fcnn_fi/unit_under_test_inst/NeuronCombinator_1/\SR_reg_reg[87]\ (FDCE)
/testbench_mnist_fcnn_fi/unit_under_test_inst/NeuronCombinator_1/\SR_reg_reg[313]\ (FDCE)
/testbench_mnist_fcnn_fi/unit_under_test_inst/NeuronCombinator_1/\SR_reg_reg[56]\ (FDCE)
/testbench_mnist_fcnn_fi/unit_under_test_inst/NeuronCombinator_1/\SR_reg_reg[272]\ (FDCE)
/testbench_mnist_fcnn_fi/unit_under_test_inst/NeuronCombinator_1/\SR_reg_reg[241]\ (FDCE)
/testbench_mnist_fcnn_fi/unit_under_test_inst/NeuronCombinator_1/\SR_reg_reg[25]\ (FDCE)
/testbench_mnist_fcnn_fi/unit_under_test_inst/NeuronCombinator_1/\SR_reg_reg[199]\ (FDCE)
/testbench_mnist_fcnn_fi/unit_under_test_inst/NeuronCombinator_1/\SR_reg_reg[209]\ (FDCE)
/testbench_mnist_fcnn_fi/unit_under_test_inst/NeuronCombinator_1/\SR_reg_reg[210]\ (FDCE)
/testbench_mnist_fcnn_fi/unit_under_test_inst/NeuronCombinator_1/\SR_reg_reg[168]\ (FDCE)
/testbench_mnist_fcnn_fi/unit_under_test_inst/NeuronCombinator_1/\SR_reg_reg[137]\ (FDCE)
/testbench_mnist_fcnn_fi/unit_under_test_inst/NeuronCombinator_1/\SR_reg_reg[84]\ (FDCE)
/testbench_mnist_fcnn_fi/unit_under_test_inst/NeuronCombinator_1/\SR_reg_reg[310]\ (FDCE)
/testbench_mnist_fcnn_fi/unit_under_test_inst/NeuronCombinator_1/\SR_reg_reg[309]\ (FDCE)
/testbench_mnist_fcnn_fi/unit_under_test_inst/NeuronCombinator_1/\SR_reg_reg[299]\ (FDCE)
/testbench_mnist_fcnn_fi/unit_under_test_inst/NeuronCombinator_1/\SR_reg_reg[7]\ (FDCE)
/testbench_mnist_fcnn_fi/unit_under_test_inst/NeuronCombinator_1/\SR_reg_reg[53]\ (FDCE)
/testbench_mnist_fcnn_fi/unit_under_test_inst/NeuronCombinator_1/\SR_reg_reg[268]\ (FDCE)
/testbench_mnist_fcnn_fi/unit_under_test_inst/NeuronCombinator_1/\SR_reg_reg[22]\ (FDCE)
/testbench_mnist_fcnn_fi/unit_under_test_inst/NeuronCombinator_1/\SR_reg_reg[237]\ (FDCE)
/testbench_mnist_fcnn_fi/unit_under_test_inst/NeuronCombinator_1/\SR_reg_reg[196]\ (FDCE)
/testbench_mnist_fcnn_fi/unit_under_test_inst/NeuronCombinator_1/\SR_reg_reg[206]\ (FDCE)
/testbench_mnist_fcnn_fi/unit_under_test_inst/NeuronCombinator_1/\SR_reg_reg[165]\ (FDCE)
/testbench_mnist_fcnn_fi/unit_under_test_inst/NeuronCombinator_1/\SR_reg_reg[134]\ (FDCE)
/testbench_mnist_fcnn_fi/unit_under_test_inst/NeuronCombinator_1/\SR_reg_reg[81]\ (FDCE)
/testbench_mnist_fcnn_fi/unit_under_test_inst/NeuronCombinator_1/\SR_reg_reg[306]\ (FDCE)
/testbench_mnist_fcnn_fi/unit_under_test_inst/NeuronCombinator_1/\SR_reg_reg[296]\ (FDCE)
/testbench_mnist_fcnn_fi/unit_under_test_inst/NeuronCombinator_1/\SR_reg_reg[4]\ (FDCE)
/testbench_mnist_fcnn_fi/unit_under_test_inst/NeuronCombinator_1/\SR_reg_reg[50]\ (FDCE)
/testbench_mnist_fcnn_fi/unit_under_test_inst/NeuronCombinator_1/\SR_reg_reg[49]\ (FDCE)
/testbench_mnist_fcnn_fi/unit_under_test_inst/NeuronCombinator_1/\SR_reg_reg[265]\ (FDCE)
/testbench_mnist_fcnn_fi/unit_under_test_inst/NeuronCombinator_1/\SR_reg_reg[18]\ (FDCE)
/testbench_mnist_fcnn_fi/unit_under_test_inst/NeuronCombinator_1/\SR_reg_reg[234]\ (FDCE)
/testbench_mnist_fcnn_fi/unit_under_test_inst/NeuronCombinator_1/\SR_reg_reg[193]\ (FDCE)
/testbench_mnist_fcnn_fi/unit_under_test_inst/NeuronCombinator_1/\SR_reg_reg[203]\ (FDCE)
/testbench_mnist_fcnn_fi/unit_under_test_inst/NeuronCombinator_1/\SR_reg_reg[162]\ (FDCE)
/testbench_mnist_fcnn_fi/unit_under_test_inst/NeuronCombinator_1/\SR_reg_reg[131]\ (FDCE)
/testbench_mnist_fcnn_fi/unit_under_test_inst/NeuronCombinator_1/\SR_reg_reg[77]\ (FDCE)
/testbench_mnist_fcnn_fi/unit_under_test_inst/NeuronCombinator_1/\SR_reg_reg[303]\ (FDCE)
/testbench_mnist_fcnn_fi/unit_under_test_inst/NeuronCombinator_1/\SR_reg_reg[293]\ (FDCE)
/testbench_mnist_fcnn_fi/unit_under_test_inst/NeuronCombinator_1/\SR_reg_reg[1]\ (FDCE)
/testbench_mnist_fcnn_fi/unit_under_test_inst/NeuronCombinator_1/\SR_reg_reg[46]\ (FDCE)
/testbench_mnist_fcnn_fi/unit_under_test_inst/NeuronCombinator_1/\SR_reg_reg[262]\ (FDCE)
/testbench_mnist_fcnn_fi/unit_under_test_inst/NeuronCombinator_1/\SR_reg_reg[15]\ (FDCE)
/testbench_mnist_fcnn_fi/unit_under_test_inst/NeuronCombinator_1/\SR_reg_reg[231]\ (FDCE)
/testbench_mnist_fcnn_fi/unit_under_test_inst/NeuronCombinator_1/\SR_reg_reg[189]\ (FDCE)
/testbench_mnist_fcnn_fi/unit_under_test_inst/NeuronCombinator_1/\SR_reg_reg[190]\ (FDCE)
/testbench_mnist_fcnn_fi/unit_under_test_inst/NeuronCombinator_1/\SR_reg_reg[200]\ (FDCE)
/testbench_mnist_fcnn_fi/unit_under_test_inst/NeuronCombinator_1/\SR_reg_reg[158]\ (FDCE)
/testbench_mnist_fcnn_fi/unit_under_test_inst/NeuronCombinator_1/\SR_reg_reg[127]\ (FDCE)
/testbench_mnist_fcnn_fi/unit_under_test_inst/NeuronCombinator_1/\SR_reg_reg[74]\ (FDCE)
/testbench_mnist_fcnn_fi/unit_under_test_inst/NeuronCombinator_1/\SR_reg_reg[300]\ (FDCE)
/testbench_mnist_fcnn_fi/unit_under_test_inst/NeuronCombinator_1/\SR_reg_reg[290]\ (FDCE)
/testbench_mnist_fcnn_fi/unit_under_test_inst/NeuronCombinator_1/\SR_reg_reg[289]\ (FDCE)
/testbench_mnist_fcnn_fi/unit_under_test_inst/NeuronCombinator_1/\SR_reg_reg[43]\ (FDCE)
/testbench_mnist_fcnn_fi/unit_under_test_inst/NeuronCombinator_1/\SR_reg_reg[258]\ (FDCE)
/testbench_mnist_fcnn_fi/unit_under_test_inst/NeuronCombinator_1/\SR_reg_reg[12]\ (FDCE)
/testbench_mnist_fcnn_fi/unit_under_test_inst/NeuronCombinator_1/\SR_reg_reg[227]\ (FDCE)
/testbench_mnist_fcnn_fi/unit_under_test_inst/NeuronCombinator_1/\SR_reg_reg[186]\ (FDCE)
/testbench_mnist_fcnn_fi/unit_under_test_inst/NeuronCombinator_1/\SR_reg_reg[155]\ (FDCE)
/testbench_mnist_fcnn_fi/unit_under_test_inst/NeuronCombinator_1/\SR_reg_reg[124]\ (FDCE)
/testbench_mnist_fcnn_fi/unit_under_test_inst/NeuronCombinator_1/\SR_reg_reg[71]\ (FDCE)
/testbench_mnist_fcnn_fi/unit_under_test_inst/NeuronCombinator_1/\SR_reg_reg[286]\ (FDCE)
/testbench_mnist_fcnn_fi/unit_under_test_inst/NeuronCombinator_1/\SR_reg_reg[40]\ (FDCE)
/testbench_mnist_fcnn_fi/unit_under_test_inst/NeuronCombinator_1/\SR_reg_reg[39]\ (FDCE)
/testbench_mnist_fcnn_fi/unit_under_test_inst/NeuronCombinator_1/\SR_reg_reg[255]\ (FDCE)
/testbench_mnist_fcnn_fi/unit_under_test_inst/NeuronCombinator_1/\SR_reg_reg[224]\ (FDCE)
/testbench_mnist_fcnn_fi/unit_under_test_inst/NeuronCombinator_1/\SR_reg_reg[183]\ (FDCE)
/testbench_mnist_fcnn_fi/unit_under_test_inst/NeuronCombinator_1/\SR_reg_reg[152]\ (FDCE)
/testbench_mnist_fcnn_fi/unit_under_test_inst/NeuronCombinator_1/\SR_reg_reg[121]\ (FDCE)
/testbench_mnist_fcnn_fi/unit_under_test_inst/NeuronCombinator_1/\SR_reg_reg[98]\ (FDCE)
/testbench_mnist_fcnn_fi/unit_under_test_inst/NeuronCombinator_1/\SR_reg_reg[67]\ (FDCE)
/testbench_mnist_fcnn_fi/unit_under_test_inst/NeuronCombinator_1/\SR_reg_reg[283]\ (FDCE)
/testbench_mnist_fcnn_fi/unit_under_test_inst/NeuronCombinator_1/\SR_reg_reg[36]\ (FDCE)
/testbench_mnist_fcnn_fi/unit_under_test_inst/NeuronCombinator_1/\SR_reg_reg[252]\ (FDCE)
/testbench_mnist_fcnn_fi/unit_under_test_inst/NeuronCombinator_1/\SR_reg_reg[221]\ (FDCE)
/testbench_mnist_fcnn_fi/unit_under_test_inst/NeuronCombinator_1/\SR_reg_reg[179]\ (FDCE)
/testbench_mnist_fcnn_fi/unit_under_test_inst/NeuronCombinator_1/\SR_reg_reg[180]\ (FDCE)
/testbench_mnist_fcnn_fi/unit_under_test_inst/NeuronCombinator_1/\SR_reg_reg[148]\ (FDCE)
/testbench_mnist_fcnn_fi/unit_under_test_inst/NeuronCombinator_1/\SR_reg_reg[117]\ (FDCE)
/testbench_mnist_fcnn_fi/unit_under_test_inst/NeuronCombinator_1/\SR_reg_reg[95]\ (FDCE)
/testbench_mnist_fcnn_fi/unit_under_test_inst/NeuronCombinator_1/\SR_reg_reg[64]\ (FDCE)
/testbench_mnist_fcnn_fi/unit_under_test_inst/NeuronCombinator_1/\SR_reg_reg[280]\ (FDCE)
/testbench_mnist_fcnn_fi/unit_under_test_inst/NeuronCombinator_1/\SR_reg_reg[279]\ (FDCE)
/testbench_mnist_fcnn_fi/unit_under_test_inst/NeuronCombinator_1/\SR_reg_reg[33]\ (FDCE)
/testbench_mnist_fcnn_fi/unit_under_test_inst/NeuronCombinator_1/\SR_reg_reg[248]\ (FDCE)
/testbench_mnist_fcnn_fi/unit_under_test_inst/NeuronCombinator_1/\SR_reg_reg[217]\ (FDCE)
/testbench_mnist_fcnn_fi/unit_under_test_inst/NeuronCombinator_1/\SR_reg_reg[176]\ (FDCE)
/testbench_mnist_fcnn_fi/unit_under_test_inst/NeuronCombinator_1/\SR_reg_reg[145]\ (FDCE)
/testbench_mnist_fcnn_fi/unit_under_test_inst/NeuronCombinator_1/\SR_reg_reg[114]\ (FDCE)
/testbench_mnist_fcnn_fi/unit_under_test_inst/NeuronCombinator_1/\SR_reg_reg[92]\ (FDCE)
/testbench_mnist_fcnn_fi/unit_under_test_inst/NeuronCombinator_1/\SR_reg_reg[317]\ (FDCE)
/testbench_mnist_fcnn_fi/unit_under_test_inst/NeuronCombinator_1/\SR_reg_reg[61]\ (FDCE)
/testbench_mnist_fcnn_fi/unit_under_test_inst/NeuronCombinator_1/\SR_reg_reg[276]\ (FDCE)
/testbench_mnist_fcnn_fi/unit_under_test_inst/NeuronCombinator_1/\SR_reg_reg[30]\ (FDCE)
/testbench_mnist_fcnn_fi/unit_under_test_inst/NeuronCombinator_1/\SR_reg_reg[29]\ (FDCE)
/testbench_mnist_fcnn_fi/unit_under_test_inst/NeuronCombinator_1/\SR_reg_reg[245]\ (FDCE)
/testbench_mnist_fcnn_fi/unit_under_test_inst/NeuronCombinator_1/\SR_reg_reg[214]\ (FDCE)
/testbench_mnist_fcnn_fi/unit_under_test_inst/NeuronCombinator_1/\SR_reg_reg[173]\ (FDCE)
/testbench_mnist_fcnn_fi/unit_under_test_inst/NeuronCombinator_1/\SR_reg_reg[142]\ (FDCE)
/testbench_mnist_fcnn_fi/unit_under_test_inst/NeuronCombinator_1/\SR_reg_reg[111]\ (FDCE)
/testbench_mnist_fcnn_fi/unit_under_test_inst/NeuronCombinator_1/\SR_reg_reg[88]\ (FDCE)
/testbench_mnist_fcnn_fi/unit_under_test_inst/NeuronCombinator_1/\SR_reg_reg[314]\ (FDCE)
/testbench_mnist_fcnn_fi/unit_under_test_inst/NeuronCombinator_1/\SR_reg_reg[57]\ (FDCE)
/testbench_mnist_fcnn_fi/unit_under_test_inst/NeuronCombinator_1/\SR_reg_reg[273]\ (FDCE)
/testbench_mnist_fcnn_fi/unit_under_test_inst/NeuronCombinator_1/\SR_reg_reg[242]\ (FDCE)
/testbench_mnist_fcnn_fi/unit_under_test_inst/NeuronCombinator_1/\SR_reg_reg[26]\ (FDCE)
/testbench_mnist_fcnn_fi/unit_under_test_inst/NeuronCombinator_1/\SR_reg_reg[211]\ (FDCE)
/testbench_mnist_fcnn_fi/unit_under_test_inst/NeuronCombinator_1/\SR_reg_reg[169]\ (FDCE)
/testbench_mnist_fcnn_fi/unit_under_test_inst/NeuronCombinator_1/\SR_reg_reg[170]\ (FDCE)
/testbench_mnist_fcnn_fi/unit_under_test_inst/NeuronCombinator_1/\SR_reg_reg[138]\ (FDCE)


FDREs      : 160
/testbench_mnist_fcnn_fi/unit_under_test_inst/NeuronCombinator_1/\O_data_reg[137]\ (fdre)
/testbench_mnist_fcnn_fi/unit_under_test_inst/NeuronCombinator_1/\O_data_reg[106]\ (fdre)
/testbench_mnist_fcnn_fi/unit_under_test_inst/NeuronCombinator_1/\O_data_reg[73]\ (fdre)
/testbench_mnist_fcnn_fi/unit_under_test_inst/NeuronCombinator_1/\O_data_reg[42]\ (fdre)
/testbench_mnist_fcnn_fi/unit_under_test_inst/NeuronCombinator_1/\O_data_reg[11]\ (fdre)
/testbench_mnist_fcnn_fi/unit_under_test_inst/NeuronCombinator_1/\O_data_reg[134]\ (fdre)
/testbench_mnist_fcnn_fi/unit_under_test_inst/NeuronCombinator_1/\O_data_reg[103]\ (fdre)
/testbench_mnist_fcnn_fi/unit_under_test_inst/NeuronCombinator_1/\O_data_reg[69]\ (fdre)
/testbench_mnist_fcnn_fi/unit_under_test_inst/NeuronCombinator_1/\O_data_reg[70]\ (fdre)
/testbench_mnist_fcnn_fi/unit_under_test_inst/NeuronCombinator_1/\O_data_reg[38]\ (fdre)
/testbench_mnist_fcnn_fi/unit_under_test_inst/NeuronCombinator_1/\O_data_reg[131]\ (fdre)
/testbench_mnist_fcnn_fi/unit_under_test_inst/NeuronCombinator_1/\O_data_reg[97]\ (fdre)
/testbench_mnist_fcnn_fi/unit_under_test_inst/NeuronCombinator_1/\O_data_reg[100]\ (fdre)
/testbench_mnist_fcnn_fi/unit_under_test_inst/NeuronCombinator_1/\O_data_reg[66]\ (fdre)
/testbench_mnist_fcnn_fi/unit_under_test_inst/NeuronCombinator_1/\O_data_reg[35]\ (fdre)
/testbench_mnist_fcnn_fi/unit_under_test_inst/NeuronCombinator_1/\O_data_reg[158]\ (fdre)
/testbench_mnist_fcnn_fi/unit_under_test_inst/NeuronCombinator_1/\O_data_reg[127]\ (fdre)
/testbench_mnist_fcnn_fi/unit_under_test_inst/NeuronCombinator_1/\O_data_reg[94]\ (fdre)
/testbench_mnist_fcnn_fi/unit_under_test_inst/NeuronCombinator_1/\O_data_reg[63]\ (fdre)
/testbench_mnist_fcnn_fi/unit_under_test_inst/NeuronCombinator_1/\O_data_reg[32]\ (fdre)
/testbench_mnist_fcnn_fi/unit_under_test_inst/NeuronCombinator_1/\O_data_reg[8]\ (fdre)
/testbench_mnist_fcnn_fi/unit_under_test_inst/NeuronCombinator_1/\O_data_reg[155]\ (fdre)
/testbench_mnist_fcnn_fi/unit_under_test_inst/NeuronCombinator_1/\O_data_reg[124]\ (fdre)
/testbench_mnist_fcnn_fi/unit_under_test_inst/NeuronCombinator_1/\O_data_reg[91]\ (fdre)
/testbench_mnist_fcnn_fi/unit_under_test_inst/NeuronCombinator_1/\O_data_reg[59]\ (fdre)
/testbench_mnist_fcnn_fi/unit_under_test_inst/NeuronCombinator_1/\O_data_reg[60]\ (fdre)
/testbench_mnist_fcnn_fi/unit_under_test_inst/NeuronCombinator_1/\O_data_reg[28]\ (fdre)
/testbench_mnist_fcnn_fi/unit_under_test_inst/NeuronCombinator_1/\O_data_reg[5]\ (fdre)
/testbench_mnist_fcnn_fi/unit_under_test_inst/NeuronCombinator_1/\O_data_reg[152]\ (fdre)
/testbench_mnist_fcnn_fi/unit_under_test_inst/NeuronCombinator_1/\O_data_reg[121]\ (fdre)
/testbench_mnist_fcnn_fi/unit_under_test_inst/NeuronCombinator_1/\O_data_reg[87]\ (fdre)
/testbench_mnist_fcnn_fi/unit_under_test_inst/NeuronCombinator_1/\O_data_reg[56]\ (fdre)
/testbench_mnist_fcnn_fi/unit_under_test_inst/NeuronCombinator_1/\O_data_reg[25]\ (fdre)
/testbench_mnist_fcnn_fi/unit_under_test_inst/NeuronCombinator_1/\O_data_reg[2]\ (fdre)
/testbench_mnist_fcnn_fi/unit_under_test_inst/NeuronCombinator_1/\O_data_reg[148]\ (fdre)
/testbench_mnist_fcnn_fi/unit_under_test_inst/NeuronCombinator_1/\O_data_reg[117]\ (fdre)
/testbench_mnist_fcnn_fi/unit_under_test_inst/NeuronCombinator_1/\O_data_reg[84]\ (fdre)
/testbench_mnist_fcnn_fi/unit_under_test_inst/NeuronCombinator_1/\O_data_reg[53]\ (fdre)
/testbench_mnist_fcnn_fi/unit_under_test_inst/NeuronCombinator_1/\O_data_reg[22]\ (fdre)
/testbench_mnist_fcnn_fi/unit_under_test_inst/NeuronCombinator_1/\O_data_reg[145]\ (fdre)
/testbench_mnist_fcnn_fi/unit_under_test_inst/NeuronCombinator_1/\O_data_reg[114]\ (fdre)
/testbench_mnist_fcnn_fi/unit_under_test_inst/NeuronCombinator_1/\O_data_reg[81]\ (fdre)
/testbench_mnist_fcnn_fi/unit_under_test_inst/NeuronCombinator_1/\O_data_reg[49]\ (fdre)
/testbench_mnist_fcnn_fi/unit_under_test_inst/NeuronCombinator_1/\O_data_reg[50]\ (fdre)
/testbench_mnist_fcnn_fi/unit_under_test_inst/NeuronCombinator_1/\O_data_reg[18]\ (fdre)
/testbench_mnist_fcnn_fi/unit_under_test_inst/NeuronCombinator_1/\O_data_reg[142]\ (fdre)
/testbench_mnist_fcnn_fi/unit_under_test_inst/NeuronCombinator_1/\O_data_reg[111]\ (fdre)
/testbench_mnist_fcnn_fi/unit_under_test_inst/NeuronCombinator_1/\O_data_reg[77]\ (fdre)
/testbench_mnist_fcnn_fi/unit_under_test_inst/NeuronCombinator_1/\O_data_reg[46]\ (fdre)
/testbench_mnist_fcnn_fi/unit_under_test_inst/NeuronCombinator_1/\O_data_reg[15]\ (fdre)
/testbench_mnist_fcnn_fi/unit_under_test_inst/NeuronCombinator_1/\O_data_reg[138]\ (fdre)
/testbench_mnist_fcnn_fi/unit_under_test_inst/NeuronCombinator_1/\O_data_reg[107]\ (fdre)
/testbench_mnist_fcnn_fi/unit_under_test_inst/NeuronCombinator_1/\O_data_reg[74]\ (fdre)
/testbench_mnist_fcnn_fi/unit_under_test_inst/NeuronCombinator_1/\O_data_reg[43]\ (fdre)
/testbench_mnist_fcnn_fi/unit_under_test_inst/NeuronCombinator_1/\O_data_reg[12]\ (fdre)
/testbench_mnist_fcnn_fi/unit_under_test_inst/NeuronCombinator_1/\O_data_reg[135]\ (fdre)
/testbench_mnist_fcnn_fi/unit_under_test_inst/NeuronCombinator_1/\O_data_reg[104]\ (fdre)
/testbench_mnist_fcnn_fi/unit_under_test_inst/NeuronCombinator_1/\O_data_reg[71]\ (fdre)
/testbench_mnist_fcnn_fi/unit_under_test_inst/NeuronCombinator_1/\O_data_reg[39]\ (fdre)
/testbench_mnist_fcnn_fi/unit_under_test_inst/NeuronCombinator_1/\O_data_reg[40]\ (fdre)
/testbench_mnist_fcnn_fi/unit_under_test_inst/NeuronCombinator_1/\O_data_reg[132]\ (fdre)
/testbench_mnist_fcnn_fi/unit_under_test_inst/NeuronCombinator_1/\O_data_reg[98]\ (fdre)
/testbench_mnist_fcnn_fi/unit_under_test_inst/NeuronCombinator_1/\O_data_reg[101]\ (fdre)
/testbench_mnist_fcnn_fi/unit_under_test_inst/NeuronCombinator_1/\O_data_reg[67]\ (fdre)
/testbench_mnist_fcnn_fi/unit_under_test_inst/NeuronCombinator_1/\O_data_reg[36]\ (fdre)
/testbench_mnist_fcnn_fi/unit_under_test_inst/NeuronCombinator_1/\O_data_reg[159]\ (fdre)
/testbench_mnist_fcnn_fi/unit_under_test_inst/NeuronCombinator_1/\O_data_reg[128]\ (fdre)
/testbench_mnist_fcnn_fi/unit_under_test_inst/NeuronCombinator_1/\O_data_reg[95]\ (fdre)
/testbench_mnist_fcnn_fi/unit_under_test_inst/NeuronCombinator_1/\O_data_reg[64]\ (fdre)
/testbench_mnist_fcnn_fi/unit_under_test_inst/NeuronCombinator_1/\O_data_reg[33]\ (fdre)
/testbench_mnist_fcnn_fi/unit_under_test_inst/NeuronCombinator_1/\O_data_reg[9]\ (fdre)
/testbench_mnist_fcnn_fi/unit_under_test_inst/NeuronCombinator_1/\O_data_reg[156]\ (fdre)
/testbench_mnist_fcnn_fi/unit_under_test_inst/NeuronCombinator_1/\O_data_reg[125]\ (fdre)
/testbench_mnist_fcnn_fi/unit_under_test_inst/NeuronCombinator_1/\O_data_reg[92]\ (fdre)
/testbench_mnist_fcnn_fi/unit_under_test_inst/NeuronCombinator_1/\O_data_reg[61]\ (fdre)
/testbench_mnist_fcnn_fi/unit_under_test_inst/NeuronCombinator_1/\O_data_reg[29]\ (fdre)
/testbench_mnist_fcnn_fi/unit_under_test_inst/NeuronCombinator_1/\O_data_reg[30]\ (fdre)
/testbench_mnist_fcnn_fi/unit_under_test_inst/NeuronCombinator_1/\O_data_reg[6]\ (fdre)
/testbench_mnist_fcnn_fi/unit_under_test_inst/NeuronCombinator_1/\O_data_reg[153]\ (fdre)
/testbench_mnist_fcnn_fi/unit_under_test_inst/NeuronCombinator_1/\O_data_reg[122]\ (fdre)
/testbench_mnist_fcnn_fi/unit_under_test_inst/NeuronCombinator_1/\O_data_reg[88]\ (fdre)
/testbench_mnist_fcnn_fi/unit_under_test_inst/NeuronCombinator_1/\O_data_reg[57]\ (fdre)
/testbench_mnist_fcnn_fi/unit_under_test_inst/NeuronCombinator_1/\O_data_reg[26]\ (fdre)
/testbench_mnist_fcnn_fi/unit_under_test_inst/NeuronCombinator_1/\O_data_reg[3]\ (fdre)
/testbench_mnist_fcnn_fi/unit_under_test_inst/NeuronCombinator_1/\O_data_reg[149]\ (fdre)
/testbench_mnist_fcnn_fi/unit_under_test_inst/NeuronCombinator_1/\O_data_reg[150]\ (fdre)
/testbench_mnist_fcnn_fi/unit_under_test_inst/NeuronCombinator_1/\O_data_reg[118]\ (fdre)
/testbench_mnist_fcnn_fi/unit_under_test_inst/NeuronCombinator_1/\O_data_reg[85]\ (fdre)
/testbench_mnist_fcnn_fi/unit_under_test_inst/NeuronCombinator_1/\O_data_reg[54]\ (fdre)
/testbench_mnist_fcnn_fi/unit_under_test_inst/NeuronCombinator_1/\O_data_reg[23]\ (fdre)
/testbench_mnist_fcnn_fi/unit_under_test_inst/NeuronCombinator_1/\O_data_reg[0]\ (fdre)
/testbench_mnist_fcnn_fi/unit_under_test_inst/NeuronCombinator_1/\O_data_reg[146]\ (fdre)
/testbench_mnist_fcnn_fi/unit_under_test_inst/NeuronCombinator_1/\O_data_reg[115]\ (fdre)
/testbench_mnist_fcnn_fi/unit_under_test_inst/NeuronCombinator_1/\O_data_reg[82]\ (fdre)
/testbench_mnist_fcnn_fi/unit_under_test_inst/NeuronCombinator_1/\O_data_reg[51]\ (fdre)
/testbench_mnist_fcnn_fi/unit_under_test_inst/NeuronCombinator_1/\O_data_reg[19]\ (fdre)
/testbench_mnist_fcnn_fi/unit_under_test_inst/NeuronCombinator_1/\O_data_reg[20]\ (fdre)
/testbench_mnist_fcnn_fi/unit_under_test_inst/NeuronCombinator_1/\O_data_reg[143]\ (fdre)
/testbench_mnist_fcnn_fi/unit_under_test_inst/NeuronCombinator_1/\O_data_reg[112]\ (fdre)
/testbench_mnist_fcnn_fi/unit_under_test_inst/NeuronCombinator_1/\O_data_reg[78]\ (fdre)
/testbench_mnist_fcnn_fi/unit_under_test_inst/NeuronCombinator_1/\O_data_reg[47]\ (fdre)
/testbench_mnist_fcnn_fi/unit_under_test_inst/NeuronCombinator_1/\O_data_reg[16]\ (fdre)
/testbench_mnist_fcnn_fi/unit_under_test_inst/NeuronCombinator_1/\O_data_reg[139]\ (fdre)
/testbench_mnist_fcnn_fi/unit_under_test_inst/NeuronCombinator_1/\O_data_reg[140]\ (fdre)
/testbench_mnist_fcnn_fi/unit_under_test_inst/NeuronCombinator_1/\O_data_reg[108]\ (fdre)
/testbench_mnist_fcnn_fi/unit_under_test_inst/NeuronCombinator_1/\O_data_reg[75]\ (fdre)
/testbench_mnist_fcnn_fi/unit_under_test_inst/NeuronCombinator_1/\O_data_reg[44]\ (fdre)
/testbench_mnist_fcnn_fi/unit_under_test_inst/NeuronCombinator_1/\O_data_reg[13]\ (fdre)
/testbench_mnist_fcnn_fi/unit_under_test_inst/NeuronCombinator_1/\O_data_reg[136]\ (fdre)
/testbench_mnist_fcnn_fi/unit_under_test_inst/NeuronCombinator_1/\O_data_reg[105]\ (fdre)
/testbench_mnist_fcnn_fi/unit_under_test_inst/NeuronCombinator_1/\O_data_reg[72]\ (fdre)
/testbench_mnist_fcnn_fi/unit_under_test_inst/NeuronCombinator_1/\O_data_reg[41]\ (fdre)
/testbench_mnist_fcnn_fi/unit_under_test_inst/NeuronCombinator_1/\O_data_reg[10]\ (fdre)
/testbench_mnist_fcnn_fi/unit_under_test_inst/NeuronCombinator_1/\O_data_reg[133]\ (fdre)
/testbench_mnist_fcnn_fi/unit_under_test_inst/NeuronCombinator_1/\O_data_reg[99]\ (fdre)
/testbench_mnist_fcnn_fi/unit_under_test_inst/NeuronCombinator_1/\O_data_reg[102]\ (fdre)
/testbench_mnist_fcnn_fi/unit_under_test_inst/NeuronCombinator_1/\O_data_reg[68]\ (fdre)
/testbench_mnist_fcnn_fi/unit_under_test_inst/NeuronCombinator_1/\O_data_reg[37]\ (fdre)
/testbench_mnist_fcnn_fi/unit_under_test_inst/NeuronCombinator_1/\O_data_reg[129]\ (fdre)
/testbench_mnist_fcnn_fi/unit_under_test_inst/NeuronCombinator_1/\O_data_reg[130]\ (fdre)
/testbench_mnist_fcnn_fi/unit_under_test_inst/NeuronCombinator_1/\O_data_reg[96]\ (fdre)
/testbench_mnist_fcnn_fi/unit_under_test_inst/NeuronCombinator_1/\O_data_reg[65]\ (fdre)
/testbench_mnist_fcnn_fi/unit_under_test_inst/NeuronCombinator_1/\O_data_reg[34]\ (fdre)
/testbench_mnist_fcnn_fi/unit_under_test_inst/NeuronCombinator_1/\O_data_reg[157]\ (fdre)
/testbench_mnist_fcnn_fi/unit_under_test_inst/NeuronCombinator_1/\O_data_reg[126]\ (fdre)
/testbench_mnist_fcnn_fi/unit_under_test_inst/NeuronCombinator_1/\O_data_reg[93]\ (fdre)
/testbench_mnist_fcnn_fi/unit_under_test_inst/NeuronCombinator_1/\O_data_reg[62]\ (fdre)
/testbench_mnist_fcnn_fi/unit_under_test_inst/NeuronCombinator_1/\O_data_reg[31]\ (fdre)
/testbench_mnist_fcnn_fi/unit_under_test_inst/NeuronCombinator_1/\O_data_reg[7]\ (fdre)
/testbench_mnist_fcnn_fi/unit_under_test_inst/NeuronCombinator_1/\O_data_reg[154]\ (fdre)
/testbench_mnist_fcnn_fi/unit_under_test_inst/NeuronCombinator_1/\O_data_reg[123]\ (fdre)
/testbench_mnist_fcnn_fi/unit_under_test_inst/NeuronCombinator_1/\O_data_reg[89]\ (fdre)
/testbench_mnist_fcnn_fi/unit_under_test_inst/NeuronCombinator_1/\O_data_reg[90]\ (fdre)
/testbench_mnist_fcnn_fi/unit_under_test_inst/NeuronCombinator_1/\O_data_reg[58]\ (fdre)
/testbench_mnist_fcnn_fi/unit_under_test_inst/NeuronCombinator_1/\O_data_reg[27]\ (fdre)
/testbench_mnist_fcnn_fi/unit_under_test_inst/NeuronCombinator_1/\O_data_reg[4]\ (fdre)
/testbench_mnist_fcnn_fi/unit_under_test_inst/NeuronCombinator_1/\O_data_reg[151]\ (fdre)
/testbench_mnist_fcnn_fi/unit_under_test_inst/NeuronCombinator_1/\O_data_reg[119]\ (fdre)
/testbench_mnist_fcnn_fi/unit_under_test_inst/NeuronCombinator_1/\O_data_reg[120]\ (fdre)
/testbench_mnist_fcnn_fi/unit_under_test_inst/NeuronCombinator_1/\O_data_reg[86]\ (fdre)
/testbench_mnist_fcnn_fi/unit_under_test_inst/NeuronCombinator_1/\O_data_reg[55]\ (fdre)
/testbench_mnist_fcnn_fi/unit_under_test_inst/NeuronCombinator_1/\O_data_reg[24]\ (fdre)
/testbench_mnist_fcnn_fi/unit_under_test_inst/NeuronCombinator_1/\O_data_reg[1]\ (fdre)
/testbench_mnist_fcnn_fi/unit_under_test_inst/NeuronCombinator_1/\O_data_reg[147]\ (fdre)
/testbench_mnist_fcnn_fi/unit_under_test_inst/NeuronCombinator_1/\O_data_reg[116]\ (fdre)
/testbench_mnist_fcnn_fi/unit_under_test_inst/NeuronCombinator_1/\O_data_reg[83]\ (fdre)
/testbench_mnist_fcnn_fi/unit_under_test_inst/NeuronCombinator_1/\O_data_reg[52]\ (fdre)
/testbench_mnist_fcnn_fi/unit_under_test_inst/NeuronCombinator_1/\O_data_reg[21]\ (fdre)
/testbench_mnist_fcnn_fi/unit_under_test_inst/NeuronCombinator_1/\O_data_reg[144]\ (fdre)
/testbench_mnist_fcnn_fi/unit_under_test_inst/NeuronCombinator_1/\O_data_reg[113]\ (fdre)
/testbench_mnist_fcnn_fi/unit_under_test_inst/NeuronCombinator_1/\O_data_reg[79]\ (fdre)
/testbench_mnist_fcnn_fi/unit_under_test_inst/NeuronCombinator_1/\O_data_reg[80]\ (fdre)
/testbench_mnist_fcnn_fi/unit_under_test_inst/NeuronCombinator_1/\O_data_reg[48]\ (fdre)
/testbench_mnist_fcnn_fi/unit_under_test_inst/NeuronCombinator_1/\O_data_reg[17]\ (fdre)
/testbench_mnist_fcnn_fi/unit_under_test_inst/NeuronCombinator_1/\O_data_reg[141]\ (fdre)
/testbench_mnist_fcnn_fi/unit_under_test_inst/NeuronCombinator_1/\O_data_reg[109]\ (fdre)
/testbench_mnist_fcnn_fi/unit_under_test_inst/NeuronCombinator_1/\O_data_reg[110]\ (fdre)
/testbench_mnist_fcnn_fi/unit_under_test_inst/NeuronCombinator_1/\O_data_reg[76]\ (fdre)
/testbench_mnist_fcnn_fi/unit_under_test_inst/NeuronCombinator_1/\O_data_reg[45]\ (fdre)
/testbench_mnist_fcnn_fi/unit_under_test_inst/NeuronCombinator_1/\O_data_reg[14]\ (fdre)


IBUFs      : 12
/testbench_mnist_fcnn_fi/unit_under_test_inst/NeuronCombinator_1/I_ouputswitch_IBUF_inst (ibuf)
/testbench_mnist_fcnn_fi/unit_under_test_inst/NeuronCombinator_1/I_clk_IBUF_inst (ibuf)
/testbench_mnist_fcnn_fi/unit_under_test_inst/NeuronCombinator_1/\I_data_IBUF[4]_inst\ (ibuf)
/testbench_mnist_fcnn_fi/unit_under_test_inst/NeuronCombinator_1/\I_data_IBUF[3]_inst\ (ibuf)
/testbench_mnist_fcnn_fi/unit_under_test_inst/NeuronCombinator_1/\I_data_IBUF[7]_inst\ (ibuf)
/testbench_mnist_fcnn_fi/unit_under_test_inst/NeuronCombinator_1/\I_data_IBUF[2]_inst\ (ibuf)
/testbench_mnist_fcnn_fi/unit_under_test_inst/NeuronCombinator_1/\I_data_IBUF[6]_inst\ (ibuf)
/testbench_mnist_fcnn_fi/unit_under_test_inst/NeuronCombinator_1/I_rst_IBUF_inst (ibuf)
/testbench_mnist_fcnn_fi/unit_under_test_inst/NeuronCombinator_1/\I_data_IBUF[1]_inst\ (ibuf)
/testbench_mnist_fcnn_fi/unit_under_test_inst/NeuronCombinator_1/I_en_IBUF_inst (ibuf)
/testbench_mnist_fcnn_fi/unit_under_test_inst/NeuronCombinator_1/\I_data_IBUF[5]_inst\ (ibuf)
/testbench_mnist_fcnn_fi/unit_under_test_inst/NeuronCombinator_1/\I_data_IBUF[0]_inst\ (ibuf)


LUT1s      : 1
/testbench_mnist_fcnn_fi/unit_under_test_inst/NeuronCombinator_1/\SR_reg[319]_i_1\ (LUT1)


LUT3s      : 160
/testbench_mnist_fcnn_fi/unit_under_test_inst/NeuronCombinator_1/\O_data[136]_i_1\ (lut3)
/testbench_mnist_fcnn_fi/unit_under_test_inst/NeuronCombinator_1/\O_data[94]_i_1\ (lut3)
/testbench_mnist_fcnn_fi/unit_under_test_inst/NeuronCombinator_1/\O_data[44]_i_1\ (lut3)
/testbench_mnist_fcnn_fi/unit_under_test_inst/NeuronCombinator_1/\O_data[135]_i_1\ (lut3)
/testbench_mnist_fcnn_fi/unit_under_test_inst/NeuronCombinator_1/\O_data[93]_i_1\ (lut3)
/testbench_mnist_fcnn_fi/unit_under_test_inst/NeuronCombinator_1/\O_data[43]_i_1\ (lut3)
/testbench_mnist_fcnn_fi/unit_under_test_inst/NeuronCombinator_1/\O_data[134]_i_1\ (lut3)
/testbench_mnist_fcnn_fi/unit_under_test_inst/NeuronCombinator_1/\O_data[92]_i_1\ (lut3)
/testbench_mnist_fcnn_fi/unit_under_test_inst/NeuronCombinator_1/\O_data[42]_i_1\ (lut3)
/testbench_mnist_fcnn_fi/unit_under_test_inst/NeuronCombinator_1/\O_data[133]_i_1\ (lut3)
/testbench_mnist_fcnn_fi/unit_under_test_inst/NeuronCombinator_1/\O_data[91]_i_1\ (lut3)
/testbench_mnist_fcnn_fi/unit_under_test_inst/NeuronCombinator_1/\O_data[41]_i_1\ (lut3)
/testbench_mnist_fcnn_fi/unit_under_test_inst/NeuronCombinator_1/\O_data[132]_i_1\ (lut3)
/testbench_mnist_fcnn_fi/unit_under_test_inst/NeuronCombinator_1/\O_data[89]_i_1\ (lut3)
/testbench_mnist_fcnn_fi/unit_under_test_inst/NeuronCombinator_1/\O_data[90]_i_1\ (lut3)
/testbench_mnist_fcnn_fi/unit_under_test_inst/NeuronCombinator_1/\O_data[40]_i_1\ (lut3)
/testbench_mnist_fcnn_fi/unit_under_test_inst/NeuronCombinator_1/\O_data[39]_i_1\ (lut3)
/testbench_mnist_fcnn_fi/unit_under_test_inst/NeuronCombinator_1/\O_data[131]_i_1\ (lut3)
/testbench_mnist_fcnn_fi/unit_under_test_inst/NeuronCombinator_1/\O_data[88]_i_1\ (lut3)
/testbench_mnist_fcnn_fi/unit_under_test_inst/NeuronCombinator_1/\O_data[38]_i_1\ (lut3)
/testbench_mnist_fcnn_fi/unit_under_test_inst/NeuronCombinator_1/\O_data[130]_i_1\ (lut3)
/testbench_mnist_fcnn_fi/unit_under_test_inst/NeuronCombinator_1/\O_data[129]_i_1\ (lut3)
/testbench_mnist_fcnn_fi/unit_under_test_inst/NeuronCombinator_1/\O_data[87]_i_1\ (lut3)
/testbench_mnist_fcnn_fi/unit_under_test_inst/NeuronCombinator_1/\O_data[37]_i_1\ (lut3)
/testbench_mnist_fcnn_fi/unit_under_test_inst/NeuronCombinator_1/\O_data[128]_i_1\ (lut3)
/testbench_mnist_fcnn_fi/unit_under_test_inst/NeuronCombinator_1/\O_data[86]_i_1\ (lut3)
/testbench_mnist_fcnn_fi/unit_under_test_inst/NeuronCombinator_1/\O_data[36]_i_1\ (lut3)
/testbench_mnist_fcnn_fi/unit_under_test_inst/NeuronCombinator_1/\O_data[127]_i_1\ (lut3)
/testbench_mnist_fcnn_fi/unit_under_test_inst/NeuronCombinator_1/\O_data[85]_i_1\ (lut3)
/testbench_mnist_fcnn_fi/unit_under_test_inst/NeuronCombinator_1/\O_data[35]_i_1\ (lut3)
/testbench_mnist_fcnn_fi/unit_under_test_inst/NeuronCombinator_1/\O_data[126]_i_1\ (lut3)
/testbench_mnist_fcnn_fi/unit_under_test_inst/NeuronCombinator_1/\O_data[84]_i_1\ (lut3)
/testbench_mnist_fcnn_fi/unit_under_test_inst/NeuronCombinator_1/\O_data[34]_i_1\ (lut3)
/testbench_mnist_fcnn_fi/unit_under_test_inst/NeuronCombinator_1/\O_data[125]_i_1\ (lut3)
/testbench_mnist_fcnn_fi/unit_under_test_inst/NeuronCombinator_1/\O_data[83]_i_1\ (lut3)
/testbench_mnist_fcnn_fi/unit_under_test_inst/NeuronCombinator_1/\O_data[33]_i_1\ (lut3)
/testbench_mnist_fcnn_fi/unit_under_test_inst/NeuronCombinator_1/\O_data[124]_i_1\ (lut3)
/testbench_mnist_fcnn_fi/unit_under_test_inst/NeuronCombinator_1/\O_data[82]_i_1\ (lut3)
/testbench_mnist_fcnn_fi/unit_under_test_inst/NeuronCombinator_1/\O_data[32]_i_1\ (lut3)
/testbench_mnist_fcnn_fi/unit_under_test_inst/NeuronCombinator_1/\O_data[123]_i_1\ (lut3)
/testbench_mnist_fcnn_fi/unit_under_test_inst/NeuronCombinator_1/\O_data[81]_i_1\ (lut3)
/testbench_mnist_fcnn_fi/unit_under_test_inst/NeuronCombinator_1/\O_data[31]_i_1\ (lut3)
/testbench_mnist_fcnn_fi/unit_under_test_inst/NeuronCombinator_1/\O_data[122]_i_1\ (lut3)
/testbench_mnist_fcnn_fi/unit_under_test_inst/NeuronCombinator_1/\O_data[79]_i_1\ (lut3)
/testbench_mnist_fcnn_fi/unit_under_test_inst/NeuronCombinator_1/\O_data[80]_i_1\ (lut3)
/testbench_mnist_fcnn_fi/unit_under_test_inst/NeuronCombinator_1/\O_data[30]_i_1\ (lut3)
/testbench_mnist_fcnn_fi/unit_under_test_inst/NeuronCombinator_1/\O_data[29]_i_1\ (lut3)
/testbench_mnist_fcnn_fi/unit_under_test_inst/NeuronCombinator_1/\O_data[121]_i_1\ (lut3)
/testbench_mnist_fcnn_fi/unit_under_test_inst/NeuronCombinator_1/\O_data[78]_i_1\ (lut3)
/testbench_mnist_fcnn_fi/unit_under_test_inst/NeuronCombinator_1/\O_data[28]_i_1\ (lut3)
/testbench_mnist_fcnn_fi/unit_under_test_inst/NeuronCombinator_1/\O_data[120]_i_1\ (lut3)
/testbench_mnist_fcnn_fi/unit_under_test_inst/NeuronCombinator_1/\O_data[119]_i_1\ (lut3)
/testbench_mnist_fcnn_fi/unit_under_test_inst/NeuronCombinator_1/\O_data[77]_i_1\ (lut3)
/testbench_mnist_fcnn_fi/unit_under_test_inst/NeuronCombinator_1/\O_data[27]_i_1\ (lut3)
/testbench_mnist_fcnn_fi/unit_under_test_inst/NeuronCombinator_1/\O_data[118]_i_1\ (lut3)
/testbench_mnist_fcnn_fi/unit_under_test_inst/NeuronCombinator_1/\O_data[76]_i_1\ (lut3)
/testbench_mnist_fcnn_fi/unit_under_test_inst/NeuronCombinator_1/\O_data[26]_i_1\ (lut3)
/testbench_mnist_fcnn_fi/unit_under_test_inst/NeuronCombinator_1/\O_data[117]_i_1\ (lut3)
/testbench_mnist_fcnn_fi/unit_under_test_inst/NeuronCombinator_1/\O_data[75]_i_1\ (lut3)
/testbench_mnist_fcnn_fi/unit_under_test_inst/NeuronCombinator_1/\O_data[25]_i_1\ (lut3)
/testbench_mnist_fcnn_fi/unit_under_test_inst/NeuronCombinator_1/\O_data[116]_i_1\ (lut3)
/testbench_mnist_fcnn_fi/unit_under_test_inst/NeuronCombinator_1/\O_data[74]_i_1\ (lut3)
/testbench_mnist_fcnn_fi/unit_under_test_inst/NeuronCombinator_1/\O_data[24]_i_1\ (lut3)
/testbench_mnist_fcnn_fi/unit_under_test_inst/NeuronCombinator_1/\O_data[115]_i_1\ (lut3)
/testbench_mnist_fcnn_fi/unit_under_test_inst/NeuronCombinator_1/\O_data[73]_i_1\ (lut3)
/testbench_mnist_fcnn_fi/unit_under_test_inst/NeuronCombinator_1/\O_data[23]_i_1\ (lut3)
/testbench_mnist_fcnn_fi/unit_under_test_inst/NeuronCombinator_1/\O_data[114]_i_1\ (lut3)
/testbench_mnist_fcnn_fi/unit_under_test_inst/NeuronCombinator_1/\O_data[72]_i_1\ (lut3)
/testbench_mnist_fcnn_fi/unit_under_test_inst/NeuronCombinator_1/\O_data[22]_i_1\ (lut3)
/testbench_mnist_fcnn_fi/unit_under_test_inst/NeuronCombinator_1/\O_data[113]_i_1\ (lut3)
/testbench_mnist_fcnn_fi/unit_under_test_inst/NeuronCombinator_1/\O_data[71]_i_1\ (lut3)
/testbench_mnist_fcnn_fi/unit_under_test_inst/NeuronCombinator_1/\O_data[21]_i_1\ (lut3)
/testbench_mnist_fcnn_fi/unit_under_test_inst/NeuronCombinator_1/\O_data[112]_i_1\ (lut3)
/testbench_mnist_fcnn_fi/unit_under_test_inst/NeuronCombinator_1/\O_data[69]_i_1\ (lut3)
/testbench_mnist_fcnn_fi/unit_under_test_inst/NeuronCombinator_1/\O_data[70]_i_1\ (lut3)
/testbench_mnist_fcnn_fi/unit_under_test_inst/NeuronCombinator_1/\O_data[20]_i_1\ (lut3)
/testbench_mnist_fcnn_fi/unit_under_test_inst/NeuronCombinator_1/\O_data[19]_i_1\ (lut3)
/testbench_mnist_fcnn_fi/unit_under_test_inst/NeuronCombinator_1/\O_data[111]_i_1\ (lut3)
/testbench_mnist_fcnn_fi/unit_under_test_inst/NeuronCombinator_1/\O_data[68]_i_1\ (lut3)
/testbench_mnist_fcnn_fi/unit_under_test_inst/NeuronCombinator_1/\O_data[159]_i_1\ (lut3)
/testbench_mnist_fcnn_fi/unit_under_test_inst/NeuronCombinator_1/\O_data[18]_i_1\ (lut3)
/testbench_mnist_fcnn_fi/unit_under_test_inst/NeuronCombinator_1/\O_data[110]_i_1\ (lut3)
/testbench_mnist_fcnn_fi/unit_under_test_inst/NeuronCombinator_1/\O_data[109]_i_1\ (lut3)
/testbench_mnist_fcnn_fi/unit_under_test_inst/NeuronCombinator_1/\O_data[67]_i_1\ (lut3)
/testbench_mnist_fcnn_fi/unit_under_test_inst/NeuronCombinator_1/\O_data[158]_i_1\ (lut3)
/testbench_mnist_fcnn_fi/unit_under_test_inst/NeuronCombinator_1/\O_data[17]_i_1\ (lut3)
/testbench_mnist_fcnn_fi/unit_under_test_inst/NeuronCombinator_1/\O_data[108]_i_1\ (lut3)
/testbench_mnist_fcnn_fi/unit_under_test_inst/NeuronCombinator_1/\O_data[66]_i_1\ (lut3)
/testbench_mnist_fcnn_fi/unit_under_test_inst/NeuronCombinator_1/\O_data[157]_i_1\ (lut3)
/testbench_mnist_fcnn_fi/unit_under_test_inst/NeuronCombinator_1/\O_data[16]_i_1\ (lut3)
/testbench_mnist_fcnn_fi/unit_under_test_inst/NeuronCombinator_1/\O_data[107]_i_1\ (lut3)
/testbench_mnist_fcnn_fi/unit_under_test_inst/NeuronCombinator_1/\O_data[65]_i_1\ (lut3)
/testbench_mnist_fcnn_fi/unit_under_test_inst/NeuronCombinator_1/\O_data[156]_i_1\ (lut3)
/testbench_mnist_fcnn_fi/unit_under_test_inst/NeuronCombinator_1/\O_data[15]_i_1\ (lut3)
/testbench_mnist_fcnn_fi/unit_under_test_inst/NeuronCombinator_1/\O_data[106]_i_1\ (lut3)
/testbench_mnist_fcnn_fi/unit_under_test_inst/NeuronCombinator_1/\O_data[64]_i_1\ (lut3)
/testbench_mnist_fcnn_fi/unit_under_test_inst/NeuronCombinator_1/\O_data[155]_i_1\ (lut3)
/testbench_mnist_fcnn_fi/unit_under_test_inst/NeuronCombinator_1/\O_data[14]_i_1\ (lut3)
/testbench_mnist_fcnn_fi/unit_under_test_inst/NeuronCombinator_1/\O_data[105]_i_1\ (lut3)
/testbench_mnist_fcnn_fi/unit_under_test_inst/NeuronCombinator_1/\O_data[63]_i_1\ (lut3)
/testbench_mnist_fcnn_fi/unit_under_test_inst/NeuronCombinator_1/\O_data[154]_i_1\ (lut3)
/testbench_mnist_fcnn_fi/unit_under_test_inst/NeuronCombinator_1/\O_data[13]_i_1\ (lut3)
/testbench_mnist_fcnn_fi/unit_under_test_inst/NeuronCombinator_1/\O_data[104]_i_1\ (lut3)
/testbench_mnist_fcnn_fi/unit_under_test_inst/NeuronCombinator_1/\O_data[62]_i_1\ (lut3)
/testbench_mnist_fcnn_fi/unit_under_test_inst/NeuronCombinator_1/\O_data[153]_i_1\ (lut3)
/testbench_mnist_fcnn_fi/unit_under_test_inst/NeuronCombinator_1/\O_data[12]_i_1\ (lut3)
/testbench_mnist_fcnn_fi/unit_under_test_inst/NeuronCombinator_1/\O_data[103]_i_1\ (lut3)
/testbench_mnist_fcnn_fi/unit_under_test_inst/NeuronCombinator_1/\O_data[61]_i_1\ (lut3)
/testbench_mnist_fcnn_fi/unit_under_test_inst/NeuronCombinator_1/\O_data[152]_i_1\ (lut3)
/testbench_mnist_fcnn_fi/unit_under_test_inst/NeuronCombinator_1/\O_data[11]_i_1\ (lut3)
/testbench_mnist_fcnn_fi/unit_under_test_inst/NeuronCombinator_1/\O_data[102]_i_1\ (lut3)
/testbench_mnist_fcnn_fi/unit_under_test_inst/NeuronCombinator_1/\O_data[59]_i_1\ (lut3)
/testbench_mnist_fcnn_fi/unit_under_test_inst/NeuronCombinator_1/\O_data[60]_i_1\ (lut3)
/testbench_mnist_fcnn_fi/unit_under_test_inst/NeuronCombinator_1/\O_data[151]_i_1\ (lut3)
/testbench_mnist_fcnn_fi/unit_under_test_inst/NeuronCombinator_1/\O_data[10]_i_1\ (lut3)
/testbench_mnist_fcnn_fi/unit_under_test_inst/NeuronCombinator_1/\O_data[101]_i_1\ (lut3)
/testbench_mnist_fcnn_fi/unit_under_test_inst/NeuronCombinator_1/\O_data[58]_i_1\ (lut3)
/testbench_mnist_fcnn_fi/unit_under_test_inst/NeuronCombinator_1/\O_data[150]_i_1\ (lut3)
/testbench_mnist_fcnn_fi/unit_under_test_inst/NeuronCombinator_1/\O_data[149]_i_1\ (lut3)
/testbench_mnist_fcnn_fi/unit_under_test_inst/NeuronCombinator_1/\O_data[100]_i_1\ (lut3)
/testbench_mnist_fcnn_fi/unit_under_test_inst/NeuronCombinator_1/\O_data[57]_i_1\ (lut3)
/testbench_mnist_fcnn_fi/unit_under_test_inst/NeuronCombinator_1/\O_data[9]_i_1\ (lut3)
/testbench_mnist_fcnn_fi/unit_under_test_inst/NeuronCombinator_1/\O_data[148]_i_1\ (lut3)
/testbench_mnist_fcnn_fi/unit_under_test_inst/NeuronCombinator_1/\O_data[56]_i_1\ (lut3)
/testbench_mnist_fcnn_fi/unit_under_test_inst/NeuronCombinator_1/\O_data[8]_i_1\ (lut3)
/testbench_mnist_fcnn_fi/unit_under_test_inst/NeuronCombinator_1/\O_data[147]_i_1\ (lut3)
/testbench_mnist_fcnn_fi/unit_under_test_inst/NeuronCombinator_1/\O_data[55]_i_1\ (lut3)
/testbench_mnist_fcnn_fi/unit_under_test_inst/NeuronCombinator_1/\O_data[7]_i_1\ (lut3)
/testbench_mnist_fcnn_fi/unit_under_test_inst/NeuronCombinator_1/\O_data[146]_i_1\ (lut3)
/testbench_mnist_fcnn_fi/unit_under_test_inst/NeuronCombinator_1/\O_data[54]_i_1\ (lut3)
/testbench_mnist_fcnn_fi/unit_under_test_inst/NeuronCombinator_1/\O_data[6]_i_1\ (lut3)
/testbench_mnist_fcnn_fi/unit_under_test_inst/NeuronCombinator_1/\O_data[145]_i_1\ (lut3)
/testbench_mnist_fcnn_fi/unit_under_test_inst/NeuronCombinator_1/\O_data[53]_i_1\ (lut3)
/testbench_mnist_fcnn_fi/unit_under_test_inst/NeuronCombinator_1/\O_data[5]_i_1\ (lut3)
/testbench_mnist_fcnn_fi/unit_under_test_inst/NeuronCombinator_1/\O_data[144]_i_1\ (lut3)
/testbench_mnist_fcnn_fi/unit_under_test_inst/NeuronCombinator_1/\O_data[52]_i_1\ (lut3)
/testbench_mnist_fcnn_fi/unit_under_test_inst/NeuronCombinator_1/\O_data[4]_i_1\ (lut3)
/testbench_mnist_fcnn_fi/unit_under_test_inst/NeuronCombinator_1/\O_data[143]_i_1\ (lut3)
/testbench_mnist_fcnn_fi/unit_under_test_inst/NeuronCombinator_1/\O_data[51]_i_1\ (lut3)
/testbench_mnist_fcnn_fi/unit_under_test_inst/NeuronCombinator_1/\O_data[3]_i_1\ (lut3)
/testbench_mnist_fcnn_fi/unit_under_test_inst/NeuronCombinator_1/\O_data[142]_i_1\ (lut3)
/testbench_mnist_fcnn_fi/unit_under_test_inst/NeuronCombinator_1/\O_data[99]_i_1\ (lut3)
/testbench_mnist_fcnn_fi/unit_under_test_inst/NeuronCombinator_1/\O_data[49]_i_1\ (lut3)
/testbench_mnist_fcnn_fi/unit_under_test_inst/NeuronCombinator_1/\O_data[50]_i_1\ (lut3)
/testbench_mnist_fcnn_fi/unit_under_test_inst/NeuronCombinator_1/\O_data[2]_i_1\ (lut3)
/testbench_mnist_fcnn_fi/unit_under_test_inst/NeuronCombinator_1/\O_data[141]_i_1\ (lut3)
/testbench_mnist_fcnn_fi/unit_under_test_inst/NeuronCombinator_1/\O_data[98]_i_1\ (lut3)
/testbench_mnist_fcnn_fi/unit_under_test_inst/NeuronCombinator_1/\O_data[48]_i_1\ (lut3)
/testbench_mnist_fcnn_fi/unit_under_test_inst/NeuronCombinator_1/\O_data[1]_i_1\ (lut3)
/testbench_mnist_fcnn_fi/unit_under_test_inst/NeuronCombinator_1/\O_data[140]_i_1\ (lut3)
/testbench_mnist_fcnn_fi/unit_under_test_inst/NeuronCombinator_1/\O_data[139]_i_1\ (lut3)
/testbench_mnist_fcnn_fi/unit_under_test_inst/NeuronCombinator_1/\O_data[97]_i_1\ (lut3)
/testbench_mnist_fcnn_fi/unit_under_test_inst/NeuronCombinator_1/\O_data[47]_i_1\ (lut3)
/testbench_mnist_fcnn_fi/unit_under_test_inst/NeuronCombinator_1/\O_data[0]_i_1\ (lut3)
/testbench_mnist_fcnn_fi/unit_under_test_inst/NeuronCombinator_1/\O_data[138]_i_1\ (lut3)
/testbench_mnist_fcnn_fi/unit_under_test_inst/NeuronCombinator_1/\O_data[96]_i_1\ (lut3)
/testbench_mnist_fcnn_fi/unit_under_test_inst/NeuronCombinator_1/\O_data[46]_i_1\ (lut3)
/testbench_mnist_fcnn_fi/unit_under_test_inst/NeuronCombinator_1/\O_data[137]_i_1\ (lut3)
/testbench_mnist_fcnn_fi/unit_under_test_inst/NeuronCombinator_1/\O_data[95]_i_1\ (lut3)
/testbench_mnist_fcnn_fi/unit_under_test_inst/NeuronCombinator_1/\O_data[45]_i_1\ (lut3)


OBUFs      : 160
/testbench_mnist_fcnn_fi/unit_under_test_inst/NeuronCombinator_1/\O_data_OBUF[95]_inst\ (OBUF)
/testbench_mnist_fcnn_fi/unit_under_test_inst/NeuronCombinator_1/\O_data_OBUF[89]_inst\ (OBUF)
/testbench_mnist_fcnn_fi/unit_under_test_inst/NeuronCombinator_1/\O_data_OBUF[90]_inst\ (OBUF)
/testbench_mnist_fcnn_fi/unit_under_test_inst/NeuronCombinator_1/\O_data_OBUF[84]_inst\ (OBUF)
/testbench_mnist_fcnn_fi/unit_under_test_inst/NeuronCombinator_1/\O_data_OBUF[78]_inst\ (OBUF)
/testbench_mnist_fcnn_fi/unit_under_test_inst/NeuronCombinator_1/\O_data_OBUF[73]_inst\ (OBUF)
/testbench_mnist_fcnn_fi/unit_under_test_inst/NeuronCombinator_1/\O_data_OBUF[67]_inst\ (OBUF)
/testbench_mnist_fcnn_fi/unit_under_test_inst/NeuronCombinator_1/\O_data_OBUF[156]_inst\ (OBUF)
/testbench_mnist_fcnn_fi/unit_under_test_inst/NeuronCombinator_1/\O_data_OBUF[62]_inst\ (OBUF)
/testbench_mnist_fcnn_fi/unit_under_test_inst/NeuronCombinator_1/\O_data_OBUF[151]_inst\ (OBUF)
/testbench_mnist_fcnn_fi/unit_under_test_inst/NeuronCombinator_1/\O_data_OBUF[56]_inst\ (OBUF)
/testbench_mnist_fcnn_fi/unit_under_test_inst/NeuronCombinator_1/\O_data_OBUF[9]_inst\ (OBUF)
/testbench_mnist_fcnn_fi/unit_under_test_inst/NeuronCombinator_1/\O_data_OBUF[145]_inst\ (OBUF)
/testbench_mnist_fcnn_fi/unit_under_test_inst/NeuronCombinator_1/\O_data_OBUF[51]_inst\ (OBUF)
/testbench_mnist_fcnn_fi/unit_under_test_inst/NeuronCombinator_1/\O_data_OBUF[4]_inst\ (OBUF)
/testbench_mnist_fcnn_fi/unit_under_test_inst/NeuronCombinator_1/\O_data_OBUF[139]_inst\ (OBUF)
/testbench_mnist_fcnn_fi/unit_under_test_inst/NeuronCombinator_1/\O_data_OBUF[140]_inst\ (OBUF)
/testbench_mnist_fcnn_fi/unit_under_test_inst/NeuronCombinator_1/\O_data_OBUF[45]_inst\ (OBUF)
/testbench_mnist_fcnn_fi/unit_under_test_inst/NeuronCombinator_1/\O_data_OBUF[134]_inst\ (OBUF)
/testbench_mnist_fcnn_fi/unit_under_test_inst/NeuronCombinator_1/\O_data_OBUF[39]_inst\ (OBUF)
/testbench_mnist_fcnn_fi/unit_under_test_inst/NeuronCombinator_1/\O_data_OBUF[40]_inst\ (OBUF)
/testbench_mnist_fcnn_fi/unit_under_test_inst/NeuronCombinator_1/\O_data_OBUF[128]_inst\ (OBUF)
/testbench_mnist_fcnn_fi/unit_under_test_inst/NeuronCombinator_1/\O_data_OBUF[34]_inst\ (OBUF)
/testbench_mnist_fcnn_fi/unit_under_test_inst/NeuronCombinator_1/\O_data_OBUF[123]_inst\ (OBUF)
/testbench_mnist_fcnn_fi/unit_under_test_inst/NeuronCombinator_1/\O_data_OBUF[28]_inst\ (OBUF)
/testbench_mnist_fcnn_fi/unit_under_test_inst/NeuronCombinator_1/\O_data_OBUF[117]_inst\ (OBUF)
/testbench_mnist_fcnn_fi/unit_under_test_inst/NeuronCombinator_1/\O_data_OBUF[23]_inst\ (OBUF)
/testbench_mnist_fcnn_fi/unit_under_test_inst/NeuronCombinator_1/\O_data_OBUF[112]_inst\ (OBUF)
/testbench_mnist_fcnn_fi/unit_under_test_inst/NeuronCombinator_1/\O_data_OBUF[17]_inst\ (OBUF)
/testbench_mnist_fcnn_fi/unit_under_test_inst/NeuronCombinator_1/\O_data_OBUF[106]_inst\ (OBUF)
/testbench_mnist_fcnn_fi/unit_under_test_inst/NeuronCombinator_1/\O_data_OBUF[12]_inst\ (OBUF)
/testbench_mnist_fcnn_fi/unit_under_test_inst/NeuronCombinator_1/\O_data_OBUF[101]_inst\ (OBUF)
/testbench_mnist_fcnn_fi/unit_under_test_inst/NeuronCombinator_1/\O_data_OBUF[99]_inst\ (OBUF)
/testbench_mnist_fcnn_fi/unit_under_test_inst/NeuronCombinator_1/\O_data_OBUF[94]_inst\ (OBUF)
/testbench_mnist_fcnn_fi/unit_under_test_inst/NeuronCombinator_1/\O_data_OBUF[88]_inst\ (OBUF)
/testbench_mnist_fcnn_fi/unit_under_test_inst/NeuronCombinator_1/\O_data_OBUF[83]_inst\ (OBUF)
/testbench_mnist_fcnn_fi/unit_under_test_inst/NeuronCombinator_1/\O_data_OBUF[77]_inst\ (OBUF)
/testbench_mnist_fcnn_fi/unit_under_test_inst/NeuronCombinator_1/\O_data_OBUF[72]_inst\ (OBUF)
/testbench_mnist_fcnn_fi/unit_under_test_inst/NeuronCombinator_1/\O_data_OBUF[66]_inst\ (OBUF)
/testbench_mnist_fcnn_fi/unit_under_test_inst/NeuronCombinator_1/\O_data_OBUF[155]_inst\ (OBUF)
/testbench_mnist_fcnn_fi/unit_under_test_inst/NeuronCombinator_1/\O_data_OBUF[61]_inst\ (OBUF)
/testbench_mnist_fcnn_fi/unit_under_test_inst/NeuronCombinator_1/\O_data_OBUF[149]_inst\ (OBUF)
/testbench_mnist_fcnn_fi/unit_under_test_inst/NeuronCombinator_1/\O_data_OBUF[150]_inst\ (OBUF)
/testbench_mnist_fcnn_fi/unit_under_test_inst/NeuronCombinator_1/\O_data_OBUF[55]_inst\ (OBUF)
/testbench_mnist_fcnn_fi/unit_under_test_inst/NeuronCombinator_1/\O_data_OBUF[8]_inst\ (OBUF)
/testbench_mnist_fcnn_fi/unit_under_test_inst/NeuronCombinator_1/\O_data_OBUF[144]_inst\ (OBUF)
/testbench_mnist_fcnn_fi/unit_under_test_inst/NeuronCombinator_1/\O_data_OBUF[49]_inst\ (OBUF)
/testbench_mnist_fcnn_fi/unit_under_test_inst/NeuronCombinator_1/\O_data_OBUF[50]_inst\ (OBUF)
/testbench_mnist_fcnn_fi/unit_under_test_inst/NeuronCombinator_1/\O_data_OBUF[3]_inst\ (OBUF)
/testbench_mnist_fcnn_fi/unit_under_test_inst/NeuronCombinator_1/\O_data_OBUF[138]_inst\ (OBUF)
/testbench_mnist_fcnn_fi/unit_under_test_inst/NeuronCombinator_1/\O_data_OBUF[44]_inst\ (OBUF)
/testbench_mnist_fcnn_fi/unit_under_test_inst/NeuronCombinator_1/\O_data_OBUF[133]_inst\ (OBUF)
/testbench_mnist_fcnn_fi/unit_under_test_inst/NeuronCombinator_1/\O_data_OBUF[38]_inst\ (OBUF)
/testbench_mnist_fcnn_fi/unit_under_test_inst/NeuronCombinator_1/\O_data_OBUF[127]_inst\ (OBUF)
/testbench_mnist_fcnn_fi/unit_under_test_inst/NeuronCombinator_1/\O_data_OBUF[33]_inst\ (OBUF)
/testbench_mnist_fcnn_fi/unit_under_test_inst/NeuronCombinator_1/\O_data_OBUF[122]_inst\ (OBUF)
/testbench_mnist_fcnn_fi/unit_under_test_inst/NeuronCombinator_1/\O_data_OBUF[27]_inst\ (OBUF)
/testbench_mnist_fcnn_fi/unit_under_test_inst/NeuronCombinator_1/\O_data_OBUF[116]_inst\ (OBUF)
/testbench_mnist_fcnn_fi/unit_under_test_inst/NeuronCombinator_1/\O_data_OBUF[22]_inst\ (OBUF)
/testbench_mnist_fcnn_fi/unit_under_test_inst/NeuronCombinator_1/\O_data_OBUF[111]_inst\ (OBUF)
/testbench_mnist_fcnn_fi/unit_under_test_inst/NeuronCombinator_1/\O_data_OBUF[16]_inst\ (OBUF)
/testbench_mnist_fcnn_fi/unit_under_test_inst/NeuronCombinator_1/\O_data_OBUF[105]_inst\ (OBUF)
/testbench_mnist_fcnn_fi/unit_under_test_inst/NeuronCombinator_1/\O_data_OBUF[11]_inst\ (OBUF)
/testbench_mnist_fcnn_fi/unit_under_test_inst/NeuronCombinator_1/\O_data_OBUF[100]_inst\ (OBUF)
/testbench_mnist_fcnn_fi/unit_under_test_inst/NeuronCombinator_1/\O_data_OBUF[98]_inst\ (OBUF)
/testbench_mnist_fcnn_fi/unit_under_test_inst/NeuronCombinator_1/\O_data_OBUF[93]_inst\ (OBUF)
/testbench_mnist_fcnn_fi/unit_under_test_inst/NeuronCombinator_1/\O_data_OBUF[87]_inst\ (OBUF)
/testbench_mnist_fcnn_fi/unit_under_test_inst/NeuronCombinator_1/\O_data_OBUF[82]_inst\ (OBUF)
/testbench_mnist_fcnn_fi/unit_under_test_inst/NeuronCombinator_1/\O_data_OBUF[76]_inst\ (OBUF)
/testbench_mnist_fcnn_fi/unit_under_test_inst/NeuronCombinator_1/\O_data_OBUF[71]_inst\ (OBUF)
/testbench_mnist_fcnn_fi/unit_under_test_inst/NeuronCombinator_1/\O_data_OBUF[159]_inst\ (OBUF)
/testbench_mnist_fcnn_fi/unit_under_test_inst/NeuronCombinator_1/\O_data_OBUF[65]_inst\ (OBUF)
/testbench_mnist_fcnn_fi/unit_under_test_inst/NeuronCombinator_1/\O_data_OBUF[154]_inst\ (OBUF)
/testbench_mnist_fcnn_fi/unit_under_test_inst/NeuronCombinator_1/\O_data_OBUF[59]_inst\ (OBUF)
/testbench_mnist_fcnn_fi/unit_under_test_inst/NeuronCombinator_1/\O_data_OBUF[60]_inst\ (OBUF)
/testbench_mnist_fcnn_fi/unit_under_test_inst/NeuronCombinator_1/\O_data_OBUF[148]_inst\ (OBUF)
/testbench_mnist_fcnn_fi/unit_under_test_inst/NeuronCombinator_1/\O_data_OBUF[54]_inst\ (OBUF)
/testbench_mnist_fcnn_fi/unit_under_test_inst/NeuronCombinator_1/\O_data_OBUF[7]_inst\ (OBUF)
/testbench_mnist_fcnn_fi/unit_under_test_inst/NeuronCombinator_1/\O_data_OBUF[143]_inst\ (OBUF)
/testbench_mnist_fcnn_fi/unit_under_test_inst/NeuronCombinator_1/\O_data_OBUF[48]_inst\ (OBUF)
/testbench_mnist_fcnn_fi/unit_under_test_inst/NeuronCombinator_1/\O_data_OBUF[2]_inst\ (OBUF)
/testbench_mnist_fcnn_fi/unit_under_test_inst/NeuronCombinator_1/\O_data_OBUF[137]_inst\ (OBUF)
/testbench_mnist_fcnn_fi/unit_under_test_inst/NeuronCombinator_1/\O_data_OBUF[43]_inst\ (OBUF)
/testbench_mnist_fcnn_fi/unit_under_test_inst/NeuronCombinator_1/\O_data_OBUF[132]_inst\ (OBUF)
/testbench_mnist_fcnn_fi/unit_under_test_inst/NeuronCombinator_1/\O_data_OBUF[37]_inst\ (OBUF)
/testbench_mnist_fcnn_fi/unit_under_test_inst/NeuronCombinator_1/\O_data_OBUF[126]_inst\ (OBUF)
/testbench_mnist_fcnn_fi/unit_under_test_inst/NeuronCombinator_1/\O_data_OBUF[32]_inst\ (OBUF)
/testbench_mnist_fcnn_fi/unit_under_test_inst/NeuronCombinator_1/\O_data_OBUF[121]_inst\ (OBUF)
/testbench_mnist_fcnn_fi/unit_under_test_inst/NeuronCombinator_1/\O_data_OBUF[26]_inst\ (OBUF)
/testbench_mnist_fcnn_fi/unit_under_test_inst/NeuronCombinator_1/\O_data_OBUF[115]_inst\ (OBUF)
/testbench_mnist_fcnn_fi/unit_under_test_inst/NeuronCombinator_1/\O_data_OBUF[21]_inst\ (OBUF)
/testbench_mnist_fcnn_fi/unit_under_test_inst/NeuronCombinator_1/\O_data_OBUF[109]_inst\ (OBUF)
/testbench_mnist_fcnn_fi/unit_under_test_inst/NeuronCombinator_1/\O_data_OBUF[110]_inst\ (OBUF)
/testbench_mnist_fcnn_fi/unit_under_test_inst/NeuronCombinator_1/\O_data_OBUF[15]_inst\ (OBUF)
/testbench_mnist_fcnn_fi/unit_under_test_inst/NeuronCombinator_1/\O_data_OBUF[104]_inst\ (OBUF)
/testbench_mnist_fcnn_fi/unit_under_test_inst/NeuronCombinator_1/\O_data_OBUF[10]_inst\ (OBUF)
/testbench_mnist_fcnn_fi/unit_under_test_inst/NeuronCombinator_1/\O_data_OBUF[97]_inst\ (OBUF)
/testbench_mnist_fcnn_fi/unit_under_test_inst/NeuronCombinator_1/\O_data_OBUF[92]_inst\ (OBUF)
/testbench_mnist_fcnn_fi/unit_under_test_inst/NeuronCombinator_1/\O_data_OBUF[86]_inst\ (OBUF)
/testbench_mnist_fcnn_fi/unit_under_test_inst/NeuronCombinator_1/\O_data_OBUF[81]_inst\ (OBUF)
/testbench_mnist_fcnn_fi/unit_under_test_inst/NeuronCombinator_1/\O_data_OBUF[75]_inst\ (OBUF)
/testbench_mnist_fcnn_fi/unit_under_test_inst/NeuronCombinator_1/\O_data_OBUF[69]_inst\ (OBUF)
/testbench_mnist_fcnn_fi/unit_under_test_inst/NeuronCombinator_1/\O_data_OBUF[70]_inst\ (OBUF)
/testbench_mnist_fcnn_fi/unit_under_test_inst/NeuronCombinator_1/\O_data_OBUF[158]_inst\ (OBUF)
/testbench_mnist_fcnn_fi/unit_under_test_inst/NeuronCombinator_1/\O_data_OBUF[64]_inst\ (OBUF)
/testbench_mnist_fcnn_fi/unit_under_test_inst/NeuronCombinator_1/\O_data_OBUF[153]_inst\ (OBUF)
/testbench_mnist_fcnn_fi/unit_under_test_inst/NeuronCombinator_1/\O_data_OBUF[58]_inst\ (OBUF)
/testbench_mnist_fcnn_fi/unit_under_test_inst/NeuronCombinator_1/\O_data_OBUF[147]_inst\ (OBUF)
/testbench_mnist_fcnn_fi/unit_under_test_inst/NeuronCombinator_1/\O_data_OBUF[53]_inst\ (OBUF)
/testbench_mnist_fcnn_fi/unit_under_test_inst/NeuronCombinator_1/\O_data_OBUF[6]_inst\ (OBUF)
/testbench_mnist_fcnn_fi/unit_under_test_inst/NeuronCombinator_1/\O_data_OBUF[142]_inst\ (OBUF)
/testbench_mnist_fcnn_fi/unit_under_test_inst/NeuronCombinator_1/\O_data_OBUF[47]_inst\ (OBUF)
/testbench_mnist_fcnn_fi/unit_under_test_inst/NeuronCombinator_1/\O_data_OBUF[1]_inst\ (OBUF)
/testbench_mnist_fcnn_fi/unit_under_test_inst/NeuronCombinator_1/\O_data_OBUF[136]_inst\ (OBUF)
/testbench_mnist_fcnn_fi/unit_under_test_inst/NeuronCombinator_1/\O_data_OBUF[42]_inst\ (OBUF)
/testbench_mnist_fcnn_fi/unit_under_test_inst/NeuronCombinator_1/\O_data_OBUF[131]_inst\ (OBUF)
/testbench_mnist_fcnn_fi/unit_under_test_inst/NeuronCombinator_1/\O_data_OBUF[36]_inst\ (OBUF)
/testbench_mnist_fcnn_fi/unit_under_test_inst/NeuronCombinator_1/\O_data_OBUF[125]_inst\ (OBUF)
/testbench_mnist_fcnn_fi/unit_under_test_inst/NeuronCombinator_1/\O_data_OBUF[31]_inst\ (OBUF)
/testbench_mnist_fcnn_fi/unit_under_test_inst/NeuronCombinator_1/\O_data_OBUF[119]_inst\ (OBUF)
/testbench_mnist_fcnn_fi/unit_under_test_inst/NeuronCombinator_1/\O_data_OBUF[120]_inst\ (OBUF)
/testbench_mnist_fcnn_fi/unit_under_test_inst/NeuronCombinator_1/\O_data_OBUF[25]_inst\ (OBUF)
/testbench_mnist_fcnn_fi/unit_under_test_inst/NeuronCombinator_1/\O_data_OBUF[114]_inst\ (OBUF)
/testbench_mnist_fcnn_fi/unit_under_test_inst/NeuronCombinator_1/\O_data_OBUF[19]_inst\ (OBUF)
/testbench_mnist_fcnn_fi/unit_under_test_inst/NeuronCombinator_1/\O_data_OBUF[20]_inst\ (OBUF)
/testbench_mnist_fcnn_fi/unit_under_test_inst/NeuronCombinator_1/\O_data_OBUF[108]_inst\ (OBUF)
/testbench_mnist_fcnn_fi/unit_under_test_inst/NeuronCombinator_1/\O_data_OBUF[14]_inst\ (OBUF)
/testbench_mnist_fcnn_fi/unit_under_test_inst/NeuronCombinator_1/\O_data_OBUF[103]_inst\ (OBUF)
/testbench_mnist_fcnn_fi/unit_under_test_inst/NeuronCombinator_1/\O_data_OBUF[96]_inst\ (OBUF)
/testbench_mnist_fcnn_fi/unit_under_test_inst/NeuronCombinator_1/\O_data_OBUF[91]_inst\ (OBUF)
/testbench_mnist_fcnn_fi/unit_under_test_inst/NeuronCombinator_1/\O_data_OBUF[85]_inst\ (OBUF)
/testbench_mnist_fcnn_fi/unit_under_test_inst/NeuronCombinator_1/\O_data_OBUF[79]_inst\ (OBUF)
/testbench_mnist_fcnn_fi/unit_under_test_inst/NeuronCombinator_1/\O_data_OBUF[80]_inst\ (OBUF)
/testbench_mnist_fcnn_fi/unit_under_test_inst/NeuronCombinator_1/\O_data_OBUF[74]_inst\ (OBUF)
/testbench_mnist_fcnn_fi/unit_under_test_inst/NeuronCombinator_1/\O_data_OBUF[68]_inst\ (OBUF)
/testbench_mnist_fcnn_fi/unit_under_test_inst/NeuronCombinator_1/\O_data_OBUF[157]_inst\ (OBUF)
/testbench_mnist_fcnn_fi/unit_under_test_inst/NeuronCombinator_1/\O_data_OBUF[63]_inst\ (OBUF)
/testbench_mnist_fcnn_fi/unit_under_test_inst/NeuronCombinator_1/\O_data_OBUF[152]_inst\ (OBUF)
/testbench_mnist_fcnn_fi/unit_under_test_inst/NeuronCombinator_1/\O_data_OBUF[57]_inst\ (OBUF)
/testbench_mnist_fcnn_fi/unit_under_test_inst/NeuronCombinator_1/\O_data_OBUF[146]_inst\ (OBUF)
/testbench_mnist_fcnn_fi/unit_under_test_inst/NeuronCombinator_1/\O_data_OBUF[52]_inst\ (OBUF)
/testbench_mnist_fcnn_fi/unit_under_test_inst/NeuronCombinator_1/\O_data_OBUF[5]_inst\ (OBUF)
/testbench_mnist_fcnn_fi/unit_under_test_inst/NeuronCombinator_1/\O_data_OBUF[141]_inst\ (OBUF)
/testbench_mnist_fcnn_fi/unit_under_test_inst/NeuronCombinator_1/\O_data_OBUF[46]_inst\ (OBUF)
/testbench_mnist_fcnn_fi/unit_under_test_inst/NeuronCombinator_1/\O_data_OBUF[0]_inst\ (OBUF)
/testbench_mnist_fcnn_fi/unit_under_test_inst/NeuronCombinator_1/\O_data_OBUF[135]_inst\ (OBUF)
/testbench_mnist_fcnn_fi/unit_under_test_inst/NeuronCombinator_1/\O_data_OBUF[41]_inst\ (OBUF)
/testbench_mnist_fcnn_fi/unit_under_test_inst/NeuronCombinator_1/\O_data_OBUF[129]_inst\ (OBUF)
/testbench_mnist_fcnn_fi/unit_under_test_inst/NeuronCombinator_1/\O_data_OBUF[130]_inst\ (OBUF)
/testbench_mnist_fcnn_fi/unit_under_test_inst/NeuronCombinator_1/\O_data_OBUF[35]_inst\ (OBUF)
/testbench_mnist_fcnn_fi/unit_under_test_inst/NeuronCombinator_1/\O_data_OBUF[124]_inst\ (OBUF)
/testbench_mnist_fcnn_fi/unit_under_test_inst/NeuronCombinator_1/\O_data_OBUF[29]_inst\ (OBUF)
/testbench_mnist_fcnn_fi/unit_under_test_inst/NeuronCombinator_1/\O_data_OBUF[30]_inst\ (OBUF)
/testbench_mnist_fcnn_fi/unit_under_test_inst/NeuronCombinator_1/\O_data_OBUF[118]_inst\ (OBUF)
/testbench_mnist_fcnn_fi/unit_under_test_inst/NeuronCombinator_1/\O_data_OBUF[24]_inst\ (OBUF)
/testbench_mnist_fcnn_fi/unit_under_test_inst/NeuronCombinator_1/\O_data_OBUF[113]_inst\ (OBUF)
/testbench_mnist_fcnn_fi/unit_under_test_inst/NeuronCombinator_1/\O_data_OBUF[18]_inst\ (OBUF)
/testbench_mnist_fcnn_fi/unit_under_test_inst/NeuronCombinator_1/\O_data_OBUF[107]_inst\ (OBUF)
/testbench_mnist_fcnn_fi/unit_under_test_inst/NeuronCombinator_1/\O_data_OBUF[13]_inst\ (OBUF)
/testbench_mnist_fcnn_fi/unit_under_test_inst/NeuronCombinator_1/\O_data_OBUF[102]_inst\ (OBUF)


